[0.029s] Invoking command in '/home/sanjay/ros2_task/build/custom_interface': CMAKE_PREFIX_PATH=${CMAKE_PREFIX_PATH}:/home/sanjay/ros2_task/src/install/task_pkg:/home/sanjay/ros2_task/install/task_pkg:/home/sanjay/ros2_task/install/draw_poly:/opt/ros/humble /usr/bin/cmake --build /home/sanjay/ros2_task/build/custom_interface -- -j12 -l12
[0.463s] [  3%] Built target custom_interface__cpp
[0.464s] [ 12%] Built target custom_interface__rosidl_generator_c
[0.465s] [ 12%] Built target ament_cmake_python_copy_custom_interface
[0.466s] [ 22%] Built target custom_interface__rosidl_typesupport_introspection_cpp
[0.466s] [ 32%] Built target custom_interface__rosidl_typesupport_cpp
[0.466s] [ 41%] Built target custom_interface__rosidl_typesupport_introspection_c
[0.466s] [ 51%] Built target custom_interface__rosidl_typesupport_fastrtps_cpp
[0.466s] [ 61%] Built target custom_interface__rosidl_typesupport_c
[0.466s] [ 70%] Built target custom_interface__rosidl_typesupport_fastrtps_c
[0.466s] [ 70%] Built target custom_interface
[0.467s] [ 74%] Built target custom_interface__py
[0.467s] [ 80%] Built target custom_interface__rosidl_generator_py
[0.467s] [ 87%] Built target custom_interface__rosidl_typesupport_introspection_c__pyext
[0.467s] [ 93%] Built target custom_interface__rosidl_typesupport_fastrtps_c__pyext
[0.467s] [100%] Built target custom_interface__rosidl_typesupport_c__pyext
[0.505s] running egg_info
[0.506s] writing custom_interface.egg-info/PKG-INFO
[0.507s] writing dependency_links to custom_interface.egg-info/dependency_links.txt
[0.507s] writing top-level names to custom_interface.egg-info/top_level.txt
[0.510s] reading manifest file 'custom_interface.egg-info/SOURCES.txt'
[0.511s] writing manifest file 'custom_interface.egg-info/SOURCES.txt'
[0.556s] [100%] Built target ament_cmake_python_build_custom_interface_egg
[0.821s] Invoked command in '/home/sanjay/ros2_task/build/custom_interface' returned '0': CMAKE_PREFIX_PATH=${CMAKE_PREFIX_PATH}:/home/sanjay/ros2_task/src/install/task_pkg:/home/sanjay/ros2_task/install/task_pkg:/home/sanjay/ros2_task/install/draw_poly:/opt/ros/humble /usr/bin/cmake --build /home/sanjay/ros2_task/build/custom_interface -- -j12 -l12
[0.838s] Invoking command in '/home/sanjay/ros2_task/build/custom_interface': CMAKE_PREFIX_PATH=${CMAKE_PREFIX_PATH}:/home/sanjay/ros2_task/src/install/task_pkg:/home/sanjay/ros2_task/install/task_pkg:/home/sanjay/ros2_task/install/draw_poly:/opt/ros/humble /usr/bin/cmake --install /home/sanjay/ros2_task/build/custom_interface
[0.851s] -- Install configuration: ""
[0.852s] -- Up-to-date: /home/sanjay/ros2_task/install/custom_interface/share/ament_index/resource_index/rosidl_interfaces/custom_interface
[0.852s] -- Up-to-date: /home/sanjay/ros2_task/install/custom_interface/include/custom_interface/custom_interface
[0.852s] -- Up-to-date: /home/sanjay/ros2_task/install/custom_interface/include/custom_interface/custom_interface/srv
[0.852s] -- Up-to-date: /home/sanjay/ros2_task/install/custom_interface/include/custom_interface/custom_interface/srv/detail
[0.853s] -- Up-to-date: /home/sanjay/ros2_task/install/custom_interface/include/custom_interface/custom_interface/srv/detail/drawpoly__struct.h
[0.853s] -- Up-to-date: /home/sanjay/ros2_task/install/custom_interface/include/custom_interface/custom_interface/srv/detail/drawpoly__functions.c
[0.853s] -- Up-to-date: /home/sanjay/ros2_task/install/custom_interface/include/custom_interface/custom_interface/srv/detail/drawpoly__functions.h
[0.853s] -- Up-to-date: /home/sanjay/ros2_task/install/custom_interface/include/custom_interface/custom_interface/srv/detail/drawpoly__type_support.h
[0.853s] -- Up-to-date: /home/sanjay/ros2_task/install/custom_interface/include/custom_interface/custom_interface/srv/drawpoly.h
[0.853s] -- Up-to-date: /home/sanjay/ros2_task/install/custom_interface/include/custom_interface/custom_interface/msg
[0.853s] -- Up-to-date: /home/sanjay/ros2_task/install/custom_interface/include/custom_interface/custom_interface/msg/rosidl_generator_c__visibility_control.h
[0.854s] -- Up-to-date: /home/sanjay/ros2_task/install/custom_interface/share/custom_interface/environment/library_path.sh
[0.854s] -- Up-to-date: /home/sanjay/ros2_task/install/custom_interface/share/custom_interface/environment/library_path.dsv
[0.854s] -- Up-to-date: /home/sanjay/ros2_task/install/custom_interface/lib/libcustom_interface__rosidl_generator_c.so
[0.854s] -- Up-to-date: /home/sanjay/ros2_task/install/custom_interface/include/custom_interface/custom_interface
[0.854s] -- Up-to-date: /home/sanjay/ros2_task/install/custom_interface/include/custom_interface/custom_interface/srv
[0.854s] -- Up-to-date: /home/sanjay/ros2_task/install/custom_interface/include/custom_interface/custom_interface/srv/detail
[0.855s] -- Up-to-date: /home/sanjay/ros2_task/install/custom_interface/include/custom_interface/custom_interface/srv/detail/drawpoly__rosidl_typesupport_fastrtps_c.h
[0.855s] -- Up-to-date: /home/sanjay/ros2_task/install/custom_interface/include/custom_interface/custom_interface/msg
[0.855s] -- Up-to-date: /home/sanjay/ros2_task/install/custom_interface/include/custom_interface/custom_interface/msg/rosidl_typesupport_fastrtps_c__visibility_control.h
[0.855s] -- Up-to-date: /home/sanjay/ros2_task/install/custom_interface/lib/libcustom_interface__rosidl_typesupport_fastrtps_c.so
[0.855s] -- Up-to-date: /home/sanjay/ros2_task/install/custom_interface/include/custom_interface/custom_interface
[0.855s] -- Up-to-date: /home/sanjay/ros2_task/install/custom_interface/include/custom_interface/custom_interface/srv
[0.856s] -- Up-to-date: /home/sanjay/ros2_task/install/custom_interface/include/custom_interface/custom_interface/srv/detail
[0.856s] -- Up-to-date: /home/sanjay/ros2_task/install/custom_interface/include/custom_interface/custom_interface/srv/detail/drawpoly__rosidl_typesupport_introspection_c.h
[0.856s] -- Up-to-date: /home/sanjay/ros2_task/install/custom_interface/include/custom_interface/custom_interface/srv/detail/drawpoly__type_support.c
[0.856s] -- Up-to-date: /home/sanjay/ros2_task/install/custom_interface/include/custom_interface/custom_interface/msg
[0.856s] -- Up-to-date: /home/sanjay/ros2_task/install/custom_interface/include/custom_interface/custom_interface/msg/rosidl_typesupport_introspection_c__visibility_control.h
[0.856s] -- Up-to-date: /home/sanjay/ros2_task/install/custom_interface/lib/libcustom_interface__rosidl_typesupport_introspection_c.so
[0.856s] -- Up-to-date: /home/sanjay/ros2_task/install/custom_interface/lib/libcustom_interface__rosidl_typesupport_c.so
[0.857s] -- Up-to-date: /home/sanjay/ros2_task/install/custom_interface/include/custom_interface/custom_interface
[0.857s] -- Up-to-date: /home/sanjay/ros2_task/install/custom_interface/include/custom_interface/custom_interface/srv
[0.857s] -- Up-to-date: /home/sanjay/ros2_task/install/custom_interface/include/custom_interface/custom_interface/srv/drawpoly.hpp
[0.857s] -- Up-to-date: /home/sanjay/ros2_task/install/custom_interface/include/custom_interface/custom_interface/srv/detail
[0.857s] -- Up-to-date: /home/sanjay/ros2_task/install/custom_interface/include/custom_interface/custom_interface/srv/detail/drawpoly__traits.hpp
[0.857s] -- Up-to-date: /home/sanjay/ros2_task/install/custom_interface/include/custom_interface/custom_interface/srv/detail/drawpoly__struct.hpp
[0.858s] -- Up-to-date: /home/sanjay/ros2_task/install/custom_interface/include/custom_interface/custom_interface/srv/detail/drawpoly__builder.hpp
[0.858s] -- Up-to-date: /home/sanjay/ros2_task/install/custom_interface/include/custom_interface/custom_interface/srv/detail/drawpoly__type_support.hpp
[0.858s] -- Up-to-date: /home/sanjay/ros2_task/install/custom_interface/include/custom_interface/custom_interface/msg
[0.858s] -- Up-to-date: /home/sanjay/ros2_task/install/custom_interface/include/custom_interface/custom_interface/msg/rosidl_generator_cpp__visibility_control.hpp
[0.858s] -- Up-to-date: /home/sanjay/ros2_task/install/custom_interface/include/custom_interface/custom_interface
[0.858s] -- Up-to-date: /home/sanjay/ros2_task/install/custom_interface/include/custom_interface/custom_interface/srv
[0.858s] -- Up-to-date: /home/sanjay/ros2_task/install/custom_interface/include/custom_interface/custom_interface/srv/detail
[0.858s] -- Up-to-date: /home/sanjay/ros2_task/install/custom_interface/include/custom_interface/custom_interface/srv/detail/dds_fastrtps
[0.858s] -- Up-to-date: /home/sanjay/ros2_task/install/custom_interface/include/custom_interface/custom_interface/srv/detail/drawpoly__rosidl_typesupport_fastrtps_cpp.hpp
[0.858s] -- Up-to-date: /home/sanjay/ros2_task/install/custom_interface/include/custom_interface/custom_interface/msg
[0.858s] -- Up-to-date: /home/sanjay/ros2_task/install/custom_interface/include/custom_interface/custom_interface/msg/rosidl_typesupport_fastrtps_cpp__visibility_control.h
[0.858s] -- Up-to-date: /home/sanjay/ros2_task/install/custom_interface/lib/libcustom_interface__rosidl_typesupport_fastrtps_cpp.so
[0.858s] -- Up-to-date: /home/sanjay/ros2_task/install/custom_interface/include/custom_interface/custom_interface
[0.859s] -- Up-to-date: /home/sanjay/ros2_task/install/custom_interface/include/custom_interface/custom_interface/srv
[0.859s] -- Up-to-date: /home/sanjay/ros2_task/install/custom_interface/include/custom_interface/custom_interface/srv/detail
[0.859s] -- Up-to-date: /home/sanjay/ros2_task/install/custom_interface/include/custom_interface/custom_interface/srv/detail/drawpoly__type_support.cpp
[0.859s] -- Up-to-date: /home/sanjay/ros2_task/install/custom_interface/include/custom_interface/custom_interface/srv/detail/drawpoly__rosidl_typesupport_introspection_cpp.hpp
[0.859s] -- Up-to-date: /home/sanjay/ros2_task/install/custom_interface/lib/libcustom_interface__rosidl_typesupport_introspection_cpp.so
[0.859s] -- Up-to-date: /home/sanjay/ros2_task/install/custom_interface/lib/libcustom_interface__rosidl_typesupport_cpp.so
[0.859s] -- Up-to-date: /home/sanjay/ros2_task/install/custom_interface/share/custom_interface/environment/pythonpath.sh
[0.859s] -- Up-to-date: /home/sanjay/ros2_task/install/custom_interface/share/custom_interface/environment/pythonpath.dsv
[0.859s] -- Up-to-date: /home/sanjay/ros2_task/install/custom_interface/local/lib/python3.10/dist-packages/custom_interface-0.0.0-py3.10.egg-info
[0.859s] -- Installing: /home/sanjay/ros2_task/install/custom_interface/local/lib/python3.10/dist-packages/custom_interface-0.0.0-py3.10.egg-info/SOURCES.txt
[0.859s] -- Installing: /home/sanjay/ros2_task/install/custom_interface/local/lib/python3.10/dist-packages/custom_interface-0.0.0-py3.10.egg-info/dependency_links.txt
[0.859s] -- Installing: /home/sanjay/ros2_task/install/custom_interface/local/lib/python3.10/dist-packages/custom_interface-0.0.0-py3.10.egg-info/PKG-INFO
[0.859s] -- Installing: /home/sanjay/ros2_task/install/custom_interface/local/lib/python3.10/dist-packages/custom_interface-0.0.0-py3.10.egg-info/top_level.txt
[0.859s] -- Up-to-date: /home/sanjay/ros2_task/install/custom_interface/local/lib/python3.10/dist-packages/custom_interface
[0.860s] -- Up-to-date: /home/sanjay/ros2_task/install/custom_interface/local/lib/python3.10/dist-packages/custom_interface/custom_interface_s__rosidl_typesupport_introspection_c.cpython-310-x86_64-linux-gnu.so
[0.860s] -- Up-to-date: /home/sanjay/ros2_task/install/custom_interface/local/lib/python3.10/dist-packages/custom_interface/_custom_interface_s.ep.rosidl_typesupport_fastrtps_c.c
[0.860s] -- Up-to-date: /home/sanjay/ros2_task/install/custom_interface/local/lib/python3.10/dist-packages/custom_interface/srv
[0.860s] -- Up-to-date: /home/sanjay/ros2_task/install/custom_interface/local/lib/python3.10/dist-packages/custom_interface/srv/_drawpoly.py
[0.860s] -- Up-to-date: /home/sanjay/ros2_task/install/custom_interface/local/lib/python3.10/dist-packages/custom_interface/srv/_drawpoly_s.c
[0.860s] -- Up-to-date: /home/sanjay/ros2_task/install/custom_interface/local/lib/python3.10/dist-packages/custom_interface/srv/__init__.py
[0.860s] -- Up-to-date: /home/sanjay/ros2_task/install/custom_interface/local/lib/python3.10/dist-packages/custom_interface/custom_interface_s__rosidl_typesupport_c.cpython-310-x86_64-linux-gnu.so
[0.860s] -- Up-to-date: /home/sanjay/ros2_task/install/custom_interface/local/lib/python3.10/dist-packages/custom_interface/_custom_interface_s.ep.rosidl_typesupport_c.c
[0.860s] -- Up-to-date: /home/sanjay/ros2_task/install/custom_interface/local/lib/python3.10/dist-packages/custom_interface/custom_interface_s__rosidl_typesupport_fastrtps_c.cpython-310-x86_64-linux-gnu.so
[0.860s] -- Up-to-date: /home/sanjay/ros2_task/install/custom_interface/local/lib/python3.10/dist-packages/custom_interface/_custom_interface_s.ep.rosidl_typesupport_introspection_c.c
[0.860s] -- Up-to-date: /home/sanjay/ros2_task/install/custom_interface/local/lib/python3.10/dist-packages/custom_interface/libcustom_interface__rosidl_generator_py.so
[0.860s] -- Up-to-date: /home/sanjay/ros2_task/install/custom_interface/local/lib/python3.10/dist-packages/custom_interface/__init__.py
[0.913s] Listing '/home/sanjay/ros2_task/install/custom_interface/local/lib/python3.10/dist-packages/custom_interface'...
[0.914s] Listing '/home/sanjay/ros2_task/install/custom_interface/local/lib/python3.10/dist-packages/custom_interface/srv'...
[0.921s] -- Up-to-date: /home/sanjay/ros2_task/install/custom_interface/local/lib/python3.10/dist-packages/custom_interface/custom_interface_s__rosidl_typesupport_fastrtps_c.cpython-310-x86_64-linux-gnu.so
[0.922s] -- Up-to-date: /home/sanjay/ros2_task/install/custom_interface/local/lib/python3.10/dist-packages/custom_interface/custom_interface_s__rosidl_typesupport_introspection_c.cpython-310-x86_64-linux-gnu.so
[0.922s] -- Up-to-date: /home/sanjay/ros2_task/install/custom_interface/local/lib/python3.10/dist-packages/custom_interface/custom_interface_s__rosidl_typesupport_c.cpython-310-x86_64-linux-gnu.so
[0.923s] -- Up-to-date: /home/sanjay/ros2_task/install/custom_interface/lib/libcustom_interface__rosidl_generator_py.so
[0.923s] -- Up-to-date: /home/sanjay/ros2_task/install/custom_interface/share/custom_interface/srv/Drawpoly.idl
[0.923s] -- Up-to-date: /home/sanjay/ros2_task/install/custom_interface/share/custom_interface/srv/Drawpoly.srv
[0.923s] -- Up-to-date: /home/sanjay/ros2_task/install/custom_interface/share/custom_interface/srv/Drawpoly_Request.msg
[0.924s] -- Up-to-date: /home/sanjay/ros2_task/install/custom_interface/share/custom_interface/srv/Drawpoly_Response.msg
[0.924s] -- Up-to-date: /home/sanjay/ros2_task/install/custom_interface/share/ament_index/resource_index/package_run_dependencies/custom_interface
[0.924s] -- Up-to-date: /home/sanjay/ros2_task/install/custom_interface/share/ament_index/resource_index/parent_prefix_path/custom_interface
[0.924s] -- Up-to-date: /home/sanjay/ros2_task/install/custom_interface/share/custom_interface/environment/ament_prefix_path.sh
[0.924s] -- Up-to-date: /home/sanjay/ros2_task/install/custom_interface/share/custom_interface/environment/ament_prefix_path.dsv
[0.924s] -- Up-to-date: /home/sanjay/ros2_task/install/custom_interface/share/custom_interface/environment/path.sh
[0.925s] -- Up-to-date: /home/sanjay/ros2_task/install/custom_interface/share/custom_interface/environment/path.dsv
[0.925s] -- Up-to-date: /home/sanjay/ros2_task/install/custom_interface/share/custom_interface/local_setup.bash
[0.925s] -- Up-to-date: /home/sanjay/ros2_task/install/custom_interface/share/custom_interface/local_setup.sh
[0.925s] -- Up-to-date: /home/sanjay/ros2_task/install/custom_interface/share/custom_interface/local_setup.zsh
[0.925s] -- Up-to-date: /home/sanjay/ros2_task/install/custom_interface/share/custom_interface/local_setup.dsv
[0.925s] -- Installing: /home/sanjay/ros2_task/install/custom_interface/share/custom_interface/package.dsv
[0.925s] -- Up-to-date: /home/sanjay/ros2_task/install/custom_interface/share/ament_index/resource_index/packages/custom_interface
[0.926s] -- Up-to-date: /home/sanjay/ros2_task/install/custom_interface/share/custom_interface/cmake/export_custom_interface__rosidl_generator_cExport.cmake
[0.926s] -- Up-to-date: /home/sanjay/ros2_task/install/custom_interface/share/custom_interface/cmake/export_custom_interface__rosidl_generator_cExport-noconfig.cmake
[0.926s] -- Up-to-date: /home/sanjay/ros2_task/install/custom_interface/share/custom_interface/cmake/export_custom_interface__rosidl_typesupport_fastrtps_cExport.cmake
[0.926s] -- Up-to-date: /home/sanjay/ros2_task/install/custom_interface/share/custom_interface/cmake/export_custom_interface__rosidl_typesupport_fastrtps_cExport-noconfig.cmake
[0.926s] -- Up-to-date: /home/sanjay/ros2_task/install/custom_interface/share/custom_interface/cmake/custom_interface__rosidl_typesupport_introspection_cExport.cmake
[0.926s] -- Up-to-date: /home/sanjay/ros2_task/install/custom_interface/share/custom_interface/cmake/custom_interface__rosidl_typesupport_introspection_cExport-noconfig.cmake
[0.926s] -- Up-to-date: /home/sanjay/ros2_task/install/custom_interface/share/custom_interface/cmake/custom_interface__rosidl_typesupport_cExport.cmake
[0.927s] -- Up-to-date: /home/sanjay/ros2_task/install/custom_interface/share/custom_interface/cmake/custom_interface__rosidl_typesupport_cExport-noconfig.cmake
[0.927s] -- Up-to-date: /home/sanjay/ros2_task/install/custom_interface/share/custom_interface/cmake/export_custom_interface__rosidl_generator_cppExport.cmake
[0.927s] -- Up-to-date: /home/sanjay/ros2_task/install/custom_interface/share/custom_interface/cmake/export_custom_interface__rosidl_typesupport_fastrtps_cppExport.cmake
[0.927s] -- Up-to-date: /home/sanjay/ros2_task/install/custom_interface/share/custom_interface/cmake/export_custom_interface__rosidl_typesupport_fastrtps_cppExport-noconfig.cmake
[0.927s] -- Up-to-date: /home/sanjay/ros2_task/install/custom_interface/share/custom_interface/cmake/custom_interface__rosidl_typesupport_introspection_cppExport.cmake
[0.927s] -- Up-to-date: /home/sanjay/ros2_task/install/custom_interface/share/custom_interface/cmake/custom_interface__rosidl_typesupport_introspection_cppExport-noconfig.cmake
[0.927s] -- Up-to-date: /home/sanjay/ros2_task/install/custom_interface/share/custom_interface/cmake/custom_interface__rosidl_typesupport_cppExport.cmake
[0.927s] -- Up-to-date: /home/sanjay/ros2_task/install/custom_interface/share/custom_interface/cmake/custom_interface__rosidl_typesupport_cppExport-noconfig.cmake
[0.928s] -- Up-to-date: /home/sanjay/ros2_task/install/custom_interface/share/custom_interface/cmake/export_custom_interface__rosidl_generator_pyExport.cmake
[0.928s] -- Up-to-date: /home/sanjay/ros2_task/install/custom_interface/share/custom_interface/cmake/export_custom_interface__rosidl_generator_pyExport-noconfig.cmake
[0.928s] -- Up-to-date: /home/sanjay/ros2_task/install/custom_interface/share/custom_interface/cmake/rosidl_cmake-extras.cmake
[0.928s] -- Up-to-date: /home/sanjay/ros2_task/install/custom_interface/share/custom_interface/cmake/ament_cmake_export_include_directories-extras.cmake
[0.928s] -- Up-to-date: /home/sanjay/ros2_task/install/custom_interface/share/custom_interface/cmake/ament_cmake_export_libraries-extras.cmake
[0.929s] -- Up-to-date: /home/sanjay/ros2_task/install/custom_interface/share/custom_interface/cmake/ament_cmake_export_targets-extras.cmake
[0.929s] -- Up-to-date: /home/sanjay/ros2_task/install/custom_interface/share/custom_interface/cmake/rosidl_cmake_export_typesupport_targets-extras.cmake
[0.929s] -- Up-to-date: /home/sanjay/ros2_task/install/custom_interface/share/custom_interface/cmake/ament_cmake_export_dependencies-extras.cmake
[0.929s] -- Up-to-date: /home/sanjay/ros2_task/install/custom_interface/share/custom_interface/cmake/rosidl_cmake_export_typesupport_libraries-extras.cmake
[0.929s] -- Up-to-date: /home/sanjay/ros2_task/install/custom_interface/share/custom_interface/cmake/custom_interfaceConfig.cmake
[0.930s] -- Up-to-date: /home/sanjay/ros2_task/install/custom_interface/share/custom_interface/cmake/custom_interfaceConfig-version.cmake
[0.931s] -- Up-to-date: /home/sanjay/ros2_task/install/custom_interface/share/custom_interface/package.xml
[0.932s] Invoked command in '/home/sanjay/ros2_task/build/custom_interface' returned '0': CMAKE_PREFIX_PATH=${CMAKE_PREFIX_PATH}:/home/sanjay/ros2_task/src/install/task_pkg:/home/sanjay/ros2_task/install/task_pkg:/home/sanjay/ros2_task/install/draw_poly:/opt/ros/humble /usr/bin/cmake --install /home/sanjay/ros2_task/build/custom_interface
