/home/sanjay/ros2_task/src/install/task_pkg/lib/python3.10/site-packages/task_pkg/sub.py
/home/sanjay/ros2_task/src/install/task_pkg/lib/python3.10/site-packages/task_pkg/pub.py
/home/sanjay/ros2_task/src/install/task_pkg/lib/python3.10/site-packages/task_pkg/controller.py
/home/sanjay/ros2_task/src/install/task_pkg/lib/python3.10/site-packages/task_pkg/goal.py
/home/sanjay/ros2_task/src/install/task_pkg/lib/python3.10/site-packages/task_pkg/Drawcircle.py
/home/sanjay/ros2_task/src/install/task_pkg/lib/python3.10/site-packages/task_pkg/drawd.py
/home/sanjay/ros2_task/src/install/task_pkg/lib/python3.10/site-packages/task_pkg/drawpoly.py
/home/sanjay/ros2_task/src/install/task_pkg/lib/python3.10/site-packages/task_pkg/__init__.py
/home/sanjay/ros2_task/src/install/task_pkg/lib/python3.10/site-packages/task_pkg/__pycache__/sub.cpython-310.pyc
/home/sanjay/ros2_task/src/install/task_pkg/lib/python3.10/site-packages/task_pkg/__pycache__/pub.cpython-310.pyc
/home/sanjay/ros2_task/src/install/task_pkg/lib/python3.10/site-packages/task_pkg/__pycache__/controller.cpython-310.pyc
/home/sanjay/ros2_task/src/install/task_pkg/lib/python3.10/site-packages/task_pkg/__pycache__/goal.cpython-310.pyc
/home/sanjay/ros2_task/src/install/task_pkg/lib/python3.10/site-packages/task_pkg/__pycache__/Drawcircle.cpython-310.pyc
/home/sanjay/ros2_task/src/install/task_pkg/lib/python3.10/site-packages/task_pkg/__pycache__/drawd.cpython-310.pyc
/home/sanjay/ros2_task/src/install/task_pkg/lib/python3.10/site-packages/task_pkg/__pycache__/drawpoly.cpython-310.pyc
/home/sanjay/ros2_task/src/install/task_pkg/lib/python3.10/site-packages/task_pkg/__pycache__/__init__.cpython-310.pyc
/home/sanjay/ros2_task/src/install/task_pkg/share/ament_index/resource_index/packages/task_pkg
/home/sanjay/ros2_task/src/install/task_pkg/share/task_pkg/package.xml
/home/sanjay/ros2_task/src/install/task_pkg/lib/python3.10/site-packages/task_pkg-0.0.0-py3.10.egg-info/zip-safe
/home/sanjay/ros2_task/src/install/task_pkg/lib/python3.10/site-packages/task_pkg-0.0.0-py3.10.egg-info/requires.txt
/home/sanjay/ros2_task/src/install/task_pkg/lib/python3.10/site-packages/task_pkg-0.0.0-py3.10.egg-info/entry_points.txt
/home/sanjay/ros2_task/src/install/task_pkg/lib/python3.10/site-packages/task_pkg-0.0.0-py3.10.egg-info/SOURCES.txt
/home/sanjay/ros2_task/src/install/task_pkg/lib/python3.10/site-packages/task_pkg-0.0.0-py3.10.egg-info/dependency_links.txt
/home/sanjay/ros2_task/src/install/task_pkg/lib/python3.10/site-packages/task_pkg-0.0.0-py3.10.egg-info/PKG-INFO
/home/sanjay/ros2_task/src/install/task_pkg/lib/python3.10/site-packages/task_pkg-0.0.0-py3.10.egg-info/top_level.txt
/home/sanjay/ros2_task/src/install/task_pkg/lib/task_pkg/Drawcircle
/home/sanjay/ros2_task/src/install/task_pkg/lib/task_pkg/control
/home/sanjay/ros2_task/src/install/task_pkg/lib/task_pkg/drawd
/home/sanjay/ros2_task/src/install/task_pkg/lib/task_pkg/drawpoly
/home/sanjay/ros2_task/src/install/task_pkg/lib/task_pkg/pub
/home/sanjay/ros2_task/src/install/task_pkg/lib/task_pkg/sub
/home/sanjay/ros2_task/src/install/task_pkg/lib/task_pkg/togoal
