running egg_info
writing ../build/task_pkg/task_pkg.egg-info/PKG-INFO
writing dependency_links to ../build/task_pkg/task_pkg.egg-info/dependency_links.txt
writing entry points to ../build/task_pkg/task_pkg.egg-info/entry_points.txt
writing requirements to ../build/task_pkg/task_pkg.egg-info/requires.txt
writing top-level names to ../build/task_pkg/task_pkg.egg-info/top_level.txt
reading manifest file '../build/task_pkg/task_pkg.egg-info/SOURCES.txt'
adding license file 'LICENSE'
writing manifest file '../build/task_pkg/task_pkg.egg-info/SOURCES.txt'
running build
running build_py
running install
running install_lib
running install_data
running install_egg_info
removing '/home/sanjay/ros2_task/src/install/task_pkg/lib/python3.10/site-packages/task_pkg-0.0.0-py3.10.egg-info' (and everything under it)
Copying ../build/task_pkg/task_pkg.egg-info to /home/sanjay/ros2_task/src/install/task_pkg/lib/python3.10/site-packages/task_pkg-0.0.0-py3.10.egg-info
running install_scripts
Installing Drawcircle script to /home/sanjay/ros2_task/src/install/task_pkg/lib/task_pkg
Installing control script to /home/sanjay/ros2_task/src/install/task_pkg/lib/task_pkg
Installing drawd script to /home/sanjay/ros2_task/src/install/task_pkg/lib/task_pkg
Installing drawpoly script to /home/sanjay/ros2_task/src/install/task_pkg/lib/task_pkg
Installing pub script to /home/sanjay/ros2_task/src/install/task_pkg/lib/task_pkg
Installing sub script to /home/sanjay/ros2_task/src/install/task_pkg/lib/task_pkg
Installing togoal script to /home/sanjay/ros2_task/src/install/task_pkg/lib/task_pkg
writing list of installed files to '/home/sanjay/ros2_task/src/build/task_pkg/install.log'
