[1.131s] Invoking command in '/home/sanjay/ros2_task/src/task_pkg': PYTHONPATH=/home/sanjay/ros2_task/src/build/task_pkg/prefix_override:/usr/lib/python3/dist-packages/colcon_core/task/python/colcon_distutils_commands:/home/sanjay/ros2_task/src/install/task_pkg/lib/python3.10/site-packages:${PYTHONPATH} /usr/bin/python3 -W ignore:setup.py install is deprecated -W ignore:easy_install command is deprecated setup.py egg_info --egg-base ../build/task_pkg build --build-base /home/sanjay/ros2_task/src/build/task_pkg/build install --record /home/sanjay/ros2_task/src/build/task_pkg/install.log --single-version-externally-managed install_data
[1.519s] running egg_info
[1.520s] writing ../build/task_pkg/task_pkg.egg-info/PKG-INFO
[1.521s] writing dependency_links to ../build/task_pkg/task_pkg.egg-info/dependency_links.txt
[1.521s] writing entry points to ../build/task_pkg/task_pkg.egg-info/entry_points.txt
[1.521s] writing requirements to ../build/task_pkg/task_pkg.egg-info/requires.txt
[1.521s] writing top-level names to ../build/task_pkg/task_pkg.egg-info/top_level.txt
[1.524s] reading manifest file '../build/task_pkg/task_pkg.egg-info/SOURCES.txt'
[1.524s] adding license file 'LICENSE'
[1.525s] writing manifest file '../build/task_pkg/task_pkg.egg-info/SOURCES.txt'
[1.525s] running build
[1.525s] running build_py
[1.526s] running install
[1.526s] running install_lib
[1.529s] running install_data
[1.529s] running install_egg_info
[1.531s] removing '/home/sanjay/ros2_task/src/install/task_pkg/lib/python3.10/site-packages/task_pkg-0.0.0-py3.10.egg-info' (and everything under it)
[1.532s] Copying ../build/task_pkg/task_pkg.egg-info to /home/sanjay/ros2_task/src/install/task_pkg/lib/python3.10/site-packages/task_pkg-0.0.0-py3.10.egg-info
[1.533s] running install_scripts
[1.566s] Installing Drawcircle script to /home/sanjay/ros2_task/src/install/task_pkg/lib/task_pkg
[1.567s] Installing control script to /home/sanjay/ros2_task/src/install/task_pkg/lib/task_pkg
[1.567s] Installing drawd script to /home/sanjay/ros2_task/src/install/task_pkg/lib/task_pkg
[1.567s] Installing drawpoly script to /home/sanjay/ros2_task/src/install/task_pkg/lib/task_pkg
[1.567s] Installing pub script to /home/sanjay/ros2_task/src/install/task_pkg/lib/task_pkg
[1.567s] Installing sub script to /home/sanjay/ros2_task/src/install/task_pkg/lib/task_pkg
[1.567s] Installing togoal script to /home/sanjay/ros2_task/src/install/task_pkg/lib/task_pkg
[1.568s] writing list of installed files to '/home/sanjay/ros2_task/src/build/task_pkg/install.log'
[1.610s] Invoked command in '/home/sanjay/ros2_task/src/task_pkg' returned '0': PYTHONPATH=/home/sanjay/ros2_task/src/build/task_pkg/prefix_override:/usr/lib/python3/dist-packages/colcon_core/task/python/colcon_distutils_commands:/home/sanjay/ros2_task/src/install/task_pkg/lib/python3.10/site-packages:${PYTHONPATH} /usr/bin/python3 -W ignore:setup.py install is deprecated -W ignore:easy_install command is deprecated setup.py egg_info --egg-base ../build/task_pkg build --build-base /home/sanjay/ros2_task/src/build/task_pkg/build install --record /home/sanjay/ros2_task/src/build/task_pkg/install.log --single-version-externally-managed install_data
