[1.195s] Invoking command in '/home/sanjay/ros2_task/src/task_pkg': PYTHONPATH=/home/sanjay/ros2_task/build/task_pkg/prefix_override:/usr/lib/python3/dist-packages/colcon_core/task/python/colcon_distutils_commands:/home/sanjay/ros2_task/install/task_pkg/lib/python3.10/site-packages:${PYTHONPATH} /usr/bin/python3 -W ignore:setup.py install is deprecated -W ignore:easy_install command is deprecated setup.py egg_info --egg-base ../../build/task_pkg build --build-base /home/sanjay/ros2_task/build/task_pkg/build install --record /home/sanjay/ros2_task/build/task_pkg/install.log --single-version-externally-managed install_data
[1.539s] running egg_info
[1.540s] writing ../../build/task_pkg/task_pkg.egg-info/PKG-INFO
[1.540s] writing dependency_links to ../../build/task_pkg/task_pkg.egg-info/dependency_links.txt
[1.540s] writing entry points to ../../build/task_pkg/task_pkg.egg-info/entry_points.txt
[1.541s] writing requirements to ../../build/task_pkg/task_pkg.egg-info/requires.txt
[1.541s] writing top-level names to ../../build/task_pkg/task_pkg.egg-info/top_level.txt
[1.544s] reading manifest file '../../build/task_pkg/task_pkg.egg-info/SOURCES.txt'
[1.544s] adding license file 'LICENSE'
[1.545s] writing manifest file '../../build/task_pkg/task_pkg.egg-info/SOURCES.txt'
[1.545s] running build
[1.545s] running build_py
[1.545s] running install
[1.546s] running install_lib
[1.548s] running install_data
[1.548s] running install_egg_info
[1.551s] removing '/home/sanjay/ros2_task/install/task_pkg/lib/python3.10/site-packages/task_pkg-0.0.0-py3.10.egg-info' (and everything under it)
[1.551s] Copying ../../build/task_pkg/task_pkg.egg-info to /home/sanjay/ros2_task/install/task_pkg/lib/python3.10/site-packages/task_pkg-0.0.0-py3.10.egg-info
[1.552s] running install_scripts
[1.587s] Installing Drawcircle script to /home/sanjay/ros2_task/install/task_pkg/lib/task_pkg
[1.587s] Installing control script to /home/sanjay/ros2_task/install/task_pkg/lib/task_pkg
[1.588s] Installing drawd script to /home/sanjay/ros2_task/install/task_pkg/lib/task_pkg
[1.588s] Installing drawpoly script to /home/sanjay/ros2_task/install/task_pkg/lib/task_pkg
[1.588s] Installing pub script to /home/sanjay/ros2_task/install/task_pkg/lib/task_pkg
[1.588s] Installing sub script to /home/sanjay/ros2_task/install/task_pkg/lib/task_pkg
[1.588s] Installing togoal script to /home/sanjay/ros2_task/install/task_pkg/lib/task_pkg
[1.588s] writing list of installed files to '/home/sanjay/ros2_task/build/task_pkg/install.log'
[1.630s] Invoked command in '/home/sanjay/ros2_task/src/task_pkg' returned '0': PYTHONPATH=/home/sanjay/ros2_task/build/task_pkg/prefix_override:/usr/lib/python3/dist-packages/colcon_core/task/python/colcon_distutils_commands:/home/sanjay/ros2_task/install/task_pkg/lib/python3.10/site-packages:${PYTHONPATH} /usr/bin/python3 -W ignore:setup.py install is deprecated -W ignore:easy_install command is deprecated setup.py egg_info --egg-base ../../build/task_pkg build --build-base /home/sanjay/ros2_task/build/task_pkg/build install --record /home/sanjay/ros2_task/build/task_pkg/install.log --single-version-externally-managed install_data
