[0.016s] Invoking command in '/home/sanjay/ros2_task/build/cpp_tasks': CMAKE_PREFIX_PATH=${CMAKE_PREFIX_PATH}:/home/sanjay/ros2_task/src/install/task_pkg:/home/sanjay/ros2_task/install/task_pkg:/home/sanjay/ros2_task/install/draw_poly:/opt/ros/humble /usr/bin/cmake /home/sanjay/ros2_task/src/cpp_tasks -DCMAKE_INSTALL_PREFIX=/home/sanjay/ros2_task/install/cpp_tasks
[0.107s] -- The C compiler identification is GNU 11.4.0
[0.200s] -- The CXX compiler identification is GNU 11.4.0
[0.212s] -- Detecting C compiler ABI info
[0.331s] -- Detecting C compiler ABI info - done
[0.346s] -- Check for working C compiler: /usr/bin/cc - skipped
[0.347s] -- Detecting C compile features
[0.347s] -- Detecting C compile features - done
[0.353s] -- Detecting CXX compiler ABI info
[0.490s] -- Detecting CXX compiler ABI info - done
[0.504s] -- Check for working CXX compiler: /usr/bin/c++ - skipped
[0.505s] -- Detecting CXX compile features
[0.505s] -- Detecting CXX compile features - done
[0.509s] -- Found ament_cmake: 1.3.11 (/opt/ros/humble/share/ament_cmake/cmake)
[0.783s] -- Found Python3: /usr/bin/python3 (found version "3.10.12") found components: Interpreter 
[0.930s] -- Found rclcpp: 16.0.11 (/opt/ros/humble/share/rclcpp/cmake)
[0.991s] -- Found rosidl_generator_c: 3.1.6 (/opt/ros/humble/share/rosidl_generator_c/cmake)
[0.999s] -- Found rosidl_adapter: 3.1.6 (/opt/ros/humble/share/rosidl_adapter/cmake)
[1.012s] -- Found rosidl_generator_cpp: 3.1.6 (/opt/ros/humble/share/rosidl_generator_cpp/cmake)
[1.032s] -- Using all available rosidl_typesupport_c: rosidl_typesupport_fastrtps_c;rosidl_typesupport_introspection_c
[1.057s] -- Using all available rosidl_typesupport_cpp: rosidl_typesupport_fastrtps_cpp;rosidl_typesupport_introspection_cpp
[1.127s] -- Found rmw_implementation_cmake: 6.1.2 (/opt/ros/humble/share/rmw_implementation_cmake/cmake)
[1.131s] -- Found rmw_fastrtps_cpp: 6.2.7 (/opt/ros/humble/share/rmw_fastrtps_cpp/cmake)
[1.273s] -- Found OpenSSL: /usr/lib/x86_64-linux-gnu/libcrypto.so (found version "3.0.2")  
[1.319s] -- Found FastRTPS: /opt/ros/humble/include  
[1.391s] -- Using RMW implementation 'rmw_fastrtps_cpp' as default
[1.404s] -- Looking for pthread.h
[1.522s] -- Looking for pthread.h - found
[1.523s] -- Performing Test CMAKE_HAVE_LIBC_PTHREAD
[1.663s] -- Performing Test CMAKE_HAVE_LIBC_PTHREAD - Success
[1.665s] -- Found Threads: TRUE  
[1.749s] -- Found geometry_msgs: 4.2.4 (/opt/ros/humble/share/geometry_msgs/cmake)
[1.771s] -- Found turtlesim: 1.4.2 (/opt/ros/humble/share/turtlesim/cmake)
[1.835s] -- Found custom_interface: 0.0.0 (/home/sanjay/ros2_task/install/custom_interface/share/custom_interface/cmake)
[1.860s] -- Found ament_lint_auto: 0.12.11 (/opt/ros/humble/share/ament_lint_auto/cmake)
[2.002s] -- Added test 'cppcheck' to perform static code analysis on C / C++ code
[2.002s] -- Configured cppcheck include dirs: 
[2.003s] -- Configured cppcheck exclude dirs and/or files: 
[2.004s] -- Added test 'lint_cmake' to check CMake code style
[2.005s] -- Added test 'uncrustify' to check C / C++ code style
[2.005s] -- Configured uncrustify additional arguments: 
[2.006s] -- Added test 'xmllint' to check XML markup files
[2.008s] -- Configuring done
[2.043s] -- Generating done
[2.059s] -- Build files have been written to: /home/sanjay/ros2_task/build/cpp_tasks
[2.075s] Invoked command in '/home/sanjay/ros2_task/build/cpp_tasks' returned '0': CMAKE_PREFIX_PATH=${CMAKE_PREFIX_PATH}:/home/sanjay/ros2_task/src/install/task_pkg:/home/sanjay/ros2_task/install/task_pkg:/home/sanjay/ros2_task/install/draw_poly:/opt/ros/humble /usr/bin/cmake /home/sanjay/ros2_task/src/cpp_tasks -DCMAKE_INSTALL_PREFIX=/home/sanjay/ros2_task/install/cpp_tasks
[2.077s] Invoking command in '/home/sanjay/ros2_task/build/cpp_tasks': CMAKE_PREFIX_PATH=${CMAKE_PREFIX_PATH}:/home/sanjay/ros2_task/src/install/task_pkg:/home/sanjay/ros2_task/install/task_pkg:/home/sanjay/ros2_task/install/draw_poly:/opt/ros/humble /usr/bin/cmake --build /home/sanjay/ros2_task/build/cpp_tasks -- -j12 -l12
[2.173s] [ 10%] [32mBuilding CXX object CMakeFiles/poly_service.dir/src/service_drawp.cpp.o[0m
[2.173s] [ 20%] [32mBuilding CXX object CMakeFiles/poly_client.dir/src/client_drawp.cpp.o[0m
[2.174s] [ 40%] [32mBuilding CXX object CMakeFiles/drawcircle.dir/src/draw_circle.cpp.o[0m
[2.175s] [ 40%] [32mBuilding CXX object CMakeFiles/togoal.dir/src/togoal.cpp.o[0m
[2.177s] [ 50%] [32mBuilding CXX object CMakeFiles/drawd.dir/src/drawd.cpp.o[0m
[2.504s] [01m[K/home/sanjay/ros2_task/src/cpp_tasks/src/service_drawp.cpp:2:10:[m[K [01;31m[Kfatal error: [m[Kcustom_interface/srv/Drawpoly.hpp: No such file or directory
[2.504s]     2 | #include [01;31m[K"custom_interface/srv/Drawpoly.hpp"[m[K
[2.504s]       |          [01;31m[K^~~~~~~~~~~~~~~~~~~~~~~~~~~~~~~~~~~[m[K
[2.504s] compilation terminated.
[2.509s] gmake[2]: *** [CMakeFiles/poly_service.dir/build.make:76: CMakeFiles/poly_service.dir/src/service_drawp.cpp.o] Error 1
[2.510s] gmake[1]: *** [CMakeFiles/Makefile2:249: CMakeFiles/poly_service.dir/all] Error 2
[2.510s] gmake[1]: *** Waiting for unfinished jobs....
[2.683s] [01m[K/home/sanjay/ros2_task/src/cpp_tasks/src/client_drawp.cpp:2:10:[m[K [01;31m[Kfatal error: [m[Kcustom_interface/srv/Drawpoly.hpp: No such file or directory
[2.683s]     2 | #include [01;31m[K"custom_interface/srv/Drawpoly.hpp"[m[K
[2.683s]       |          [01;31m[K^~~~~~~~~~~~~~~~~~~~~~~~~~~~~~~~~~~[m[K
[2.684s] compilation terminated.
[2.689s] gmake[2]: *** [CMakeFiles/poly_client.dir/build.make:76: CMakeFiles/poly_client.dir/src/client_drawp.cpp.o] Error 1
[2.689s] gmake[1]: *** [CMakeFiles/Makefile2:223: CMakeFiles/poly_client.dir/all] Error 2
[9.743s] [ 60%] [32m[1mLinking CXX executable drawcircle[0m
[10.087s] [ 60%] Built target drawcircle
[16.421s] [ 70%] [32m[1mLinking CXX executable togoal[0m
[16.620s] [ 80%] [32m[1mLinking CXX executable drawd[0m
[17.092s] [ 80%] Built target togoal
[17.279s] [ 80%] Built target drawd
[17.281s] gmake: *** [Makefile:146: all] Error 2
[17.284s] Invoked command in '/home/sanjay/ros2_task/build/cpp_tasks' returned '2': CMAKE_PREFIX_PATH=${CMAKE_PREFIX_PATH}:/home/sanjay/ros2_task/src/install/task_pkg:/home/sanjay/ros2_task/install/task_pkg:/home/sanjay/ros2_task/install/draw_poly:/opt/ros/humble /usr/bin/cmake --build /home/sanjay/ros2_task/build/cpp_tasks -- -j12 -l12
