[0.311s] Invoking command in '/home/sanjay/ros2_task/build/tutorial_interfaces': CMAKE_PREFIX_PATH=/opt/ros/humble /usr/bin/cmake --build /home/sanjay/ros2_task/build/tutorial_interfaces -- -j12 -l12
[0.347s] Invoked command in '/home/sanjay/ros2_task/build/tutorial_interfaces' returned '0': CMAKE_PREFIX_PATH=/opt/ros/humble /usr/bin/cmake --build /home/sanjay/ros2_task/build/tutorial_interfaces -- -j12 -l12
[0.348s] Invoking command in '/home/sanjay/ros2_task/build/tutorial_interfaces': CMAKE_PREFIX_PATH=/opt/ros/humble /usr/bin/cmake --install /home/sanjay/ros2_task/build/tutorial_interfaces
[0.355s] -- Install configuration: ""
[0.355s] -- Installing: /home/sanjay/ros2_task/install/tutorial_interfaces/share/ament_index/resource_index/package_run_dependencies/tutorial_interfaces
[0.355s] -- Installing: /home/sanjay/ros2_task/install/tutorial_interfaces/share/ament_index/resource_index/parent_prefix_path/tutorial_interfaces
[0.355s] -- Installing: /home/sanjay/ros2_task/install/tutorial_interfaces/share/tutorial_interfaces/environment/ament_prefix_path.sh
[0.355s] -- Installing: /home/sanjay/ros2_task/install/tutorial_interfaces/share/tutorial_interfaces/environment/ament_prefix_path.dsv
[0.355s] -- Installing: /home/sanjay/ros2_task/install/tutorial_interfaces/share/tutorial_interfaces/environment/path.sh
[0.355s] -- Installing: /home/sanjay/ros2_task/install/tutorial_interfaces/share/tutorial_interfaces/environment/path.dsv
[0.356s] -- Installing: /home/sanjay/ros2_task/install/tutorial_interfaces/share/tutorial_interfaces/local_setup.bash
[0.356s] -- Installing: /home/sanjay/ros2_task/install/tutorial_interfaces/share/tutorial_interfaces/local_setup.sh
[0.356s] -- Installing: /home/sanjay/ros2_task/install/tutorial_interfaces/share/tutorial_interfaces/local_setup.zsh
[0.356s] -- Installing: /home/sanjay/ros2_task/install/tutorial_interfaces/share/tutorial_interfaces/local_setup.dsv
[0.356s] -- Installing: /home/sanjay/ros2_task/install/tutorial_interfaces/share/tutorial_interfaces/package.dsv
[0.356s] -- Installing: /home/sanjay/ros2_task/install/tutorial_interfaces/share/ament_index/resource_index/packages/tutorial_interfaces
[0.356s] -- Installing: /home/sanjay/ros2_task/install/tutorial_interfaces/share/tutorial_interfaces/cmake/tutorial_interfacesConfig.cmake
[0.356s] -- Installing: /home/sanjay/ros2_task/install/tutorial_interfaces/share/tutorial_interfaces/cmake/tutorial_interfacesConfig-version.cmake
[0.356s] -- Installing: /home/sanjay/ros2_task/install/tutorial_interfaces/share/tutorial_interfaces/package.xml
[0.358s] Invoked command in '/home/sanjay/ros2_task/build/tutorial_interfaces' returned '0': CMAKE_PREFIX_PATH=/opt/ros/humble /usr/bin/cmake --install /home/sanjay/ros2_task/build/tutorial_interfaces
