[0.028s] Invoking command in '/home/sanjay/ros2_task/build/cpp_pubsub': CMAKE_PREFIX_PATH=${CMAKE_PREFIX_PATH}:/home/sanjay/ros2_task/src/install/task_pkg:/home/sanjay/ros2_task/install/task_pkg:/home/sanjay/ros2_task/install/draw_poly:/opt/ros/humble /usr/bin/cmake --build /home/sanjay/ros2_task/build/cpp_pubsub -- -j12 -l12
[0.380s] [ 25%] Built target chat_node_a
[0.380s] [ 50%] Built target chat_node_b
[0.380s] [ 75%] Built target talker
[0.381s] [100%] Built target listener
[0.677s] Invoked command in '/home/sanjay/ros2_task/build/cpp_pubsub' returned '0': CMAKE_PREFIX_PATH=${CMAKE_PREFIX_PATH}:/home/sanjay/ros2_task/src/install/task_pkg:/home/sanjay/ros2_task/install/task_pkg:/home/sanjay/ros2_task/install/draw_poly:/opt/ros/humble /usr/bin/cmake --build /home/sanjay/ros2_task/build/cpp_pubsub -- -j12 -l12
[0.690s] Invoking command in '/home/sanjay/ros2_task/build/cpp_pubsub': CMAKE_PREFIX_PATH=${CMAKE_PREFIX_PATH}:/home/sanjay/ros2_task/src/install/task_pkg:/home/sanjay/ros2_task/install/task_pkg:/home/sanjay/ros2_task/install/draw_poly:/opt/ros/humble /usr/bin/cmake --install /home/sanjay/ros2_task/build/cpp_pubsub
[0.700s] -- Install configuration: ""
[0.701s] -- Up-to-date: /home/sanjay/ros2_task/install/cpp_pubsub/lib/cpp_pubsub/talker
[0.701s] -- Up-to-date: /home/sanjay/ros2_task/install/cpp_pubsub/lib/cpp_pubsub/chat_node_a
[0.702s] -- Up-to-date: /home/sanjay/ros2_task/install/cpp_pubsub/lib/cpp_pubsub/chat_node_b
[0.702s] -- Up-to-date: /home/sanjay/ros2_task/install/cpp_pubsub/lib/cpp_pubsub/talker
[0.702s] -- Up-to-date: /home/sanjay/ros2_task/install/cpp_pubsub/lib/cpp_pubsub/listener
[0.702s] -- Up-to-date: /home/sanjay/ros2_task/install/cpp_pubsub/share/ament_index/resource_index/package_run_dependencies/cpp_pubsub
[0.702s] -- Up-to-date: /home/sanjay/ros2_task/install/cpp_pubsub/share/ament_index/resource_index/parent_prefix_path/cpp_pubsub
[0.702s] -- Up-to-date: /home/sanjay/ros2_task/install/cpp_pubsub/share/cpp_pubsub/environment/ament_prefix_path.sh
[0.702s] -- Up-to-date: /home/sanjay/ros2_task/install/cpp_pubsub/share/cpp_pubsub/environment/ament_prefix_path.dsv
[0.703s] -- Up-to-date: /home/sanjay/ros2_task/install/cpp_pubsub/share/cpp_pubsub/environment/path.sh
[0.703s] -- Up-to-date: /home/sanjay/ros2_task/install/cpp_pubsub/share/cpp_pubsub/environment/path.dsv
[0.703s] -- Up-to-date: /home/sanjay/ros2_task/install/cpp_pubsub/share/cpp_pubsub/local_setup.bash
[0.704s] -- Up-to-date: /home/sanjay/ros2_task/install/cpp_pubsub/share/cpp_pubsub/local_setup.sh
[0.704s] -- Up-to-date: /home/sanjay/ros2_task/install/cpp_pubsub/share/cpp_pubsub/local_setup.zsh
[0.704s] -- Up-to-date: /home/sanjay/ros2_task/install/cpp_pubsub/share/cpp_pubsub/local_setup.dsv
[0.704s] -- Installing: /home/sanjay/ros2_task/install/cpp_pubsub/share/cpp_pubsub/package.dsv
[0.705s] -- Up-to-date: /home/sanjay/ros2_task/install/cpp_pubsub/share/ament_index/resource_index/packages/cpp_pubsub
[0.705s] -- Up-to-date: /home/sanjay/ros2_task/install/cpp_pubsub/share/cpp_pubsub/cmake/cpp_pubsubConfig.cmake
[0.705s] -- Up-to-date: /home/sanjay/ros2_task/install/cpp_pubsub/share/cpp_pubsub/cmake/cpp_pubsubConfig-version.cmake
[0.705s] -- Up-to-date: /home/sanjay/ros2_task/install/cpp_pubsub/share/cpp_pubsub/package.xml
