[0.013s] Invoking command in '/home/sanjay/ros2_task/build/cpp_tasks': AMENT_PREFIX_PATH=/home/sanjay/ros2_task/install/custom_interface:${AMENT_PREFIX_PATH} CMAKE_PREFIX_PATH=/home/sanjay/ros2_task/install/custom_interface:/opt/ros/humble LD_LIBRARY_PATH=/home/sanjay/ros2_task/install/custom_interface/lib:${LD_LIBRARY_PATH} PYTHONPATH=/home/sanjay/ros2_task/install/custom_interface/local/lib/python3.10/dist-packages:${PYTHONPATH} /usr/bin/cmake --build /home/sanjay/ros2_task/build/cpp_tasks -- -j12 -l12
[0.054s] -- Found ament_cmake: 1.3.11 (/opt/ros/humble/share/ament_cmake/cmake)
[0.261s] -- Found rclcpp: 16.0.11 (/opt/ros/humble/share/rclcpp/cmake)
[0.305s] -- Found rosidl_generator_c: 3.1.6 (/opt/ros/humble/share/rosidl_generator_c/cmake)
[0.309s] -- Found rosidl_adapter: 3.1.6 (/opt/ros/humble/share/rosidl_adapter/cmake)
[0.318s] -- Found rosidl_generator_cpp: 3.1.6 (/opt/ros/humble/share/rosidl_generator_cpp/cmake)
[0.333s] -- Using all available rosidl_typesupport_c: rosidl_typesupport_fastrtps_c;rosidl_typesupport_introspection_c
[0.354s] -- Using all available rosidl_typesupport_cpp: rosidl_typesupport_fastrtps_cpp;rosidl_typesupport_introspection_cpp
[0.406s] -- Found rmw_implementation_cmake: 6.1.2 (/opt/ros/humble/share/rmw_implementation_cmake/cmake)
[0.408s] -- Found rmw_fastrtps_cpp: 6.2.7 (/opt/ros/humble/share/rmw_fastrtps_cpp/cmake)
[0.560s] -- Using RMW implementation 'rmw_fastrtps_cpp' as default
[0.635s] -- Found geometry_msgs: 4.2.4 (/opt/ros/humble/share/geometry_msgs/cmake)
[0.653s] -- Found turtlesim: 1.4.2 (/opt/ros/humble/share/turtlesim/cmake)
[0.713s] -- Found ament_lint_auto: 0.12.11 (/opt/ros/humble/share/ament_lint_auto/cmake)
[0.826s] -- Added test 'cppcheck' to perform static code analysis on C / C++ code
[0.827s] -- Configured cppcheck include dirs: 
[0.827s] -- Configured cppcheck exclude dirs and/or files: 
[0.827s] -- Added test 'lint_cmake' to check CMake code style
[0.827s] -- Added test 'uncrustify' to check C / C++ code style
[0.828s] -- Configured uncrustify additional arguments: 
[0.828s] -- Added test 'xmllint' to check XML markup files
[0.829s] -- Configuring done
[0.848s] -- Generating done
[0.858s] -- Build files have been written to: /home/sanjay/ros2_task/build/cpp_tasks
[0.899s] [35m[1mConsolidate compiler generated dependencies of target togoal[0m
[0.899s] [35m[1mConsolidate compiler generated dependencies of target drawd[0m
[0.899s] [35m[1mConsolidate compiler generated dependencies of target drawcircle[0m
[0.923s] [ 33%] Built target drawd
[0.924s] [ 66%] Built target togoal
[0.924s] [100%] Built target drawcircle
[0.940s] Invoked command in '/home/sanjay/ros2_task/build/cpp_tasks' returned '0': AMENT_PREFIX_PATH=/home/sanjay/ros2_task/install/custom_interface:${AMENT_PREFIX_PATH} CMAKE_PREFIX_PATH=/home/sanjay/ros2_task/install/custom_interface:/opt/ros/humble LD_LIBRARY_PATH=/home/sanjay/ros2_task/install/custom_interface/lib:${LD_LIBRARY_PATH} PYTHONPATH=/home/sanjay/ros2_task/install/custom_interface/local/lib/python3.10/dist-packages:${PYTHONPATH} /usr/bin/cmake --build /home/sanjay/ros2_task/build/cpp_tasks -- -j12 -l12
[0.942s] Invoking command in '/home/sanjay/ros2_task/build/cpp_tasks': AMENT_PREFIX_PATH=/home/sanjay/ros2_task/install/custom_interface:${AMENT_PREFIX_PATH} CMAKE_PREFIX_PATH=/home/sanjay/ros2_task/install/custom_interface:/opt/ros/humble LD_LIBRARY_PATH=/home/sanjay/ros2_task/install/custom_interface/lib:${LD_LIBRARY_PATH} PYTHONPATH=/home/sanjay/ros2_task/install/custom_interface/local/lib/python3.10/dist-packages:${PYTHONPATH} /usr/bin/cmake --install /home/sanjay/ros2_task/build/cpp_tasks
[0.954s] -- Install configuration: ""
[0.954s] -- Installing: /home/sanjay/ros2_task/install/cpp_tasks/lib/cpp_tasks/drawcircle
[0.955s] -- Set runtime path of "/home/sanjay/ros2_task/install/cpp_tasks/lib/cpp_tasks/drawcircle" to ""
[0.955s] -- Installing: /home/sanjay/ros2_task/install/cpp_tasks/lib/cpp_tasks/togoal
[0.958s] -- Set runtime path of "/home/sanjay/ros2_task/install/cpp_tasks/lib/cpp_tasks/togoal" to ""
[0.958s] -- Installing: /home/sanjay/ros2_task/install/cpp_tasks/lib/cpp_tasks/drawd
[0.962s] -- Set runtime path of "/home/sanjay/ros2_task/install/cpp_tasks/lib/cpp_tasks/drawd" to ""
[0.962s] -- Installing: /home/sanjay/ros2_task/install/cpp_tasks/share/ament_index/resource_index/package_run_dependencies/cpp_tasks
[0.962s] -- Installing: /home/sanjay/ros2_task/install/cpp_tasks/share/ament_index/resource_index/parent_prefix_path/cpp_tasks
[0.962s] -- Installing: /home/sanjay/ros2_task/install/cpp_tasks/share/cpp_tasks/environment/ament_prefix_path.sh
[0.962s] -- Installing: /home/sanjay/ros2_task/install/cpp_tasks/share/cpp_tasks/environment/ament_prefix_path.dsv
[0.962s] -- Installing: /home/sanjay/ros2_task/install/cpp_tasks/share/cpp_tasks/environment/path.sh
[0.962s] -- Installing: /home/sanjay/ros2_task/install/cpp_tasks/share/cpp_tasks/environment/path.dsv
[0.962s] -- Installing: /home/sanjay/ros2_task/install/cpp_tasks/share/cpp_tasks/local_setup.bash
[0.962s] -- Installing: /home/sanjay/ros2_task/install/cpp_tasks/share/cpp_tasks/local_setup.sh
[0.962s] -- Installing: /home/sanjay/ros2_task/install/cpp_tasks/share/cpp_tasks/local_setup.zsh
[0.962s] -- Installing: /home/sanjay/ros2_task/install/cpp_tasks/share/cpp_tasks/local_setup.dsv
[0.962s] -- Installing: /home/sanjay/ros2_task/install/cpp_tasks/share/cpp_tasks/package.dsv
[0.962s] -- Installing: /home/sanjay/ros2_task/install/cpp_tasks/share/ament_index/resource_index/packages/cpp_tasks
[0.963s] -- Installing: /home/sanjay/ros2_task/install/cpp_tasks/share/cpp_tasks/cmake/cpp_tasksConfig.cmake
[0.963s] -- Installing: /home/sanjay/ros2_task/install/cpp_tasks/share/cpp_tasks/cmake/cpp_tasksConfig-version.cmake
[0.963s] -- Installing: /home/sanjay/ros2_task/install/cpp_tasks/share/cpp_tasks/package.xml
[0.965s] Invoked command in '/home/sanjay/ros2_task/build/cpp_tasks' returned '0': AMENT_PREFIX_PATH=/home/sanjay/ros2_task/install/custom_interface:${AMENT_PREFIX_PATH} CMAKE_PREFIX_PATH=/home/sanjay/ros2_task/install/custom_interface:/opt/ros/humble LD_LIBRARY_PATH=/home/sanjay/ros2_task/install/custom_interface/lib:${LD_LIBRARY_PATH} PYTHONPATH=/home/sanjay/ros2_task/install/custom_interface/local/lib/python3.10/dist-packages:${PYTHONPATH} /usr/bin/cmake --install /home/sanjay/ros2_task/build/cpp_tasks
