[0.010s] Invoking command in '/home/sanjay/ros2_task/build/custom_interface': CMAKE_PREFIX_PATH=/home/sanjay/ros2_task/install/draw_poly:/home/sanjay/ros2_task/src/install/task_pkg:/opt/ros/humble /usr/bin/cmake /home/sanjay/ros2_task/src/custom_interface -DCMAKE_INSTALL_PREFIX=/home/sanjay/ros2_task/install/custom_interface
[0.074s] -- The C compiler identification is GNU 11.4.0
[0.143s] -- The CXX compiler identification is GNU 11.4.0
[0.152s] -- Detecting C compiler ABI info
[0.237s] -- Detecting C compiler ABI info - done
[0.249s] -- Check for working C compiler: /usr/bin/cc - skipped
[0.249s] -- Detecting C compile features
[0.249s] -- Detecting C compile features - done
[0.253s] -- Detecting CXX compiler ABI info
[0.349s] -- Detecting CXX compiler ABI info - done
[0.358s] -- Check for working CXX compiler: /usr/bin/c++ - skipped
[0.358s] -- Detecting CXX compile features
[0.359s] -- Detecting CXX compile features - done
[0.361s] -- Found ament_cmake: 1.3.11 (/opt/ros/humble/share/ament_cmake/cmake)
[0.548s] -- Found Python3: /usr/bin/python3 (found version "3.10.12") found components: Interpreter 
[0.643s] -- Found rosidl_default_generators: 1.2.0 (/opt/ros/humble/share/rosidl_default_generators/cmake)
[0.646s] -- Using all available rosidl_typesupport_c: rosidl_typesupport_fastrtps_c;rosidl_typesupport_introspection_c
[0.653s] -- Found rosidl_adapter: 3.1.6 (/opt/ros/humble/share/rosidl_adapter/cmake)
[0.697s] -- Using all available rosidl_typesupport_cpp: rosidl_typesupport_fastrtps_cpp;rosidl_typesupport_introspection_cpp
[1.019s] -- Found ament_cmake_ros: 0.10.0 (/opt/ros/humble/share/ament_cmake_ros/cmake)
[1.226s] -- Using all available rosidl_typesupport_c: rosidl_typesupport_fastrtps_c;rosidl_typesupport_introspection_c
[1.505s] -- Using all available rosidl_typesupport_cpp: rosidl_typesupport_fastrtps_cpp;rosidl_typesupport_introspection_cpp
[1.531s] -- Found PythonInterp: /usr/bin/python3 (found suitable version "3.10.12", minimum required is "3.6") 
[1.532s] -- Found python_cmake_module: 0.10.0 (/opt/ros/humble/share/python_cmake_module/cmake)
[1.564s] -- Found PythonLibs: /usr/lib/x86_64-linux-gnu/libpython3.10.so (found suitable version "3.10.12", minimum required is "3.5") 
[1.564s] -- Using PYTHON_EXECUTABLE: /usr/bin/python3
[1.565s] -- Using PYTHON_INCLUDE_DIRS: /usr/include/python3.10
[1.565s] -- Using PYTHON_LIBRARIES: /usr/lib/x86_64-linux-gnu/libpython3.10.so
[1.591s] -- Found PythonExtra: .so  
[1.633s] -- Found ament_lint_auto: 0.12.11 (/opt/ros/humble/share/ament_lint_auto/cmake)
[1.654s] -- Added test 'lint_cmake' to check CMake code style
[1.655s] -- Added test 'xmllint' to check XML markup files
[1.658s] -- Configuring done
[1.682s] -- Generating done
[1.692s] -- Build files have been written to: /home/sanjay/ros2_task/build/custom_interface
[1.700s] Invoked command in '/home/sanjay/ros2_task/build/custom_interface' returned '0': CMAKE_PREFIX_PATH=/home/sanjay/ros2_task/install/draw_poly:/home/sanjay/ros2_task/src/install/task_pkg:/opt/ros/humble /usr/bin/cmake /home/sanjay/ros2_task/src/custom_interface -DCMAKE_INSTALL_PREFIX=/home/sanjay/ros2_task/install/custom_interface
[1.700s] Invoking command in '/home/sanjay/ros2_task/build/custom_interface': CMAKE_PREFIX_PATH=/home/sanjay/ros2_task/install/draw_poly:/home/sanjay/ros2_task/src/install/task_pkg:/opt/ros/humble /usr/bin/cmake --build /home/sanjay/ros2_task/build/custom_interface -- -j12 -l12
[1.748s] [  3%] [34m[1mGenerating C code for ROS interfaces[0m
[1.762s] [  6%] [34m[1mGenerating C++ code for ROS interfaces[0m
[1.777s] [  6%] Built target ament_cmake_python_copy_custom_interface
[2.124s] running egg_info
[2.125s] creating custom_interface.egg-info
[2.125s] writing custom_interface.egg-info/PKG-INFO
[2.126s] writing dependency_links to custom_interface.egg-info/dependency_links.txt
[2.126s] writing top-level names to custom_interface.egg-info/top_level.txt
[2.126s] writing manifest file 'custom_interface.egg-info/SOURCES.txt'
[2.130s] reading manifest file 'custom_interface.egg-info/SOURCES.txt'
[2.131s] writing manifest file 'custom_interface.egg-info/SOURCES.txt'
[2.158s] [  6%] Built target custom_interface__cpp
[2.166s] [  9%] [32mBuilding C object CMakeFiles/custom_interface__rosidl_generator_c.dir/rosidl_generator_c/custom_interface/srv/detail/drawpoly__functions.c.o[0m
[2.174s] [ 12%] [34m[1mGenerating C++ type support for eProsima Fast-RTPS[0m
[2.174s] [ 16%] [34m[1mGenerating C++ type support dispatch for ROS interfaces[0m
[2.174s] [ 19%] [34m[1mGenerating C++ introspection for ROS interfaces[0m
[2.179s] [ 19%] Built target ament_cmake_python_build_custom_interface_egg
[2.259s] [ 22%] [32m[1mLinking C shared library libcustom_interface__rosidl_generator_c.so[0m
[2.321s] [ 22%] Built target custom_interface__rosidl_generator_c
[2.336s] [ 25%] [34m[1mGenerating C type support for eProsima Fast-RTPS[0m
[2.339s] [ 29%] [34m[1mGenerating C type support dispatch for ROS interfaces[0m
[2.339s] [ 32%] [34m[1mGenerating C introspection for ROS interfaces[0m
[2.542s] [ 35%] [32mBuilding CXX object CMakeFiles/custom_interface__rosidl_typesupport_cpp.dir/rosidl_typesupport_cpp/custom_interface/srv/drawpoly__type_support.cpp.o[0m
[2.574s] [ 38%] [32mBuilding CXX object CMakeFiles/custom_interface__rosidl_typesupport_introspection_cpp.dir/rosidl_typesupport_introspection_cpp/custom_interface/srv/detail/drawpoly__type_support.cpp.o[0m
[2.595s] [ 41%] [32mBuilding CXX object CMakeFiles/custom_interface__rosidl_typesupport_fastrtps_cpp.dir/rosidl_typesupport_fastrtps_cpp/custom_interface/srv/detail/dds_fastrtps/drawpoly__type_support.cpp.o[0m
[2.744s] [ 45%] [32mBuilding CXX object CMakeFiles/custom_interface__rosidl_typesupport_c.dir/rosidl_typesupport_c/custom_interface/srv/drawpoly__type_support.cpp.o[0m
[2.800s] [ 48%] [32mBuilding C object CMakeFiles/custom_interface__rosidl_typesupport_introspection_c.dir/rosidl_typesupport_introspection_c/custom_interface/srv/detail/drawpoly__type_support.c.o[0m
[2.806s] [ 51%] [32m[1mLinking CXX shared library libcustom_interface__rosidl_typesupport_c.so[0m
[2.868s] [ 54%] [32m[1mLinking C shared library libcustom_interface__rosidl_typesupport_introspection_c.so[0m
[2.880s] [ 58%] [32mBuilding CXX object CMakeFiles/custom_interface__rosidl_typesupport_fastrtps_c.dir/rosidl_typesupport_fastrtps_c/custom_interface/srv/detail/drawpoly__type_support_c.cpp.o[0m
[2.881s] [ 58%] Built target custom_interface__rosidl_typesupport_c
[2.917s] [ 58%] Built target custom_interface__rosidl_typesupport_introspection_c
[2.978s] [ 61%] [32m[1mLinking CXX shared library libcustom_interface__rosidl_typesupport_cpp.so[0m
[3.044s] [ 61%] Built target custom_interface__rosidl_typesupport_cpp
[3.148s] [ 64%] [32m[1mLinking CXX shared library libcustom_interface__rosidl_typesupport_introspection_cpp.so[0m
[3.203s] [ 67%] [32m[1mLinking CXX shared library libcustom_interface__rosidl_typesupport_fastrtps_cpp.so[0m
[3.214s] [ 67%] Built target custom_interface__rosidl_typesupport_introspection_cpp
[3.313s] [ 67%] Built target custom_interface__rosidl_typesupport_fastrtps_cpp
[3.353s] [ 70%] [32m[1mLinking CXX shared library libcustom_interface__rosidl_typesupport_fastrtps_c.so[0m
[3.439s] [ 70%] Built target custom_interface__rosidl_typesupport_fastrtps_c
[3.463s] [ 70%] Built target custom_interface
[3.490s] [ 74%] [34m[1mGenerating Python code for ROS interfaces[0m
[3.842s] [ 74%] Built target custom_interface__py
[3.869s] [ 77%] [32mBuilding C object CMakeFiles/custom_interface__rosidl_generator_py.dir/rosidl_generator_py/custom_interface/srv/_drawpoly_s.c.o[0m
[3.982s] [ 80%] [32m[1mLinking C shared library rosidl_generator_py/custom_interface/libcustom_interface__rosidl_generator_py.so[0m
[4.028s] [ 80%] Built target custom_interface__rosidl_generator_py
[4.055s] [ 83%] [32mBuilding C object CMakeFiles/custom_interface__rosidl_typesupport_c__pyext.dir/rosidl_generator_py/custom_interface/_custom_interface_s.ep.rosidl_typesupport_c.c.o[0m
[4.058s] [ 87%] [32mBuilding C object CMakeFiles/custom_interface__rosidl_typesupport_fastrtps_c__pyext.dir/rosidl_generator_py/custom_interface/_custom_interface_s.ep.rosidl_typesupport_fastrtps_c.c.o[0m
[4.060s] [ 90%] [32mBuilding C object CMakeFiles/custom_interface__rosidl_typesupport_introspection_c__pyext.dir/rosidl_generator_py/custom_interface/_custom_interface_s.ep.rosidl_typesupport_introspection_c.c.o[0m
[4.185s] [ 93%] [32m[1mLinking C shared library rosidl_generator_py/custom_interface/custom_interface_s__rosidl_typesupport_c.cpython-310-x86_64-linux-gnu.so[0m
[4.193s] [ 96%] [32m[1mLinking C shared library rosidl_generator_py/custom_interface/custom_interface_s__rosidl_typesupport_fastrtps_c.cpython-310-x86_64-linux-gnu.so[0m
[4.194s] [100%] [32m[1mLinking C shared library rosidl_generator_py/custom_interface/custom_interface_s__rosidl_typesupport_introspection_c.cpython-310-x86_64-linux-gnu.so[0m
[4.235s] [100%] Built target custom_interface__rosidl_typesupport_c__pyext
[4.245s] [100%] Built target custom_interface__rosidl_typesupport_fastrtps_c__pyext
[4.245s] [100%] Built target custom_interface__rosidl_typesupport_introspection_c__pyext
[4.262s] Invoked command in '/home/sanjay/ros2_task/build/custom_interface' returned '0': CMAKE_PREFIX_PATH=/home/sanjay/ros2_task/install/draw_poly:/home/sanjay/ros2_task/src/install/task_pkg:/opt/ros/humble /usr/bin/cmake --build /home/sanjay/ros2_task/build/custom_interface -- -j12 -l12
[4.274s] Invoking command in '/home/sanjay/ros2_task/build/custom_interface': CMAKE_PREFIX_PATH=/home/sanjay/ros2_task/install/draw_poly:/home/sanjay/ros2_task/src/install/task_pkg:/opt/ros/humble /usr/bin/cmake --install /home/sanjay/ros2_task/build/custom_interface
[4.285s] -- Install configuration: ""
[4.285s] -- Installing: /home/sanjay/ros2_task/install/custom_interface/share/ament_index/resource_index/rosidl_interfaces/custom_interface
[4.285s] -- Installing: /home/sanjay/ros2_task/install/custom_interface/include/custom_interface/custom_interface
[4.285s] -- Installing: /home/sanjay/ros2_task/install/custom_interface/include/custom_interface/custom_interface/srv
[4.285s] -- Installing: /home/sanjay/ros2_task/install/custom_interface/include/custom_interface/custom_interface/srv/detail
[4.285s] -- Installing: /home/sanjay/ros2_task/install/custom_interface/include/custom_interface/custom_interface/srv/detail/drawpoly__struct.h
[4.285s] -- Installing: /home/sanjay/ros2_task/install/custom_interface/include/custom_interface/custom_interface/srv/detail/drawpoly__functions.c
[4.286s] -- Installing: /home/sanjay/ros2_task/install/custom_interface/include/custom_interface/custom_interface/srv/detail/drawpoly__functions.h
[4.286s] -- Installing: /home/sanjay/ros2_task/install/custom_interface/include/custom_interface/custom_interface/srv/detail/drawpoly__type_support.h
[4.286s] -- Installing: /home/sanjay/ros2_task/install/custom_interface/include/custom_interface/custom_interface/srv/drawpoly.h
[4.286s] -- Installing: /home/sanjay/ros2_task/install/custom_interface/include/custom_interface/custom_interface/msg
[4.286s] -- Installing: /home/sanjay/ros2_task/install/custom_interface/include/custom_interface/custom_interface/msg/rosidl_generator_c__visibility_control.h
[4.286s] -- Installing: /home/sanjay/ros2_task/install/custom_interface/share/custom_interface/environment/library_path.sh
[4.286s] -- Installing: /home/sanjay/ros2_task/install/custom_interface/share/custom_interface/environment/library_path.dsv
[4.286s] -- Installing: /home/sanjay/ros2_task/install/custom_interface/lib/libcustom_interface__rosidl_generator_c.so
[4.286s] -- Set runtime path of "/home/sanjay/ros2_task/install/custom_interface/lib/libcustom_interface__rosidl_generator_c.so" to ""
[4.286s] -- Up-to-date: /home/sanjay/ros2_task/install/custom_interface/include/custom_interface/custom_interface
[4.286s] -- Up-to-date: /home/sanjay/ros2_task/install/custom_interface/include/custom_interface/custom_interface/srv
[4.286s] -- Up-to-date: /home/sanjay/ros2_task/install/custom_interface/include/custom_interface/custom_interface/srv/detail
[4.286s] -- Installing: /home/sanjay/ros2_task/install/custom_interface/include/custom_interface/custom_interface/srv/detail/drawpoly__rosidl_typesupport_fastrtps_c.h
[4.286s] -- Up-to-date: /home/sanjay/ros2_task/install/custom_interface/include/custom_interface/custom_interface/msg
[4.287s] -- Installing: /home/sanjay/ros2_task/install/custom_interface/include/custom_interface/custom_interface/msg/rosidl_typesupport_fastrtps_c__visibility_control.h
[4.287s] -- Installing: /home/sanjay/ros2_task/install/custom_interface/lib/libcustom_interface__rosidl_typesupport_fastrtps_c.so
[4.287s] -- Set runtime path of "/home/sanjay/ros2_task/install/custom_interface/lib/libcustom_interface__rosidl_typesupport_fastrtps_c.so" to ""
[4.287s] -- Up-to-date: /home/sanjay/ros2_task/install/custom_interface/include/custom_interface/custom_interface
[4.287s] -- Up-to-date: /home/sanjay/ros2_task/install/custom_interface/include/custom_interface/custom_interface/srv
[4.287s] -- Up-to-date: /home/sanjay/ros2_task/install/custom_interface/include/custom_interface/custom_interface/srv/detail
[4.287s] -- Installing: /home/sanjay/ros2_task/install/custom_interface/include/custom_interface/custom_interface/srv/detail/drawpoly__rosidl_typesupport_introspection_c.h
[4.287s] -- Installing: /home/sanjay/ros2_task/install/custom_interface/include/custom_interface/custom_interface/srv/detail/drawpoly__type_support.c
[4.287s] -- Up-to-date: /home/sanjay/ros2_task/install/custom_interface/include/custom_interface/custom_interface/msg
[4.287s] -- Installing: /home/sanjay/ros2_task/install/custom_interface/include/custom_interface/custom_interface/msg/rosidl_typesupport_introspection_c__visibility_control.h
[4.287s] -- Installing: /home/sanjay/ros2_task/install/custom_interface/lib/libcustom_interface__rosidl_typesupport_introspection_c.so
[4.287s] -- Set runtime path of "/home/sanjay/ros2_task/install/custom_interface/lib/libcustom_interface__rosidl_typesupport_introspection_c.so" to ""
[4.287s] -- Installing: /home/sanjay/ros2_task/install/custom_interface/lib/libcustom_interface__rosidl_typesupport_c.so
[4.288s] -- Set runtime path of "/home/sanjay/ros2_task/install/custom_interface/lib/libcustom_interface__rosidl_typesupport_c.so" to ""
[4.288s] -- Up-to-date: /home/sanjay/ros2_task/install/custom_interface/include/custom_interface/custom_interface
[4.288s] -- Up-to-date: /home/sanjay/ros2_task/install/custom_interface/include/custom_interface/custom_interface/srv
[4.288s] -- Installing: /home/sanjay/ros2_task/install/custom_interface/include/custom_interface/custom_interface/srv/drawpoly.hpp
[4.288s] -- Up-to-date: /home/sanjay/ros2_task/install/custom_interface/include/custom_interface/custom_interface/srv/detail
[4.288s] -- Installing: /home/sanjay/ros2_task/install/custom_interface/include/custom_interface/custom_interface/srv/detail/drawpoly__traits.hpp
[4.288s] -- Installing: /home/sanjay/ros2_task/install/custom_interface/include/custom_interface/custom_interface/srv/detail/drawpoly__struct.hpp
[4.288s] -- Installing: /home/sanjay/ros2_task/install/custom_interface/include/custom_interface/custom_interface/srv/detail/drawpoly__builder.hpp
[4.288s] -- Installing: /home/sanjay/ros2_task/install/custom_interface/include/custom_interface/custom_interface/srv/detail/drawpoly__type_support.hpp
[4.288s] -- Up-to-date: /home/sanjay/ros2_task/install/custom_interface/include/custom_interface/custom_interface/msg
[4.288s] -- Installing: /home/sanjay/ros2_task/install/custom_interface/include/custom_interface/custom_interface/msg/rosidl_generator_cpp__visibility_control.hpp
[4.288s] -- Up-to-date: /home/sanjay/ros2_task/install/custom_interface/include/custom_interface/custom_interface
[4.288s] -- Up-to-date: /home/sanjay/ros2_task/install/custom_interface/include/custom_interface/custom_interface/srv
[4.288s] -- Up-to-date: /home/sanjay/ros2_task/install/custom_interface/include/custom_interface/custom_interface/srv/detail
[4.289s] -- Installing: /home/sanjay/ros2_task/install/custom_interface/include/custom_interface/custom_interface/srv/detail/dds_fastrtps
[4.289s] -- Installing: /home/sanjay/ros2_task/install/custom_interface/include/custom_interface/custom_interface/srv/detail/drawpoly__rosidl_typesupport_fastrtps_cpp.hpp
[4.289s] -- Up-to-date: /home/sanjay/ros2_task/install/custom_interface/include/custom_interface/custom_interface/msg
[4.289s] -- Installing: /home/sanjay/ros2_task/install/custom_interface/include/custom_interface/custom_interface/msg/rosidl_typesupport_fastrtps_cpp__visibility_control.h
[4.289s] -- Installing: /home/sanjay/ros2_task/install/custom_interface/lib/libcustom_interface__rosidl_typesupport_fastrtps_cpp.so
[4.289s] -- Set runtime path of "/home/sanjay/ros2_task/install/custom_interface/lib/libcustom_interface__rosidl_typesupport_fastrtps_cpp.so" to ""
[4.289s] -- Up-to-date: /home/sanjay/ros2_task/install/custom_interface/include/custom_interface/custom_interface
[4.289s] -- Up-to-date: /home/sanjay/ros2_task/install/custom_interface/include/custom_interface/custom_interface/srv
[4.289s] -- Up-to-date: /home/sanjay/ros2_task/install/custom_interface/include/custom_interface/custom_interface/srv/detail
[4.289s] -- Installing: /home/sanjay/ros2_task/install/custom_interface/include/custom_interface/custom_interface/srv/detail/drawpoly__type_support.cpp
[4.289s] -- Installing: /home/sanjay/ros2_task/install/custom_interface/include/custom_interface/custom_interface/srv/detail/drawpoly__rosidl_typesupport_introspection_cpp.hpp
[4.289s] -- Installing: /home/sanjay/ros2_task/install/custom_interface/lib/libcustom_interface__rosidl_typesupport_introspection_cpp.so
[4.289s] -- Set runtime path of "/home/sanjay/ros2_task/install/custom_interface/lib/libcustom_interface__rosidl_typesupport_introspection_cpp.so" to ""
[4.289s] -- Installing: /home/sanjay/ros2_task/install/custom_interface/lib/libcustom_interface__rosidl_typesupport_cpp.so
[4.290s] -- Set runtime path of "/home/sanjay/ros2_task/install/custom_interface/lib/libcustom_interface__rosidl_typesupport_cpp.so" to ""
[4.290s] -- Installing: /home/sanjay/ros2_task/install/custom_interface/share/custom_interface/environment/pythonpath.sh
[4.290s] -- Installing: /home/sanjay/ros2_task/install/custom_interface/share/custom_interface/environment/pythonpath.dsv
[4.290s] -- Installing: /home/sanjay/ros2_task/install/custom_interface/local/lib/python3.10/dist-packages/custom_interface-0.0.0-py3.10.egg-info
[4.290s] -- Installing: /home/sanjay/ros2_task/install/custom_interface/local/lib/python3.10/dist-packages/custom_interface-0.0.0-py3.10.egg-info/SOURCES.txt
[4.290s] -- Installing: /home/sanjay/ros2_task/install/custom_interface/local/lib/python3.10/dist-packages/custom_interface-0.0.0-py3.10.egg-info/dependency_links.txt
[4.290s] -- Installing: /home/sanjay/ros2_task/install/custom_interface/local/lib/python3.10/dist-packages/custom_interface-0.0.0-py3.10.egg-info/PKG-INFO
[4.290s] -- Installing: /home/sanjay/ros2_task/install/custom_interface/local/lib/python3.10/dist-packages/custom_interface-0.0.0-py3.10.egg-info/top_level.txt
[4.290s] -- Installing: /home/sanjay/ros2_task/install/custom_interface/local/lib/python3.10/dist-packages/custom_interface
[4.290s] -- Installing: /home/sanjay/ros2_task/install/custom_interface/local/lib/python3.10/dist-packages/custom_interface/custom_interface_s__rosidl_typesupport_introspection_c.cpython-310-x86_64-linux-gnu.so
[4.290s] -- Installing: /home/sanjay/ros2_task/install/custom_interface/local/lib/python3.10/dist-packages/custom_interface/_custom_interface_s.ep.rosidl_typesupport_fastrtps_c.c
[4.291s] -- Installing: /home/sanjay/ros2_task/install/custom_interface/local/lib/python3.10/dist-packages/custom_interface/srv
[4.291s] -- Installing: /home/sanjay/ros2_task/install/custom_interface/local/lib/python3.10/dist-packages/custom_interface/srv/_drawpoly.py
[4.291s] -- Installing: /home/sanjay/ros2_task/install/custom_interface/local/lib/python3.10/dist-packages/custom_interface/srv/_drawpoly_s.c
[4.291s] -- Installing: /home/sanjay/ros2_task/install/custom_interface/local/lib/python3.10/dist-packages/custom_interface/srv/__init__.py
[4.291s] -- Installing: /home/sanjay/ros2_task/install/custom_interface/local/lib/python3.10/dist-packages/custom_interface/custom_interface_s__rosidl_typesupport_c.cpython-310-x86_64-linux-gnu.so
[4.291s] -- Installing: /home/sanjay/ros2_task/install/custom_interface/local/lib/python3.10/dist-packages/custom_interface/_custom_interface_s.ep.rosidl_typesupport_c.c
[4.291s] -- Installing: /home/sanjay/ros2_task/install/custom_interface/local/lib/python3.10/dist-packages/custom_interface/custom_interface_s__rosidl_typesupport_fastrtps_c.cpython-310-x86_64-linux-gnu.so
[4.291s] -- Installing: /home/sanjay/ros2_task/install/custom_interface/local/lib/python3.10/dist-packages/custom_interface/_custom_interface_s.ep.rosidl_typesupport_introspection_c.c
[4.291s] -- Installing: /home/sanjay/ros2_task/install/custom_interface/local/lib/python3.10/dist-packages/custom_interface/libcustom_interface__rosidl_generator_py.so
[4.291s] -- Installing: /home/sanjay/ros2_task/install/custom_interface/local/lib/python3.10/dist-packages/custom_interface/__init__.py
[4.331s] Listing '/home/sanjay/ros2_task/install/custom_interface/local/lib/python3.10/dist-packages/custom_interface'...
[4.331s] Compiling '/home/sanjay/ros2_task/install/custom_interface/local/lib/python3.10/dist-packages/custom_interface/__init__.py'...
[4.331s] Listing '/home/sanjay/ros2_task/install/custom_interface/local/lib/python3.10/dist-packages/custom_interface/srv'...
[4.331s] Compiling '/home/sanjay/ros2_task/install/custom_interface/local/lib/python3.10/dist-packages/custom_interface/srv/__init__.py'...
[4.332s] Compiling '/home/sanjay/ros2_task/install/custom_interface/local/lib/python3.10/dist-packages/custom_interface/srv/_drawpoly.py'...
[4.337s] -- Installing: /home/sanjay/ros2_task/install/custom_interface/local/lib/python3.10/dist-packages/custom_interface/custom_interface_s__rosidl_typesupport_fastrtps_c.cpython-310-x86_64-linux-gnu.so
[4.337s] -- Set runtime path of "/home/sanjay/ros2_task/install/custom_interface/local/lib/python3.10/dist-packages/custom_interface/custom_interface_s__rosidl_typesupport_fastrtps_c.cpython-310-x86_64-linux-gnu.so" to ""
[4.337s] -- Installing: /home/sanjay/ros2_task/install/custom_interface/local/lib/python3.10/dist-packages/custom_interface/custom_interface_s__rosidl_typesupport_introspection_c.cpython-310-x86_64-linux-gnu.so
[4.337s] -- Set runtime path of "/home/sanjay/ros2_task/install/custom_interface/local/lib/python3.10/dist-packages/custom_interface/custom_interface_s__rosidl_typesupport_introspection_c.cpython-310-x86_64-linux-gnu.so" to ""
[4.337s] -- Installing: /home/sanjay/ros2_task/install/custom_interface/local/lib/python3.10/dist-packages/custom_interface/custom_interface_s__rosidl_typesupport_c.cpython-310-x86_64-linux-gnu.so
[4.337s] -- Set runtime path of "/home/sanjay/ros2_task/install/custom_interface/local/lib/python3.10/dist-packages/custom_interface/custom_interface_s__rosidl_typesupport_c.cpython-310-x86_64-linux-gnu.so" to ""
[4.337s] -- Installing: /home/sanjay/ros2_task/install/custom_interface/lib/libcustom_interface__rosidl_generator_py.so
[4.337s] -- Set runtime path of "/home/sanjay/ros2_task/install/custom_interface/lib/libcustom_interface__rosidl_generator_py.so" to ""
[4.338s] -- Installing: /home/sanjay/ros2_task/install/custom_interface/share/custom_interface/srv/Drawpoly.idl
[4.338s] -- Installing: /home/sanjay/ros2_task/install/custom_interface/share/custom_interface/srv/Drawpoly.srv
[4.338s] -- Installing: /home/sanjay/ros2_task/install/custom_interface/share/custom_interface/srv/Drawpoly_Request.msg
[4.338s] -- Installing: /home/sanjay/ros2_task/install/custom_interface/share/custom_interface/srv/Drawpoly_Response.msg
[4.338s] -- Installing: /home/sanjay/ros2_task/install/custom_interface/share/ament_index/resource_index/package_run_dependencies/custom_interface
[4.338s] -- Installing: /home/sanjay/ros2_task/install/custom_interface/share/ament_index/resource_index/parent_prefix_path/custom_interface
[4.338s] -- Installing: /home/sanjay/ros2_task/install/custom_interface/share/custom_interface/environment/ament_prefix_path.sh
[4.338s] -- Installing: /home/sanjay/ros2_task/install/custom_interface/share/custom_interface/environment/ament_prefix_path.dsv
[4.338s] -- Installing: /home/sanjay/ros2_task/install/custom_interface/share/custom_interface/environment/path.sh
[4.338s] -- Installing: /home/sanjay/ros2_task/install/custom_interface/share/custom_interface/environment/path.dsv
[4.338s] -- Installing: /home/sanjay/ros2_task/install/custom_interface/share/custom_interface/local_setup.bash
[4.339s] -- Installing: /home/sanjay/ros2_task/install/custom_interface/share/custom_interface/local_setup.sh
[4.339s] -- Installing: /home/sanjay/ros2_task/install/custom_interface/share/custom_interface/local_setup.zsh
[4.339s] -- Installing: /home/sanjay/ros2_task/install/custom_interface/share/custom_interface/local_setup.dsv
[4.339s] -- Installing: /home/sanjay/ros2_task/install/custom_interface/share/custom_interface/package.dsv
[4.339s] -- Installing: /home/sanjay/ros2_task/install/custom_interface/share/ament_index/resource_index/packages/custom_interface
[4.339s] -- Installing: /home/sanjay/ros2_task/install/custom_interface/share/custom_interface/cmake/export_custom_interface__rosidl_generator_cExport.cmake
[4.339s] -- Installing: /home/sanjay/ros2_task/install/custom_interface/share/custom_interface/cmake/export_custom_interface__rosidl_generator_cExport-noconfig.cmake
[4.339s] -- Installing: /home/sanjay/ros2_task/install/custom_interface/share/custom_interface/cmake/export_custom_interface__rosidl_typesupport_fastrtps_cExport.cmake
[4.339s] -- Installing: /home/sanjay/ros2_task/install/custom_interface/share/custom_interface/cmake/export_custom_interface__rosidl_typesupport_fastrtps_cExport-noconfig.cmake
[4.339s] -- Installing: /home/sanjay/ros2_task/install/custom_interface/share/custom_interface/cmake/custom_interface__rosidl_typesupport_introspection_cExport.cmake
[4.339s] -- Installing: /home/sanjay/ros2_task/install/custom_interface/share/custom_interface/cmake/custom_interface__rosidl_typesupport_introspection_cExport-noconfig.cmake
[4.339s] -- Installing: /home/sanjay/ros2_task/install/custom_interface/share/custom_interface/cmake/custom_interface__rosidl_typesupport_cExport.cmake
[4.340s] -- Installing: /home/sanjay/ros2_task/install/custom_interface/share/custom_interface/cmake/custom_interface__rosidl_typesupport_cExport-noconfig.cmake
[4.340s] -- Installing: /home/sanjay/ros2_task/install/custom_interface/share/custom_interface/cmake/export_custom_interface__rosidl_generator_cppExport.cmake
[4.340s] -- Installing: /home/sanjay/ros2_task/install/custom_interface/share/custom_interface/cmake/export_custom_interface__rosidl_typesupport_fastrtps_cppExport.cmake
[4.340s] -- Installing: /home/sanjay/ros2_task/install/custom_interface/share/custom_interface/cmake/export_custom_interface__rosidl_typesupport_fastrtps_cppExport-noconfig.cmake
[4.340s] -- Installing: /home/sanjay/ros2_task/install/custom_interface/share/custom_interface/cmake/custom_interface__rosidl_typesupport_introspection_cppExport.cmake
[4.340s] -- Installing: /home/sanjay/ros2_task/install/custom_interface/share/custom_interface/cmake/custom_interface__rosidl_typesupport_introspection_cppExport-noconfig.cmake
[4.340s] -- Installing: /home/sanjay/ros2_task/install/custom_interface/share/custom_interface/cmake/custom_interface__rosidl_typesupport_cppExport.cmake
[4.340s] -- Installing: /home/sanjay/ros2_task/install/custom_interface/share/custom_interface/cmake/custom_interface__rosidl_typesupport_cppExport-noconfig.cmake
[4.340s] -- Installing: /home/sanjay/ros2_task/install/custom_interface/share/custom_interface/cmake/export_custom_interface__rosidl_generator_pyExport.cmake
[4.340s] -- Installing: /home/sanjay/ros2_task/install/custom_interface/share/custom_interface/cmake/export_custom_interface__rosidl_generator_pyExport-noconfig.cmake
[4.340s] -- Installing: /home/sanjay/ros2_task/install/custom_interface/share/custom_interface/cmake/rosidl_cmake-extras.cmake
[4.341s] -- Installing: /home/sanjay/ros2_task/install/custom_interface/share/custom_interface/cmake/ament_cmake_export_include_directories-extras.cmake
[4.341s] -- Installing: /home/sanjay/ros2_task/install/custom_interface/share/custom_interface/cmake/ament_cmake_export_libraries-extras.cmake
[4.341s] -- Installing: /home/sanjay/ros2_task/install/custom_interface/share/custom_interface/cmake/ament_cmake_export_targets-extras.cmake
[4.341s] -- Installing: /home/sanjay/ros2_task/install/custom_interface/share/custom_interface/cmake/rosidl_cmake_export_typesupport_targets-extras.cmake
[4.341s] -- Installing: /home/sanjay/ros2_task/install/custom_interface/share/custom_interface/cmake/ament_cmake_export_dependencies-extras.cmake
[4.341s] -- Installing: /home/sanjay/ros2_task/install/custom_interface/share/custom_interface/cmake/rosidl_cmake_export_typesupport_libraries-extras.cmake
[4.341s] -- Installing: /home/sanjay/ros2_task/install/custom_interface/share/custom_interface/cmake/custom_interfaceConfig.cmake
[4.341s] -- Installing: /home/sanjay/ros2_task/install/custom_interface/share/custom_interface/cmake/custom_interfaceConfig-version.cmake
[4.341s] -- Installing: /home/sanjay/ros2_task/install/custom_interface/share/custom_interface/package.xml
[4.344s] Invoked command in '/home/sanjay/ros2_task/build/custom_interface' returned '0': CMAKE_PREFIX_PATH=/home/sanjay/ros2_task/install/draw_poly:/home/sanjay/ros2_task/src/install/task_pkg:/opt/ros/humble /usr/bin/cmake --install /home/sanjay/ros2_task/build/custom_interface
