[0.109s] DEBUG:colcon:Command line arguments: ['/usr/bin/colcon', 'build']
[0.109s] DEBUG:colcon:Parsed command line arguments: Namespace(log_base=None, log_level=None, verb_name='build', build_base='build', install_base='install', merge_install=False, symlink_install=False, test_result_base=None, continue_on_error=False, executor='parallel', parallel_workers=12, event_handlers=None, ignore_user_meta=False, metas=['./colcon.meta'], base_paths=['.'], packages_ignore=None, packages_ignore_regex=None, paths=None, packages_up_to=None, packages_up_to_regex=None, packages_above=None, packages_above_and_dependencies=None, packages_above_depth=None, packages_select_by_dep=None, packages_skip_by_dep=None, packages_skip_up_to=None, packages_select_build_failed=False, packages_skip_build_finished=False, packages_select_test_failures=False, packages_skip_test_passed=False, packages_select=None, packages_skip=None, packages_select_regex=None, packages_skip_regex=None, packages_start=None, packages_end=None, allow_overriding=[], cmake_args=None, cmake_target=None, cmake_target_skip_unavailable=False, cmake_clean_cache=False, cmake_clean_first=False, cmake_force_configure=False, ament_cmake_args=None, catkin_cmake_args=None, catkin_skip_building_tests=False, mixin_files=None, mixin=None, verb_parser=<colcon_mixin.mixin.mixin_argument.MixinArgumentDecorator object at 0x7f30a9c50e50>, verb_extension=<colcon_core.verb.build.BuildVerb object at 0x7f30a9c509a0>, main=<bound method BuildVerb.main of <colcon_core.verb.build.BuildVerb object at 0x7f30a9c509a0>>, mixin_verb=('build',))
[0.265s] Level 1:colcon.colcon_core.package_discovery:discover_packages(colcon_meta) check parameters
[0.265s] Level 1:colcon.colcon_core.package_discovery:discover_packages(recursive) check parameters
[0.265s] Level 1:colcon.colcon_core.package_discovery:discover_packages(ignore) check parameters
[0.265s] Level 1:colcon.colcon_core.package_discovery:discover_packages(path) check parameters
[0.265s] Level 1:colcon.colcon_core.package_discovery:discover_packages(colcon_meta) discover
[0.265s] Level 1:colcon.colcon_core.package_discovery:discover_packages(recursive) discover
[0.265s] INFO:colcon.colcon_core.package_discovery:Crawling recursively for packages in '/home/sanjay/ros2_task'
[0.265s] Level 1:colcon.colcon_core.package_identification:_identify(.) by extensions ['ignore', 'ignore_ament_install']
[0.265s] Level 1:colcon.colcon_core.package_identification:_identify(.) by extension 'ignore'
[0.265s] Level 1:colcon.colcon_core.package_identification:_identify(.) by extension 'ignore_ament_install'
[0.265s] Level 1:colcon.colcon_core.package_identification:_identify(.) by extensions ['colcon_pkg']
[0.265s] Level 1:colcon.colcon_core.package_identification:_identify(.) by extension 'colcon_pkg'
[0.265s] Level 1:colcon.colcon_core.package_identification:_identify(.) by extensions ['colcon_meta']
[0.265s] Level 1:colcon.colcon_core.package_identification:_identify(.) by extension 'colcon_meta'
[0.265s] Level 1:colcon.colcon_core.package_identification:_identify(.) by extensions ['ros']
[0.265s] Level 1:colcon.colcon_core.package_identification:_identify(.) by extension 'ros'
[0.277s] Level 1:colcon.colcon_core.package_identification:_identify(.) by extensions ['cmake', 'python']
[0.277s] Level 1:colcon.colcon_core.package_identification:_identify(.) by extension 'cmake'
[0.277s] Level 1:colcon.colcon_core.package_identification:_identify(.) by extension 'python'
[0.277s] Level 1:colcon.colcon_core.package_identification:_identify(.) by extensions ['python_setup_py']
[0.277s] Level 1:colcon.colcon_core.package_identification:_identify(.) by extension 'python_setup_py'
[0.278s] Level 1:colcon.colcon_core.package_identification:_identify(build) by extensions ['ignore', 'ignore_ament_install']
[0.278s] Level 1:colcon.colcon_core.package_identification:_identify(build) by extension 'ignore'
[0.278s] Level 1:colcon.colcon_core.package_identification:_identify(build) ignored
[0.278s] Level 1:colcon.colcon_core.package_identification:_identify(install) by extensions ['ignore', 'ignore_ament_install']
[0.278s] Level 1:colcon.colcon_core.package_identification:_identify(install) by extension 'ignore'
[0.278s] Level 1:colcon.colcon_core.package_identification:_identify(install) ignored
[0.278s] Level 1:colcon.colcon_core.package_identification:_identify(log) by extensions ['ignore', 'ignore_ament_install']
[0.278s] Level 1:colcon.colcon_core.package_identification:_identify(log) by extension 'ignore'
[0.278s] Level 1:colcon.colcon_core.package_identification:_identify(log) ignored
[0.278s] Level 1:colcon.colcon_core.package_identification:_identify(src) by extensions ['ignore', 'ignore_ament_install']
[0.278s] Level 1:colcon.colcon_core.package_identification:_identify(src) by extension 'ignore'
[0.278s] Level 1:colcon.colcon_core.package_identification:_identify(src) by extension 'ignore_ament_install'
[0.278s] Level 1:colcon.colcon_core.package_identification:_identify(src) by extensions ['colcon_pkg']
[0.278s] Level 1:colcon.colcon_core.package_identification:_identify(src) by extension 'colcon_pkg'
[0.278s] Level 1:colcon.colcon_core.package_identification:_identify(src) by extensions ['colcon_meta']
[0.278s] Level 1:colcon.colcon_core.package_identification:_identify(src) by extension 'colcon_meta'
[0.278s] Level 1:colcon.colcon_core.package_identification:_identify(src) by extensions ['ros']
[0.278s] Level 1:colcon.colcon_core.package_identification:_identify(src) by extension 'ros'
[0.279s] Level 1:colcon.colcon_core.package_identification:_identify(src) by extensions ['cmake', 'python']
[0.279s] Level 1:colcon.colcon_core.package_identification:_identify(src) by extension 'cmake'
[0.279s] Level 1:colcon.colcon_core.package_identification:_identify(src) by extension 'python'
[0.279s] Level 1:colcon.colcon_core.package_identification:_identify(src) by extensions ['python_setup_py']
[0.279s] Level 1:colcon.colcon_core.package_identification:_identify(src) by extension 'python_setup_py'
[0.279s] Level 1:colcon.colcon_core.package_identification:_identify(src/build) by extensions ['ignore', 'ignore_ament_install']
[0.279s] Level 1:colcon.colcon_core.package_identification:_identify(src/build) by extension 'ignore'
[0.279s] Level 1:colcon.colcon_core.package_identification:_identify(src/build) ignored
[0.279s] Level 1:colcon.colcon_core.package_identification:_identify(src/cpp_pubsub) by extensions ['ignore', 'ignore_ament_install']
[0.279s] Level 1:colcon.colcon_core.package_identification:_identify(src/cpp_pubsub) by extension 'ignore'
[0.279s] Level 1:colcon.colcon_core.package_identification:_identify(src/cpp_pubsub) by extension 'ignore_ament_install'
[0.279s] Level 1:colcon.colcon_core.package_identification:_identify(src/cpp_pubsub) by extensions ['colcon_pkg']
[0.279s] Level 1:colcon.colcon_core.package_identification:_identify(src/cpp_pubsub) by extension 'colcon_pkg'
[0.279s] Level 1:colcon.colcon_core.package_identification:_identify(src/cpp_pubsub) by extensions ['colcon_meta']
[0.279s] Level 1:colcon.colcon_core.package_identification:_identify(src/cpp_pubsub) by extension 'colcon_meta'
[0.279s] Level 1:colcon.colcon_core.package_identification:_identify(src/cpp_pubsub) by extensions ['ros']
[0.279s] Level 1:colcon.colcon_core.package_identification:_identify(src/cpp_pubsub) by extension 'ros'
[0.282s] DEBUG:colcon.colcon_core.package_identification:Package 'src/cpp_pubsub' with type 'ros.ament_cmake' and name 'cpp_pubsub'
[0.282s] Level 1:colcon.colcon_core.package_identification:_identify(src/cpp_tasks) by extensions ['ignore', 'ignore_ament_install']
[0.282s] Level 1:colcon.colcon_core.package_identification:_identify(src/cpp_tasks) by extension 'ignore'
[0.282s] Level 1:colcon.colcon_core.package_identification:_identify(src/cpp_tasks) by extension 'ignore_ament_install'
[0.282s] Level 1:colcon.colcon_core.package_identification:_identify(src/cpp_tasks) by extensions ['colcon_pkg']
[0.282s] Level 1:colcon.colcon_core.package_identification:_identify(src/cpp_tasks) by extension 'colcon_pkg'
[0.282s] Level 1:colcon.colcon_core.package_identification:_identify(src/cpp_tasks) by extensions ['colcon_meta']
[0.282s] Level 1:colcon.colcon_core.package_identification:_identify(src/cpp_tasks) by extension 'colcon_meta'
[0.282s] Level 1:colcon.colcon_core.package_identification:_identify(src/cpp_tasks) by extensions ['ros']
[0.282s] Level 1:colcon.colcon_core.package_identification:_identify(src/cpp_tasks) by extension 'ros'
[0.283s] DEBUG:colcon.colcon_core.package_identification:Package 'src/cpp_tasks' with type 'ros.ament_cmake' and name 'cpp_tasks'
[0.283s] Level 1:colcon.colcon_core.package_identification:_identify(src/custom_interface) by extensions ['ignore', 'ignore_ament_install']
[0.284s] Level 1:colcon.colcon_core.package_identification:_identify(src/custom_interface) by extension 'ignore'
[0.284s] Level 1:colcon.colcon_core.package_identification:_identify(src/custom_interface) by extension 'ignore_ament_install'
[0.284s] Level 1:colcon.colcon_core.package_identification:_identify(src/custom_interface) by extensions ['colcon_pkg']
[0.284s] Level 1:colcon.colcon_core.package_identification:_identify(src/custom_interface) by extension 'colcon_pkg'
[0.284s] Level 1:colcon.colcon_core.package_identification:_identify(src/custom_interface) by extensions ['colcon_meta']
[0.284s] Level 1:colcon.colcon_core.package_identification:_identify(src/custom_interface) by extension 'colcon_meta'
[0.284s] Level 1:colcon.colcon_core.package_identification:_identify(src/custom_interface) by extensions ['ros']
[0.284s] Level 1:colcon.colcon_core.package_identification:_identify(src/custom_interface) by extension 'ros'
[0.284s] DEBUG:colcon.colcon_core.package_identification:Package 'src/custom_interface' with type 'ros.ament_cmake' and name 'custom_interface'
[0.284s] Level 1:colcon.colcon_core.package_identification:_identify(src/draw_poly) by extensions ['ignore', 'ignore_ament_install']
[0.285s] Level 1:colcon.colcon_core.package_identification:_identify(src/draw_poly) by extension 'ignore'
[0.285s] Level 1:colcon.colcon_core.package_identification:_identify(src/draw_poly) by extension 'ignore_ament_install'
[0.285s] Level 1:colcon.colcon_core.package_identification:_identify(src/draw_poly) by extensions ['colcon_pkg']
[0.285s] Level 1:colcon.colcon_core.package_identification:_identify(src/draw_poly) by extension 'colcon_pkg'
[0.285s] Level 1:colcon.colcon_core.package_identification:_identify(src/draw_poly) by extensions ['colcon_meta']
[0.285s] Level 1:colcon.colcon_core.package_identification:_identify(src/draw_poly) by extension 'colcon_meta'
[0.285s] Level 1:colcon.colcon_core.package_identification:_identify(src/draw_poly) by extensions ['ros']
[0.285s] Level 1:colcon.colcon_core.package_identification:_identify(src/draw_poly) by extension 'ros'
[0.285s] DEBUG:colcon.colcon_core.package_identification:Package 'src/draw_poly' with type 'ros.ament_python' and name 'draw_poly'
[0.286s] Level 1:colcon.colcon_core.package_identification:_identify(src/install) by extensions ['ignore', 'ignore_ament_install']
[0.286s] Level 1:colcon.colcon_core.package_identification:_identify(src/install) by extension 'ignore'
[0.286s] Level 1:colcon.colcon_core.package_identification:_identify(src/install) ignored
[0.286s] Level 1:colcon.colcon_core.package_identification:_identify(src/log) by extensions ['ignore', 'ignore_ament_install']
[0.286s] Level 1:colcon.colcon_core.package_identification:_identify(src/log) by extension 'ignore'
[0.286s] Level 1:colcon.colcon_core.package_identification:_identify(src/log) ignored
[0.286s] Level 1:colcon.colcon_core.package_identification:_identify(src/task_pkg) by extensions ['ignore', 'ignore_ament_install']
[0.286s] Level 1:colcon.colcon_core.package_identification:_identify(src/task_pkg) by extension 'ignore'
[0.286s] Level 1:colcon.colcon_core.package_identification:_identify(src/task_pkg) by extension 'ignore_ament_install'
[0.286s] Level 1:colcon.colcon_core.package_identification:_identify(src/task_pkg) by extensions ['colcon_pkg']
[0.286s] Level 1:colcon.colcon_core.package_identification:_identify(src/task_pkg) by extension 'colcon_pkg'
[0.286s] Level 1:colcon.colcon_core.package_identification:_identify(src/task_pkg) by extensions ['colcon_meta']
[0.286s] Level 1:colcon.colcon_core.package_identification:_identify(src/task_pkg) by extension 'colcon_meta'
[0.286s] Level 1:colcon.colcon_core.package_identification:_identify(src/task_pkg) by extensions ['ros']
[0.286s] Level 1:colcon.colcon_core.package_identification:_identify(src/task_pkg) by extension 'ros'
[0.287s] DEBUG:colcon.colcon_core.package_identification:Package 'src/task_pkg' with type 'ros.ament_python' and name 'task_pkg'
[0.287s] Level 1:colcon.colcon_core.package_discovery:discover_packages(recursive) using defaults
[0.287s] Level 1:colcon.colcon_core.package_discovery:discover_packages(ignore) discover
[0.287s] Level 1:colcon.colcon_core.package_discovery:discover_packages(ignore) using defaults
[0.287s] Level 1:colcon.colcon_core.package_discovery:discover_packages(path) discover
[0.287s] Level 1:colcon.colcon_core.package_discovery:discover_packages(path) using defaults
[0.319s] Level 1:colcon.colcon_core.package_discovery:discover_packages(prefix_path) check parameters
[0.319s] Level 1:colcon.colcon_core.package_discovery:discover_packages(prefix_path) discover
[0.321s] DEBUG:colcon.colcon_installed_package_information.package_discovery:Found 295 installed packages in /opt/ros/humble
[0.323s] Level 1:colcon.colcon_core.package_discovery:discover_packages(prefix_path) using defaults
[0.360s] Level 5:colcon.colcon_core.verb:set package 'cpp_pubsub' build argument 'cmake_args' from command line to 'None'
[0.360s] Level 5:colcon.colcon_core.verb:set package 'cpp_pubsub' build argument 'cmake_target' from command line to 'None'
[0.360s] Level 5:colcon.colcon_core.verb:set package 'cpp_pubsub' build argument 'cmake_target_skip_unavailable' from command line to 'False'
[0.360s] Level 5:colcon.colcon_core.verb:set package 'cpp_pubsub' build argument 'cmake_clean_cache' from command line to 'False'
[0.360s] Level 5:colcon.colcon_core.verb:set package 'cpp_pubsub' build argument 'cmake_clean_first' from command line to 'False'
[0.360s] Level 5:colcon.colcon_core.verb:set package 'cpp_pubsub' build argument 'cmake_force_configure' from command line to 'False'
[0.360s] Level 5:colcon.colcon_core.verb:set package 'cpp_pubsub' build argument 'ament_cmake_args' from command line to 'None'
[0.360s] Level 5:colcon.colcon_core.verb:set package 'cpp_pubsub' build argument 'catkin_cmake_args' from command line to 'None'
[0.360s] Level 5:colcon.colcon_core.verb:set package 'cpp_pubsub' build argument 'catkin_skip_building_tests' from command line to 'False'
[0.360s] DEBUG:colcon.colcon_core.verb:Building package 'cpp_pubsub' with the following arguments: {'ament_cmake_args': None, 'build_base': '/home/sanjay/ros2_task/build/cpp_pubsub', 'catkin_cmake_args': None, 'catkin_skip_building_tests': False, 'cmake_args': None, 'cmake_clean_cache': False, 'cmake_clean_first': False, 'cmake_force_configure': False, 'cmake_target': None, 'cmake_target_skip_unavailable': False, 'install_base': '/home/sanjay/ros2_task/install/cpp_pubsub', 'merge_install': False, 'path': '/home/sanjay/ros2_task/src/cpp_pubsub', 'symlink_install': False, 'test_result_base': None}
[0.361s] Level 5:colcon.colcon_core.verb:set package 'custom_interface' build argument 'cmake_args' from command line to 'None'
[0.361s] Level 5:colcon.colcon_core.verb:set package 'custom_interface' build argument 'cmake_target' from command line to 'None'
[0.361s] Level 5:colcon.colcon_core.verb:set package 'custom_interface' build argument 'cmake_target_skip_unavailable' from command line to 'False'
[0.361s] Level 5:colcon.colcon_core.verb:set package 'custom_interface' build argument 'cmake_clean_cache' from command line to 'False'
[0.361s] Level 5:colcon.colcon_core.verb:set package 'custom_interface' build argument 'cmake_clean_first' from command line to 'False'
[0.361s] Level 5:colcon.colcon_core.verb:set package 'custom_interface' build argument 'cmake_force_configure' from command line to 'False'
[0.361s] Level 5:colcon.colcon_core.verb:set package 'custom_interface' build argument 'ament_cmake_args' from command line to 'None'
[0.361s] Level 5:colcon.colcon_core.verb:set package 'custom_interface' build argument 'catkin_cmake_args' from command line to 'None'
[0.361s] Level 5:colcon.colcon_core.verb:set package 'custom_interface' build argument 'catkin_skip_building_tests' from command line to 'False'
[0.361s] DEBUG:colcon.colcon_core.verb:Building package 'custom_interface' with the following arguments: {'ament_cmake_args': None, 'build_base': '/home/sanjay/ros2_task/build/custom_interface', 'catkin_cmake_args': None, 'catkin_skip_building_tests': False, 'cmake_args': None, 'cmake_clean_cache': False, 'cmake_clean_first': False, 'cmake_force_configure': False, 'cmake_target': None, 'cmake_target_skip_unavailable': False, 'install_base': '/home/sanjay/ros2_task/install/custom_interface', 'merge_install': False, 'path': '/home/sanjay/ros2_task/src/custom_interface', 'symlink_install': False, 'test_result_base': None}
[0.361s] Level 5:colcon.colcon_core.verb:set package 'draw_poly' build argument 'cmake_args' from command line to 'None'
[0.361s] Level 5:colcon.colcon_core.verb:set package 'draw_poly' build argument 'cmake_target' from command line to 'None'
[0.361s] Level 5:colcon.colcon_core.verb:set package 'draw_poly' build argument 'cmake_target_skip_unavailable' from command line to 'False'
[0.361s] Level 5:colcon.colcon_core.verb:set package 'draw_poly' build argument 'cmake_clean_cache' from command line to 'False'
[0.361s] Level 5:colcon.colcon_core.verb:set package 'draw_poly' build argument 'cmake_clean_first' from command line to 'False'
[0.361s] Level 5:colcon.colcon_core.verb:set package 'draw_poly' build argument 'cmake_force_configure' from command line to 'False'
[0.362s] Level 5:colcon.colcon_core.verb:set package 'draw_poly' build argument 'ament_cmake_args' from command line to 'None'
[0.362s] Level 5:colcon.colcon_core.verb:set package 'draw_poly' build argument 'catkin_cmake_args' from command line to 'None'
[0.362s] Level 5:colcon.colcon_core.verb:set package 'draw_poly' build argument 'catkin_skip_building_tests' from command line to 'False'
[0.362s] DEBUG:colcon.colcon_core.verb:Building package 'draw_poly' with the following arguments: {'ament_cmake_args': None, 'build_base': '/home/sanjay/ros2_task/build/draw_poly', 'catkin_cmake_args': None, 'catkin_skip_building_tests': False, 'cmake_args': None, 'cmake_clean_cache': False, 'cmake_clean_first': False, 'cmake_force_configure': False, 'cmake_target': None, 'cmake_target_skip_unavailable': False, 'install_base': '/home/sanjay/ros2_task/install/draw_poly', 'merge_install': False, 'path': '/home/sanjay/ros2_task/src/draw_poly', 'symlink_install': False, 'test_result_base': None}
[0.362s] Level 5:colcon.colcon_core.verb:set package 'task_pkg' build argument 'cmake_args' from command line to 'None'
[0.362s] Level 5:colcon.colcon_core.verb:set package 'task_pkg' build argument 'cmake_target' from command line to 'None'
[0.362s] Level 5:colcon.colcon_core.verb:set package 'task_pkg' build argument 'cmake_target_skip_unavailable' from command line to 'False'
[0.362s] Level 5:colcon.colcon_core.verb:set package 'task_pkg' build argument 'cmake_clean_cache' from command line to 'False'
[0.362s] Level 5:colcon.colcon_core.verb:set package 'task_pkg' build argument 'cmake_clean_first' from command line to 'False'
[0.362s] Level 5:colcon.colcon_core.verb:set package 'task_pkg' build argument 'cmake_force_configure' from command line to 'False'
[0.362s] Level 5:colcon.colcon_core.verb:set package 'task_pkg' build argument 'ament_cmake_args' from command line to 'None'
[0.362s] Level 5:colcon.colcon_core.verb:set package 'task_pkg' build argument 'catkin_cmake_args' from command line to 'None'
[0.362s] Level 5:colcon.colcon_core.verb:set package 'task_pkg' build argument 'catkin_skip_building_tests' from command line to 'False'
[0.362s] DEBUG:colcon.colcon_core.verb:Building package 'task_pkg' with the following arguments: {'ament_cmake_args': None, 'build_base': '/home/sanjay/ros2_task/build/task_pkg', 'catkin_cmake_args': None, 'catkin_skip_building_tests': False, 'cmake_args': None, 'cmake_clean_cache': False, 'cmake_clean_first': False, 'cmake_force_configure': False, 'cmake_target': None, 'cmake_target_skip_unavailable': False, 'install_base': '/home/sanjay/ros2_task/install/task_pkg', 'merge_install': False, 'path': '/home/sanjay/ros2_task/src/task_pkg', 'symlink_install': False, 'test_result_base': None}
[0.362s] Level 5:colcon.colcon_core.verb:set package 'cpp_tasks' build argument 'cmake_args' from command line to 'None'
[0.362s] Level 5:colcon.colcon_core.verb:set package 'cpp_tasks' build argument 'cmake_target' from command line to 'None'
[0.362s] Level 5:colcon.colcon_core.verb:set package 'cpp_tasks' build argument 'cmake_target_skip_unavailable' from command line to 'False'
[0.362s] Level 5:colcon.colcon_core.verb:set package 'cpp_tasks' build argument 'cmake_clean_cache' from command line to 'False'
[0.362s] Level 5:colcon.colcon_core.verb:set package 'cpp_tasks' build argument 'cmake_clean_first' from command line to 'False'
[0.363s] Level 5:colcon.colcon_core.verb:set package 'cpp_tasks' build argument 'cmake_force_configure' from command line to 'False'
[0.363s] Level 5:colcon.colcon_core.verb:set package 'cpp_tasks' build argument 'ament_cmake_args' from command line to 'None'
[0.363s] Level 5:colcon.colcon_core.verb:set package 'cpp_tasks' build argument 'catkin_cmake_args' from command line to 'None'
[0.363s] Level 5:colcon.colcon_core.verb:set package 'cpp_tasks' build argument 'catkin_skip_building_tests' from command line to 'False'
[0.363s] DEBUG:colcon.colcon_core.verb:Building package 'cpp_tasks' with the following arguments: {'ament_cmake_args': None, 'build_base': '/home/sanjay/ros2_task/build/cpp_tasks', 'catkin_cmake_args': None, 'catkin_skip_building_tests': False, 'cmake_args': None, 'cmake_clean_cache': False, 'cmake_clean_first': False, 'cmake_force_configure': False, 'cmake_target': None, 'cmake_target_skip_unavailable': False, 'install_base': '/home/sanjay/ros2_task/install/cpp_tasks', 'merge_install': False, 'path': '/home/sanjay/ros2_task/src/cpp_tasks', 'symlink_install': False, 'test_result_base': None}
[0.363s] INFO:colcon.colcon_core.executor:Executing jobs using 'parallel' executor
[0.364s] DEBUG:colcon.colcon_parallel_executor.executor.parallel:run_until_complete
[0.364s] INFO:colcon.colcon_ros.task.ament_cmake.build:Building ROS package in '/home/sanjay/ros2_task/src/custom_interface' with build type 'ament_cmake'
[0.364s] INFO:colcon.colcon_cmake.task.cmake.build:Building CMake package in '/home/sanjay/ros2_task/src/custom_interface'
[0.366s] INFO:colcon.colcon_core.plugin_system:Skipping extension 'colcon_core.shell.bat': Not used on non-Windows systems
[0.367s] INFO:colcon.colcon_core.shell:Skip shell extension 'powershell' for command environment: Not usable outside of PowerShell
[0.367s] DEBUG:colcon.colcon_core.shell:Skip shell extension 'dsv' for command environment
[0.369s] INFO:colcon.colcon_ros.task.ament_cmake.build:Building ROS package in '/home/sanjay/ros2_task/src/cpp_pubsub' with build type 'ament_cmake'
[0.370s] INFO:colcon.colcon_cmake.task.cmake.build:Building CMake package in '/home/sanjay/ros2_task/src/cpp_pubsub'
[0.370s] INFO:colcon.colcon_core.shell:Skip shell extension 'powershell' for command environment: Not usable outside of PowerShell
[0.370s] DEBUG:colcon.colcon_core.shell:Skip shell extension 'dsv' for command environment
[0.372s] INFO:colcon.colcon_ros.task.ament_python.build:Building ROS package in '/home/sanjay/ros2_task/src/draw_poly' with build type 'ament_python'
[0.372s] Level 1:colcon.colcon_core.shell:create_environment_hook('draw_poly', 'ament_prefix_path')
[0.373s] INFO:colcon.colcon_core.shell:Creating environment hook '/home/sanjay/ros2_task/install/draw_poly/share/draw_poly/hook/ament_prefix_path.ps1'
[0.373s] INFO:colcon.colcon_core.shell:Creating environment descriptor '/home/sanjay/ros2_task/install/draw_poly/share/draw_poly/hook/ament_prefix_path.dsv'
[0.374s] INFO:colcon.colcon_core.shell:Creating environment hook '/home/sanjay/ros2_task/install/draw_poly/share/draw_poly/hook/ament_prefix_path.sh'
[0.374s] INFO:colcon.colcon_core.shell:Skip shell extension 'powershell' for command environment: Not usable outside of PowerShell
[0.374s] DEBUG:colcon.colcon_core.shell:Skip shell extension 'dsv' for command environment
[0.377s] INFO:colcon.colcon_ros.task.ament_python.build:Building ROS package in '/home/sanjay/ros2_task/src/task_pkg' with build type 'ament_python'
[0.377s] Level 1:colcon.colcon_core.shell:create_environment_hook('task_pkg', 'ament_prefix_path')
[0.377s] INFO:colcon.colcon_core.shell:Creating environment hook '/home/sanjay/ros2_task/install/task_pkg/share/task_pkg/hook/ament_prefix_path.ps1'
[0.378s] INFO:colcon.colcon_core.shell:Creating environment descriptor '/home/sanjay/ros2_task/install/task_pkg/share/task_pkg/hook/ament_prefix_path.dsv'
[0.378s] INFO:colcon.colcon_core.shell:Creating environment hook '/home/sanjay/ros2_task/install/task_pkg/share/task_pkg/hook/ament_prefix_path.sh'
[0.379s] INFO:colcon.colcon_core.shell:Skip shell extension 'powershell' for command environment: Not usable outside of PowerShell
[0.379s] DEBUG:colcon.colcon_core.shell:Skip shell extension 'dsv' for command environment
[0.389s] DEBUG:colcon.colcon_core.event_handler.log_command:Invoking command in '/home/sanjay/ros2_task/build/custom_interface': CMAKE_PREFIX_PATH=/opt/ros/humble /usr/bin/cmake --build /home/sanjay/ros2_task/build/custom_interface -- -j12 -l12
[0.394s] DEBUG:colcon.colcon_core.event_handler.log_command:Invoking command in '/home/sanjay/ros2_task/build/cpp_pubsub': CMAKE_PREFIX_PATH=/opt/ros/humble /usr/bin/cmake --build /home/sanjay/ros2_task/build/cpp_pubsub -- -j12 -l12
[0.783s] INFO:colcon.colcon_core.task.python.build:Building Python package in '/home/sanjay/ros2_task/src/draw_poly'
[0.783s] INFO:colcon.colcon_core.shell:Skip shell extension 'powershell' for command environment: Not usable outside of PowerShell
[0.783s] DEBUG:colcon.colcon_core.shell:Skip shell extension 'dsv' for command environment
[1.074s] INFO:colcon.colcon_core.task.python.build:Building Python package in '/home/sanjay/ros2_task/src/task_pkg'
[1.075s] INFO:colcon.colcon_core.shell:Skip shell extension 'powershell' for command environment: Not usable outside of PowerShell
[1.075s] DEBUG:colcon.colcon_core.shell:Skip shell extension 'dsv' for command environment
[1.079s] DEBUG:colcon.colcon_core.event_handler.log_command:Invoked command in '/home/sanjay/ros2_task/build/cpp_pubsub' returned '0': CMAKE_PREFIX_PATH=/opt/ros/humble /usr/bin/cmake --build /home/sanjay/ros2_task/build/cpp_pubsub -- -j12 -l12
[1.091s] DEBUG:colcon.colcon_core.event_handler.log_command:Invoking command in '/home/sanjay/ros2_task/build/cpp_pubsub': CMAKE_PREFIX_PATH=/opt/ros/humble /usr/bin/cmake --install /home/sanjay/ros2_task/build/cpp_pubsub
[1.096s] DEBUG:colcon.colcon_core.event_handler.log_command:Invoked command in '/home/sanjay/ros2_task/build/custom_interface' returned '0': CMAKE_PREFIX_PATH=/opt/ros/humble /usr/bin/cmake --build /home/sanjay/ros2_task/build/custom_interface -- -j12 -l12
[1.098s] DEBUG:colcon.colcon_core.event_handler.log_command:Invoking command in '/home/sanjay/ros2_task/build/custom_interface': CMAKE_PREFIX_PATH=/opt/ros/humble /usr/bin/cmake --install /home/sanjay/ros2_task/build/custom_interface
[1.106s] Level 1:colcon.colcon_core.environment:create_environment_scripts_only(cpp_pubsub)
[1.107s] DEBUG:colcon.colcon_core.event_handler.log_command:Invoked command in '/home/sanjay/ros2_task/build/cpp_pubsub' returned '0': CMAKE_PREFIX_PATH=/opt/ros/humble /usr/bin/cmake --install /home/sanjay/ros2_task/build/cpp_pubsub
[1.112s] Level 1:colcon.colcon_core.environment:checking '/home/sanjay/ros2_task/install/cpp_pubsub' for CMake module files
[1.120s] Level 1:colcon.colcon_core.environment:checking '/home/sanjay/ros2_task/install/cpp_pubsub' for CMake config files
[1.120s] Level 1:colcon.colcon_core.shell:create_environment_hook('cpp_pubsub', 'cmake_prefix_path')
[1.121s] INFO:colcon.colcon_core.shell:Creating environment hook '/home/sanjay/ros2_task/install/cpp_pubsub/share/cpp_pubsub/hook/cmake_prefix_path.ps1'
[1.122s] INFO:colcon.colcon_core.shell:Creating environment descriptor '/home/sanjay/ros2_task/install/cpp_pubsub/share/cpp_pubsub/hook/cmake_prefix_path.dsv'
[1.122s] INFO:colcon.colcon_core.shell:Creating environment hook '/home/sanjay/ros2_task/install/cpp_pubsub/share/cpp_pubsub/hook/cmake_prefix_path.sh'
[1.124s] Level 1:colcon.colcon_core.environment:checking '/home/sanjay/ros2_task/install/cpp_pubsub/lib'
[1.124s] Level 1:colcon.colcon_core.environment:checking '/home/sanjay/ros2_task/install/cpp_pubsub/bin'
[1.124s] Level 1:colcon.colcon_core.environment:checking '/home/sanjay/ros2_task/install/cpp_pubsub/lib/pkgconfig/cpp_pubsub.pc'
[1.125s] Level 1:colcon.colcon_core.environment:checking '/home/sanjay/ros2_task/install/cpp_pubsub/lib/python3.10/site-packages'
[1.125s] Level 1:colcon.colcon_core.environment:checking '/home/sanjay/ros2_task/install/cpp_pubsub/bin'
[1.126s] INFO:colcon.colcon_core.shell:Creating package script '/home/sanjay/ros2_task/install/cpp_pubsub/share/cpp_pubsub/package.ps1'
[1.127s] INFO:colcon.colcon_core.shell:Creating package descriptor '/home/sanjay/ros2_task/install/cpp_pubsub/share/cpp_pubsub/package.dsv'
[1.128s] INFO:colcon.colcon_core.shell:Creating package script '/home/sanjay/ros2_task/install/cpp_pubsub/share/cpp_pubsub/package.sh'
[1.130s] INFO:colcon.colcon_core.shell:Creating package script '/home/sanjay/ros2_task/install/cpp_pubsub/share/cpp_pubsub/package.bash'
[1.132s] INFO:colcon.colcon_core.shell:Creating package script '/home/sanjay/ros2_task/install/cpp_pubsub/share/cpp_pubsub/package.zsh'
[1.133s] Level 1:colcon.colcon_core.environment:create_file_with_runtime_dependencies(/home/sanjay/ros2_task/install/cpp_pubsub/share/colcon-core/packages/cpp_pubsub)
[1.135s] Level 1:colcon.colcon_core.environment:create_environment_scripts_only(cpp_pubsub)
[1.135s] Level 1:colcon.colcon_core.environment:checking '/home/sanjay/ros2_task/install/cpp_pubsub' for CMake module files
[1.136s] Level 1:colcon.colcon_core.environment:checking '/home/sanjay/ros2_task/install/cpp_pubsub' for CMake config files
[1.137s] Level 1:colcon.colcon_core.shell:create_environment_hook('cpp_pubsub', 'cmake_prefix_path')
[1.137s] INFO:colcon.colcon_core.shell:Creating environment hook '/home/sanjay/ros2_task/install/cpp_pubsub/share/cpp_pubsub/hook/cmake_prefix_path.ps1'
[1.138s] INFO:colcon.colcon_core.shell:Creating environment descriptor '/home/sanjay/ros2_task/install/cpp_pubsub/share/cpp_pubsub/hook/cmake_prefix_path.dsv'
[1.139s] INFO:colcon.colcon_core.shell:Creating environment hook '/home/sanjay/ros2_task/install/cpp_pubsub/share/cpp_pubsub/hook/cmake_prefix_path.sh'
[1.140s] Level 1:colcon.colcon_core.environment:checking '/home/sanjay/ros2_task/install/cpp_pubsub/lib'
[1.140s] Level 1:colcon.colcon_core.environment:checking '/home/sanjay/ros2_task/install/cpp_pubsub/bin'
[1.140s] Level 1:colcon.colcon_core.environment:checking '/home/sanjay/ros2_task/install/cpp_pubsub/lib/pkgconfig/cpp_pubsub.pc'
[1.141s] Level 1:colcon.colcon_core.environment:checking '/home/sanjay/ros2_task/install/cpp_pubsub/lib/python3.10/site-packages'
[1.141s] Level 1:colcon.colcon_core.environment:checking '/home/sanjay/ros2_task/install/cpp_pubsub/bin'
[1.142s] INFO:colcon.colcon_core.shell:Creating package script '/home/sanjay/ros2_task/install/cpp_pubsub/share/cpp_pubsub/package.ps1'
[1.143s] INFO:colcon.colcon_core.shell:Creating package descriptor '/home/sanjay/ros2_task/install/cpp_pubsub/share/cpp_pubsub/package.dsv'
[1.144s] INFO:colcon.colcon_core.shell:Creating package script '/home/sanjay/ros2_task/install/cpp_pubsub/share/cpp_pubsub/package.sh'
[1.145s] INFO:colcon.colcon_core.shell:Creating package script '/home/sanjay/ros2_task/install/cpp_pubsub/share/cpp_pubsub/package.bash'
[1.146s] INFO:colcon.colcon_core.shell:Creating package script '/home/sanjay/ros2_task/install/cpp_pubsub/share/cpp_pubsub/package.zsh'
[1.147s] Level 1:colcon.colcon_core.environment:create_file_with_runtime_dependencies(/home/sanjay/ros2_task/install/cpp_pubsub/share/colcon-core/packages/cpp_pubsub)
[1.187s] Level 1:colcon.colcon_core.environment:create_environment_scripts_only(custom_interface)
[1.188s] Level 1:colcon.colcon_core.environment:checking '/home/sanjay/ros2_task/install/custom_interface' for CMake module files
[1.189s] DEBUG:colcon.colcon_core.event_handler.log_command:Invoked command in '/home/sanjay/ros2_task/build/custom_interface' returned '0': CMAKE_PREFIX_PATH=/opt/ros/humble /usr/bin/cmake --install /home/sanjay/ros2_task/build/custom_interface
[1.190s] Level 1:colcon.colcon_core.environment:checking '/home/sanjay/ros2_task/install/custom_interface' for CMake config files
[1.190s] Level 1:colcon.colcon_core.shell:create_environment_hook('custom_interface', 'cmake_prefix_path')
[1.191s] INFO:colcon.colcon_core.shell:Creating environment hook '/home/sanjay/ros2_task/install/custom_interface/share/custom_interface/hook/cmake_prefix_path.ps1'
[1.192s] INFO:colcon.colcon_core.shell:Creating environment descriptor '/home/sanjay/ros2_task/install/custom_interface/share/custom_interface/hook/cmake_prefix_path.dsv'
[1.193s] INFO:colcon.colcon_core.shell:Creating environment hook '/home/sanjay/ros2_task/install/custom_interface/share/custom_interface/hook/cmake_prefix_path.sh'
[1.194s] Level 1:colcon.colcon_core.environment:checking '/home/sanjay/ros2_task/install/custom_interface/lib'
[1.194s] Level 1:colcon.colcon_core.shell:create_environment_hook('custom_interface', 'ld_library_path_lib')
[1.195s] INFO:colcon.colcon_core.shell:Creating environment hook '/home/sanjay/ros2_task/install/custom_interface/share/custom_interface/hook/ld_library_path_lib.ps1'
[1.195s] INFO:colcon.colcon_core.shell:Creating environment descriptor '/home/sanjay/ros2_task/install/custom_interface/share/custom_interface/hook/ld_library_path_lib.dsv'
[1.196s] INFO:colcon.colcon_core.shell:Creating environment hook '/home/sanjay/ros2_task/install/custom_interface/share/custom_interface/hook/ld_library_path_lib.sh'
[1.197s] Level 1:colcon.colcon_core.environment:checking '/home/sanjay/ros2_task/install/custom_interface/bin'
[1.197s] Level 1:colcon.colcon_core.environment:checking '/home/sanjay/ros2_task/install/custom_interface/lib/pkgconfig/custom_interface.pc'
[1.198s] Level 1:colcon.colcon_core.environment:checking '/home/sanjay/ros2_task/install/custom_interface/lib/python3.10/site-packages'
[1.198s] Level 1:colcon.colcon_core.environment:checking '/home/sanjay/ros2_task/install/custom_interface/bin'
[1.199s] INFO:colcon.colcon_core.shell:Creating package script '/home/sanjay/ros2_task/install/custom_interface/share/custom_interface/package.ps1'
[1.200s] INFO:colcon.colcon_core.shell:Creating package descriptor '/home/sanjay/ros2_task/install/custom_interface/share/custom_interface/package.dsv'
[1.200s] INFO:colcon.colcon_core.shell:Creating package script '/home/sanjay/ros2_task/install/custom_interface/share/custom_interface/package.sh'
[1.201s] INFO:colcon.colcon_core.shell:Creating package script '/home/sanjay/ros2_task/install/custom_interface/share/custom_interface/package.bash'
[1.201s] INFO:colcon.colcon_core.shell:Creating package script '/home/sanjay/ros2_task/install/custom_interface/share/custom_interface/package.zsh'
[1.202s] Level 1:colcon.colcon_core.environment:create_file_with_runtime_dependencies(/home/sanjay/ros2_task/install/custom_interface/share/colcon-core/packages/custom_interface)
[1.203s] Level 1:colcon.colcon_core.environment:create_environment_scripts_only(custom_interface)
[1.203s] Level 1:colcon.colcon_core.environment:checking '/home/sanjay/ros2_task/install/custom_interface' for CMake module files
[1.204s] Level 1:colcon.colcon_core.environment:checking '/home/sanjay/ros2_task/install/custom_interface' for CMake config files
[1.204s] Level 1:colcon.colcon_core.shell:create_environment_hook('custom_interface', 'cmake_prefix_path')
[1.204s] INFO:colcon.colcon_core.shell:Creating environment hook '/home/sanjay/ros2_task/install/custom_interface/share/custom_interface/hook/cmake_prefix_path.ps1'
[1.205s] INFO:colcon.colcon_core.shell:Creating environment descriptor '/home/sanjay/ros2_task/install/custom_interface/share/custom_interface/hook/cmake_prefix_path.dsv'
[1.206s] INFO:colcon.colcon_core.shell:Creating environment hook '/home/sanjay/ros2_task/install/custom_interface/share/custom_interface/hook/cmake_prefix_path.sh'
[1.206s] Level 1:colcon.colcon_core.environment:checking '/home/sanjay/ros2_task/install/custom_interface/lib'
[1.206s] Level 1:colcon.colcon_core.shell:create_environment_hook('custom_interface', 'ld_library_path_lib')
[1.207s] INFO:colcon.colcon_core.shell:Creating environment hook '/home/sanjay/ros2_task/install/custom_interface/share/custom_interface/hook/ld_library_path_lib.ps1'
[1.207s] INFO:colcon.colcon_core.shell:Creating environment descriptor '/home/sanjay/ros2_task/install/custom_interface/share/custom_interface/hook/ld_library_path_lib.dsv'
[1.208s] INFO:colcon.colcon_core.shell:Creating environment hook '/home/sanjay/ros2_task/install/custom_interface/share/custom_interface/hook/ld_library_path_lib.sh'
[1.208s] Level 1:colcon.colcon_core.environment:checking '/home/sanjay/ros2_task/install/custom_interface/bin'
[1.208s] Level 1:colcon.colcon_core.environment:checking '/home/sanjay/ros2_task/install/custom_interface/lib/pkgconfig/custom_interface.pc'
[1.209s] Level 1:colcon.colcon_core.environment:checking '/home/sanjay/ros2_task/install/custom_interface/lib/python3.10/site-packages'
[1.209s] Level 1:colcon.colcon_core.environment:checking '/home/sanjay/ros2_task/install/custom_interface/bin'
[1.210s] INFO:colcon.colcon_core.shell:Creating package script '/home/sanjay/ros2_task/install/custom_interface/share/custom_interface/package.ps1'
[1.210s] INFO:colcon.colcon_core.shell:Creating package descriptor '/home/sanjay/ros2_task/install/custom_interface/share/custom_interface/package.dsv'
[1.211s] INFO:colcon.colcon_core.shell:Creating package script '/home/sanjay/ros2_task/install/custom_interface/share/custom_interface/package.sh'
[1.212s] INFO:colcon.colcon_core.shell:Creating package script '/home/sanjay/ros2_task/install/custom_interface/share/custom_interface/package.bash'
[1.212s] INFO:colcon.colcon_core.shell:Creating package script '/home/sanjay/ros2_task/install/custom_interface/share/custom_interface/package.zsh'
[1.213s] Level 1:colcon.colcon_core.environment:create_file_with_runtime_dependencies(/home/sanjay/ros2_task/install/custom_interface/share/colcon-core/packages/custom_interface)
[1.213s] INFO:colcon.colcon_ros.task.ament_cmake.build:Building ROS package in '/home/sanjay/ros2_task/src/cpp_tasks' with build type 'ament_cmake'
[1.213s] INFO:colcon.colcon_cmake.task.cmake.build:Building CMake package in '/home/sanjay/ros2_task/src/cpp_tasks'
[1.214s] INFO:colcon.colcon_core.shell:Skip shell extension 'powershell' for command environment: Not usable outside of PowerShell
[1.214s] DEBUG:colcon.colcon_core.shell:Skip shell extension 'dsv' for command environment
[1.230s] DEBUG:colcon.colcon_core.event_handler.log_command:Invoking command in '/home/sanjay/ros2_task/build/cpp_tasks': AMENT_PREFIX_PATH=/home/sanjay/ros2_task/install/custom_interface:${AMENT_PREFIX_PATH} CMAKE_PREFIX_PATH=/home/sanjay/ros2_task/install/custom_interface:/opt/ros/humble LD_LIBRARY_PATH=/home/sanjay/ros2_task/install/custom_interface/lib:${LD_LIBRARY_PATH} PYTHONPATH=/home/sanjay/ros2_task/install/custom_interface/local/lib/python3.10/dist-packages:${PYTHONPATH} /usr/bin/cmake --build /home/sanjay/ros2_task/build/cpp_tasks -- -j12 -l12
[1.588s] DEBUG:colcon.colcon_core.event_handler.log_command:Invoking command in '/home/sanjay/ros2_task/src/draw_poly': PYTHONPATH=/home/sanjay/ros2_task/build/draw_poly/prefix_override:/usr/lib/python3/dist-packages/colcon_core/task/python/colcon_distutils_commands:/home/sanjay/ros2_task/install/draw_poly/lib/python3.10/site-packages:${PYTHONPATH} /usr/bin/python3 -W ignore:setup.py install is deprecated -W ignore:easy_install command is deprecated setup.py egg_info --egg-base ../../build/draw_poly build --build-base /home/sanjay/ros2_task/build/draw_poly/build install --record /home/sanjay/ros2_task/build/draw_poly/install.log --single-version-externally-managed install_data
[1.601s] DEBUG:colcon.colcon_core.event_handler.log_command:Invoking command in '/home/sanjay/ros2_task/src/task_pkg': PYTHONPATH=/home/sanjay/ros2_task/build/task_pkg/prefix_override:/usr/lib/python3/dist-packages/colcon_core/task/python/colcon_distutils_commands:/home/sanjay/ros2_task/install/task_pkg/lib/python3.10/site-packages:${PYTHONPATH} /usr/bin/python3 -W ignore:setup.py install is deprecated -W ignore:easy_install command is deprecated setup.py egg_info --egg-base ../../build/task_pkg build --build-base /home/sanjay/ros2_task/build/task_pkg/build install --record /home/sanjay/ros2_task/build/task_pkg/install.log --single-version-externally-managed install_data
[2.013s] Level 1:colcon.colcon_core.environment:checking '/home/sanjay/ros2_task/install/draw_poly' for CMake module files
[2.015s] DEBUG:colcon.colcon_core.event_handler.log_command:Invoked command in '/home/sanjay/ros2_task/src/draw_poly' returned '0': PYTHONPATH=/home/sanjay/ros2_task/build/draw_poly/prefix_override:/usr/lib/python3/dist-packages/colcon_core/task/python/colcon_distutils_commands:/home/sanjay/ros2_task/install/draw_poly/lib/python3.10/site-packages:${PYTHONPATH} /usr/bin/python3 -W ignore:setup.py install is deprecated -W ignore:easy_install command is deprecated setup.py egg_info --egg-base ../../build/draw_poly build --build-base /home/sanjay/ros2_task/build/draw_poly/build install --record /home/sanjay/ros2_task/build/draw_poly/install.log --single-version-externally-managed install_data
[2.015s] Level 1:colcon.colcon_core.environment:checking '/home/sanjay/ros2_task/install/draw_poly' for CMake config files
[2.016s] Level 1:colcon.colcon_core.environment:checking '/home/sanjay/ros2_task/install/draw_poly/lib'
[2.016s] Level 1:colcon.colcon_core.environment:checking '/home/sanjay/ros2_task/install/draw_poly/bin'
[2.016s] Level 1:colcon.colcon_core.environment:checking '/home/sanjay/ros2_task/install/draw_poly/lib/pkgconfig/draw_poly.pc'
[2.017s] Level 1:colcon.colcon_core.environment:checking '/home/sanjay/ros2_task/install/draw_poly/lib/python3.10/site-packages'
[2.017s] Level 1:colcon.colcon_core.shell:create_environment_hook('draw_poly', 'pythonpath')
[2.017s] INFO:colcon.colcon_core.shell:Creating environment hook '/home/sanjay/ros2_task/install/draw_poly/share/draw_poly/hook/pythonpath.ps1'
[2.018s] INFO:colcon.colcon_core.shell:Creating environment descriptor '/home/sanjay/ros2_task/install/draw_poly/share/draw_poly/hook/pythonpath.dsv'
[2.019s] INFO:colcon.colcon_core.shell:Creating environment hook '/home/sanjay/ros2_task/install/draw_poly/share/draw_poly/hook/pythonpath.sh'
[2.019s] Level 1:colcon.colcon_core.environment:checking '/home/sanjay/ros2_task/install/draw_poly/bin'
[2.020s] Level 1:colcon.colcon_core.environment:create_environment_scripts_only(draw_poly)
[2.020s] INFO:colcon.colcon_core.shell:Creating package script '/home/sanjay/ros2_task/install/draw_poly/share/draw_poly/package.ps1'
[2.021s] INFO:colcon.colcon_core.shell:Creating package descriptor '/home/sanjay/ros2_task/install/draw_poly/share/draw_poly/package.dsv'
[2.022s] INFO:colcon.colcon_core.shell:Creating package script '/home/sanjay/ros2_task/install/draw_poly/share/draw_poly/package.sh'
[2.022s] INFO:colcon.colcon_core.shell:Creating package script '/home/sanjay/ros2_task/install/draw_poly/share/draw_poly/package.bash'
[2.023s] INFO:colcon.colcon_core.shell:Creating package script '/home/sanjay/ros2_task/install/draw_poly/share/draw_poly/package.zsh'
[2.023s] Level 1:colcon.colcon_core.environment:create_file_with_runtime_dependencies(/home/sanjay/ros2_task/install/draw_poly/share/colcon-core/packages/draw_poly)
[2.032s] Level 1:colcon.colcon_core.environment:checking '/home/sanjay/ros2_task/install/task_pkg' for CMake module files
[2.033s] DEBUG:colcon.colcon_core.event_handler.log_command:Invoked command in '/home/sanjay/ros2_task/src/task_pkg' returned '0': PYTHONPATH=/home/sanjay/ros2_task/build/task_pkg/prefix_override:/usr/lib/python3/dist-packages/colcon_core/task/python/colcon_distutils_commands:/home/sanjay/ros2_task/install/task_pkg/lib/python3.10/site-packages:${PYTHONPATH} /usr/bin/python3 -W ignore:setup.py install is deprecated -W ignore:easy_install command is deprecated setup.py egg_info --egg-base ../../build/task_pkg build --build-base /home/sanjay/ros2_task/build/task_pkg/build install --record /home/sanjay/ros2_task/build/task_pkg/install.log --single-version-externally-managed install_data
[2.034s] Level 1:colcon.colcon_core.environment:checking '/home/sanjay/ros2_task/install/task_pkg' for CMake config files
[2.034s] Level 1:colcon.colcon_core.environment:checking '/home/sanjay/ros2_task/install/task_pkg/lib'
[2.035s] Level 1:colcon.colcon_core.environment:checking '/home/sanjay/ros2_task/install/task_pkg/bin'
[2.035s] Level 1:colcon.colcon_core.environment:checking '/home/sanjay/ros2_task/install/task_pkg/lib/pkgconfig/task_pkg.pc'
[2.035s] Level 1:colcon.colcon_core.environment:checking '/home/sanjay/ros2_task/install/task_pkg/lib/python3.10/site-packages'
[2.035s] Level 1:colcon.colcon_core.shell:create_environment_hook('task_pkg', 'pythonpath')
[2.035s] INFO:colcon.colcon_core.shell:Creating environment hook '/home/sanjay/ros2_task/install/task_pkg/share/task_pkg/hook/pythonpath.ps1'
[2.036s] INFO:colcon.colcon_core.shell:Creating environment descriptor '/home/sanjay/ros2_task/install/task_pkg/share/task_pkg/hook/pythonpath.dsv'
[2.037s] INFO:colcon.colcon_core.shell:Creating environment hook '/home/sanjay/ros2_task/install/task_pkg/share/task_pkg/hook/pythonpath.sh'
[2.038s] Level 1:colcon.colcon_core.environment:checking '/home/sanjay/ros2_task/install/task_pkg/bin'
[2.038s] Level 1:colcon.colcon_core.environment:create_environment_scripts_only(task_pkg)
[2.038s] INFO:colcon.colcon_core.shell:Creating package script '/home/sanjay/ros2_task/install/task_pkg/share/task_pkg/package.ps1'
[2.039s] INFO:colcon.colcon_core.shell:Creating package descriptor '/home/sanjay/ros2_task/install/task_pkg/share/task_pkg/package.dsv'
[2.040s] INFO:colcon.colcon_core.shell:Creating package script '/home/sanjay/ros2_task/install/task_pkg/share/task_pkg/package.sh'
[2.040s] INFO:colcon.colcon_core.shell:Creating package script '/home/sanjay/ros2_task/install/task_pkg/share/task_pkg/package.bash'
[2.041s] INFO:colcon.colcon_core.shell:Creating package script '/home/sanjay/ros2_task/install/task_pkg/share/task_pkg/package.zsh'
[2.041s] Level 1:colcon.colcon_core.environment:create_file_with_runtime_dependencies(/home/sanjay/ros2_task/install/task_pkg/share/colcon-core/packages/task_pkg)
[2.156s] DEBUG:colcon.colcon_core.event_handler.log_command:Invoked command in '/home/sanjay/ros2_task/build/cpp_tasks' returned '0': AMENT_PREFIX_PATH=/home/sanjay/ros2_task/install/custom_interface:${AMENT_PREFIX_PATH} CMAKE_PREFIX_PATH=/home/sanjay/ros2_task/install/custom_interface:/opt/ros/humble LD_LIBRARY_PATH=/home/sanjay/ros2_task/install/custom_interface/lib:${LD_LIBRARY_PATH} PYTHONPATH=/home/sanjay/ros2_task/install/custom_interface/local/lib/python3.10/dist-packages:${PYTHONPATH} /usr/bin/cmake --build /home/sanjay/ros2_task/build/cpp_tasks -- -j12 -l12
[2.158s] DEBUG:colcon.colcon_core.event_handler.log_command:Invoking command in '/home/sanjay/ros2_task/build/cpp_tasks': AMENT_PREFIX_PATH=/home/sanjay/ros2_task/install/custom_interface:${AMENT_PREFIX_PATH} CMAKE_PREFIX_PATH=/home/sanjay/ros2_task/install/custom_interface:/opt/ros/humble LD_LIBRARY_PATH=/home/sanjay/ros2_task/install/custom_interface/lib:${LD_LIBRARY_PATH} PYTHONPATH=/home/sanjay/ros2_task/install/custom_interface/local/lib/python3.10/dist-packages:${PYTHONPATH} /usr/bin/cmake --install /home/sanjay/ros2_task/build/cpp_tasks
[2.180s] Level 1:colcon.colcon_core.environment:create_environment_scripts_only(cpp_tasks)
[2.181s] Level 1:colcon.colcon_core.environment:checking '/home/sanjay/ros2_task/install/cpp_tasks' for CMake module files
[2.181s] DEBUG:colcon.colcon_core.event_handler.log_command:Invoked command in '/home/sanjay/ros2_task/build/cpp_tasks' returned '0': AMENT_PREFIX_PATH=/home/sanjay/ros2_task/install/custom_interface:${AMENT_PREFIX_PATH} CMAKE_PREFIX_PATH=/home/sanjay/ros2_task/install/custom_interface:/opt/ros/humble LD_LIBRARY_PATH=/home/sanjay/ros2_task/install/custom_interface/lib:${LD_LIBRARY_PATH} PYTHONPATH=/home/sanjay/ros2_task/install/custom_interface/local/lib/python3.10/dist-packages:${PYTHONPATH} /usr/bin/cmake --install /home/sanjay/ros2_task/build/cpp_tasks
[2.182s] Level 1:colcon.colcon_core.environment:checking '/home/sanjay/ros2_task/install/cpp_tasks' for CMake config files
[2.182s] Level 1:colcon.colcon_core.shell:create_environment_hook('cpp_tasks', 'cmake_prefix_path')
[2.182s] INFO:colcon.colcon_core.shell:Creating environment hook '/home/sanjay/ros2_task/install/cpp_tasks/share/cpp_tasks/hook/cmake_prefix_path.ps1'
[2.183s] INFO:colcon.colcon_core.shell:Creating environment descriptor '/home/sanjay/ros2_task/install/cpp_tasks/share/cpp_tasks/hook/cmake_prefix_path.dsv'
[2.183s] INFO:colcon.colcon_core.shell:Creating environment hook '/home/sanjay/ros2_task/install/cpp_tasks/share/cpp_tasks/hook/cmake_prefix_path.sh'
[2.184s] Level 1:colcon.colcon_core.environment:checking '/home/sanjay/ros2_task/install/cpp_tasks/lib'
[2.184s] Level 1:colcon.colcon_core.environment:checking '/home/sanjay/ros2_task/install/cpp_tasks/bin'
[2.184s] Level 1:colcon.colcon_core.environment:checking '/home/sanjay/ros2_task/install/cpp_tasks/lib/pkgconfig/cpp_tasks.pc'
[2.184s] Level 1:colcon.colcon_core.environment:checking '/home/sanjay/ros2_task/install/cpp_tasks/lib/python3.10/site-packages'
[2.184s] Level 1:colcon.colcon_core.environment:checking '/home/sanjay/ros2_task/install/cpp_tasks/bin'
[2.185s] INFO:colcon.colcon_core.shell:Creating package script '/home/sanjay/ros2_task/install/cpp_tasks/share/cpp_tasks/package.ps1'
[2.185s] INFO:colcon.colcon_core.shell:Creating package descriptor '/home/sanjay/ros2_task/install/cpp_tasks/share/cpp_tasks/package.dsv'
[2.186s] INFO:colcon.colcon_core.shell:Creating package script '/home/sanjay/ros2_task/install/cpp_tasks/share/cpp_tasks/package.sh'
[2.186s] INFO:colcon.colcon_core.shell:Creating package script '/home/sanjay/ros2_task/install/cpp_tasks/share/cpp_tasks/package.bash'
[2.187s] INFO:colcon.colcon_core.shell:Creating package script '/home/sanjay/ros2_task/install/cpp_tasks/share/cpp_tasks/package.zsh'
[2.187s] Level 1:colcon.colcon_core.environment:create_file_with_runtime_dependencies(/home/sanjay/ros2_task/install/cpp_tasks/share/colcon-core/packages/cpp_tasks)
[2.187s] Level 1:colcon.colcon_core.environment:create_environment_scripts_only(cpp_tasks)
[2.188s] Level 1:colcon.colcon_core.environment:checking '/home/sanjay/ros2_task/install/cpp_tasks' for CMake module files
[2.188s] Level 1:colcon.colcon_core.environment:checking '/home/sanjay/ros2_task/install/cpp_tasks' for CMake config files
[2.188s] Level 1:colcon.colcon_core.shell:create_environment_hook('cpp_tasks', 'cmake_prefix_path')
[2.188s] INFO:colcon.colcon_core.shell:Creating environment hook '/home/sanjay/ros2_task/install/cpp_tasks/share/cpp_tasks/hook/cmake_prefix_path.ps1'
[2.189s] INFO:colcon.colcon_core.shell:Creating environment descriptor '/home/sanjay/ros2_task/install/cpp_tasks/share/cpp_tasks/hook/cmake_prefix_path.dsv'
[2.189s] INFO:colcon.colcon_core.shell:Creating environment hook '/home/sanjay/ros2_task/install/cpp_tasks/share/cpp_tasks/hook/cmake_prefix_path.sh'
[2.190s] Level 1:colcon.colcon_core.environment:checking '/home/sanjay/ros2_task/install/cpp_tasks/lib'
[2.190s] Level 1:colcon.colcon_core.environment:checking '/home/sanjay/ros2_task/install/cpp_tasks/bin'
[2.190s] Level 1:colcon.colcon_core.environment:checking '/home/sanjay/ros2_task/install/cpp_tasks/lib/pkgconfig/cpp_tasks.pc'
[2.190s] Level 1:colcon.colcon_core.environment:checking '/home/sanjay/ros2_task/install/cpp_tasks/lib/python3.10/site-packages'
[2.190s] Level 1:colcon.colcon_core.environment:checking '/home/sanjay/ros2_task/install/cpp_tasks/bin'
[2.191s] INFO:colcon.colcon_core.shell:Creating package script '/home/sanjay/ros2_task/install/cpp_tasks/share/cpp_tasks/package.ps1'
[2.191s] INFO:colcon.colcon_core.shell:Creating package descriptor '/home/sanjay/ros2_task/install/cpp_tasks/share/cpp_tasks/package.dsv'
[2.192s] INFO:colcon.colcon_core.shell:Creating package script '/home/sanjay/ros2_task/install/cpp_tasks/share/cpp_tasks/package.sh'
[2.192s] INFO:colcon.colcon_core.shell:Creating package script '/home/sanjay/ros2_task/install/cpp_tasks/share/cpp_tasks/package.bash'
[2.193s] INFO:colcon.colcon_core.shell:Creating package script '/home/sanjay/ros2_task/install/cpp_tasks/share/cpp_tasks/package.zsh'
[2.193s] Level 1:colcon.colcon_core.environment:create_file_with_runtime_dependencies(/home/sanjay/ros2_task/install/cpp_tasks/share/colcon-core/packages/cpp_tasks)
[2.193s] DEBUG:colcon.colcon_parallel_executor.executor.parallel:closing loop
[2.194s] DEBUG:colcon.colcon_parallel_executor.executor.parallel:loop closed
[2.194s] DEBUG:colcon.colcon_parallel_executor.executor.parallel:run_until_complete finished with '0'
[2.194s] DEBUG:colcon.colcon_core.event_reactor:joining thread
[2.199s] INFO:colcon.colcon_core.plugin_system:Skipping extension 'colcon_notification.desktop_notification.terminal_notifier': Not used on non-Darwin systems
[2.200s] INFO:colcon.colcon_core.plugin_system:Skipping extension 'colcon_notification.desktop_notification.win32': Not used on non-Windows systems
[2.200s] INFO:colcon.colcon_notification.desktop_notification:Sending desktop notification using 'notify2'
[2.216s] DEBUG:colcon.colcon_core.event_reactor:joined thread
[2.217s] INFO:colcon.colcon_core.shell:Creating prefix script '/home/sanjay/ros2_task/install/local_setup.ps1'
[2.218s] INFO:colcon.colcon_core.shell:Creating prefix util module '/home/sanjay/ros2_task/install/_local_setup_util_ps1.py'
[2.220s] INFO:colcon.colcon_core.shell:Creating prefix chain script '/home/sanjay/ros2_task/install/setup.ps1'
[2.221s] INFO:colcon.colcon_core.shell:Creating prefix script '/home/sanjay/ros2_task/install/local_setup.sh'
[2.222s] INFO:colcon.colcon_core.shell:Creating prefix util module '/home/sanjay/ros2_task/install/_local_setup_util_sh.py'
[2.223s] INFO:colcon.colcon_core.shell:Creating prefix chain script '/home/sanjay/ros2_task/install/setup.sh'
[2.224s] INFO:colcon.colcon_core.shell:Creating prefix script '/home/sanjay/ros2_task/install/local_setup.bash'
[2.224s] INFO:colcon.colcon_core.shell:Creating prefix chain script '/home/sanjay/ros2_task/install/setup.bash'
[2.226s] INFO:colcon.colcon_core.shell:Creating prefix script '/home/sanjay/ros2_task/install/local_setup.zsh'
[2.226s] INFO:colcon.colcon_core.shell:Creating prefix chain script '/home/sanjay/ros2_task/install/setup.zsh'
