running egg_info
creating ../../build/draw_poly/draw_poly.egg-info
writing ../../build/draw_poly/draw_poly.egg-info/PKG-INFO
writing dependency_links to ../../build/draw_poly/draw_poly.egg-info/dependency_links.txt
writing entry points to ../../build/draw_poly/draw_poly.egg-info/entry_points.txt
writing requirements to ../../build/draw_poly/draw_poly.egg-info/requires.txt
writing top-level names to ../../build/draw_poly/draw_poly.egg-info/top_level.txt
writing manifest file '../../build/draw_poly/draw_poly.egg-info/SOURCES.txt'
reading manifest file '../../build/draw_poly/draw_poly.egg-info/SOURCES.txt'
writing manifest file '../../build/draw_poly/draw_poly.egg-info/SOURCES.txt'
running build
running build_py
creating /home/sanjay/ros2_task/build/draw_poly/build
creating /home/sanjay/ros2_task/build/draw_poly/build/lib
creating /home/sanjay/ros2_task/build/draw_poly/build/lib/draw_poly
copying draw_poly/service_node.py -> /home/sanjay/ros2_task/build/draw_poly/build/lib/draw_poly
copying draw_poly/client_node.py -> /home/sanjay/ros2_task/build/draw_poly/build/lib/draw_poly
copying draw_poly/__init__.py -> /home/sanjay/ros2_task/build/draw_poly/build/lib/draw_poly
running install
running install_lib
creating /home/sanjay/ros2_task/install/draw_poly/lib/python3.10/site-packages/draw_poly
copying /home/sanjay/ros2_task/build/draw_poly/build/lib/draw_poly/service_node.py -> /home/sanjay/ros2_task/install/draw_poly/lib/python3.10/site-packages/draw_poly
copying /home/sanjay/ros2_task/build/draw_poly/build/lib/draw_poly/client_node.py -> /home/sanjay/ros2_task/install/draw_poly/lib/python3.10/site-packages/draw_poly
copying /home/sanjay/ros2_task/build/draw_poly/build/lib/draw_poly/__init__.py -> /home/sanjay/ros2_task/install/draw_poly/lib/python3.10/site-packages/draw_poly
byte-compiling /home/sanjay/ros2_task/install/draw_poly/lib/python3.10/site-packages/draw_poly/service_node.py to service_node.cpython-310.pyc
byte-compiling /home/sanjay/ros2_task/install/draw_poly/lib/python3.10/site-packages/draw_poly/client_node.py to client_node.cpython-310.pyc
byte-compiling /home/sanjay/ros2_task/install/draw_poly/lib/python3.10/site-packages/draw_poly/__init__.py to __init__.cpython-310.pyc
running install_data
creating /home/sanjay/ros2_task/install/draw_poly/share/ament_index
creating /home/sanjay/ros2_task/install/draw_poly/share/ament_index/resource_index
creating /home/sanjay/ros2_task/install/draw_poly/share/ament_index/resource_index/packages
copying resource/draw_poly -> /home/sanjay/ros2_task/install/draw_poly/share/ament_index/resource_index/packages
copying package.xml -> /home/sanjay/ros2_task/install/draw_poly/share/draw_poly
running install_egg_info
Copying ../../build/draw_poly/draw_poly.egg-info to /home/sanjay/ros2_task/install/draw_poly/lib/python3.10/site-packages/draw_poly-0.0.0-py3.10.egg-info
running install_scripts
Installing drawpoly_client script to /home/sanjay/ros2_task/install/draw_poly/lib/draw_poly
Installing drawpoly_service script to /home/sanjay/ros2_task/install/draw_poly/lib/draw_poly
writing list of installed files to '/home/sanjay/ros2_task/build/draw_poly/install.log'
