[0.616s] Invoking command in '/home/sanjay/ros2_task/src/draw_poly': PYTHONPATH=/home/sanjay/ros2_task/build/draw_poly/prefix_override:/usr/lib/python3/dist-packages/colcon_core/task/python/colcon_distutils_commands:/home/sanjay/ros2_task/install/draw_poly/lib/python3.10/site-packages:${PYTHONPATH} /usr/bin/python3 -W ignore:setup.py install is deprecated -W ignore:easy_install command is deprecated setup.py egg_info --egg-base ../../build/draw_poly build --build-base /home/sanjay/ros2_task/build/draw_poly/build install --record /home/sanjay/ros2_task/build/draw_poly/install.log --single-version-externally-managed install_data
[0.856s] running egg_info
[0.856s] creating ../../build/draw_poly/draw_poly.egg-info
[0.857s] writing ../../build/draw_poly/draw_poly.egg-info/PKG-INFO
[0.857s] writing dependency_links to ../../build/draw_poly/draw_poly.egg-info/dependency_links.txt
[0.857s] writing entry points to ../../build/draw_poly/draw_poly.egg-info/entry_points.txt
[0.857s] writing requirements to ../../build/draw_poly/draw_poly.egg-info/requires.txt
[0.857s] writing top-level names to ../../build/draw_poly/draw_poly.egg-info/top_level.txt
[0.857s] writing manifest file '../../build/draw_poly/draw_poly.egg-info/SOURCES.txt'
[0.859s] reading manifest file '../../build/draw_poly/draw_poly.egg-info/SOURCES.txt'
[0.859s] writing manifest file '../../build/draw_poly/draw_poly.egg-info/SOURCES.txt'
[0.859s] running build
[0.859s] running build_py
[0.860s] creating /home/sanjay/ros2_task/build/draw_poly/build
[0.860s] creating /home/sanjay/ros2_task/build/draw_poly/build/lib
[0.860s] creating /home/sanjay/ros2_task/build/draw_poly/build/lib/draw_poly
[0.860s] copying draw_poly/service_node.py -> /home/sanjay/ros2_task/build/draw_poly/build/lib/draw_poly
[0.860s] copying draw_poly/client_node.py -> /home/sanjay/ros2_task/build/draw_poly/build/lib/draw_poly
[0.860s] copying draw_poly/__init__.py -> /home/sanjay/ros2_task/build/draw_poly/build/lib/draw_poly
[0.860s] running install
[0.860s] running install_lib
[0.861s] creating /home/sanjay/ros2_task/install/draw_poly/lib/python3.10/site-packages/draw_poly
[0.861s] copying /home/sanjay/ros2_task/build/draw_poly/build/lib/draw_poly/service_node.py -> /home/sanjay/ros2_task/install/draw_poly/lib/python3.10/site-packages/draw_poly
[0.861s] copying /home/sanjay/ros2_task/build/draw_poly/build/lib/draw_poly/client_node.py -> /home/sanjay/ros2_task/install/draw_poly/lib/python3.10/site-packages/draw_poly
[0.861s] copying /home/sanjay/ros2_task/build/draw_poly/build/lib/draw_poly/__init__.py -> /home/sanjay/ros2_task/install/draw_poly/lib/python3.10/site-packages/draw_poly
[0.862s] byte-compiling /home/sanjay/ros2_task/install/draw_poly/lib/python3.10/site-packages/draw_poly/service_node.py to service_node.cpython-310.pyc
[0.863s] byte-compiling /home/sanjay/ros2_task/install/draw_poly/lib/python3.10/site-packages/draw_poly/client_node.py to client_node.cpython-310.pyc
[0.863s] byte-compiling /home/sanjay/ros2_task/install/draw_poly/lib/python3.10/site-packages/draw_poly/__init__.py to __init__.cpython-310.pyc
[0.863s] running install_data
[0.863s] creating /home/sanjay/ros2_task/install/draw_poly/share/ament_index
[0.863s] creating /home/sanjay/ros2_task/install/draw_poly/share/ament_index/resource_index
[0.864s] creating /home/sanjay/ros2_task/install/draw_poly/share/ament_index/resource_index/packages
[0.864s] copying resource/draw_poly -> /home/sanjay/ros2_task/install/draw_poly/share/ament_index/resource_index/packages
[0.864s] copying package.xml -> /home/sanjay/ros2_task/install/draw_poly/share/draw_poly
[0.864s] running install_egg_info
[0.866s] Copying ../../build/draw_poly/draw_poly.egg-info to /home/sanjay/ros2_task/install/draw_poly/lib/python3.10/site-packages/draw_poly-0.0.0-py3.10.egg-info
[0.867s] running install_scripts
[0.889s] Installing drawpoly_client script to /home/sanjay/ros2_task/install/draw_poly/lib/draw_poly
[0.889s] Installing drawpoly_service script to /home/sanjay/ros2_task/install/draw_poly/lib/draw_poly
[0.889s] writing list of installed files to '/home/sanjay/ros2_task/build/draw_poly/install.log'
[0.915s] Invoked command in '/home/sanjay/ros2_task/src/draw_poly' returned '0': PYTHONPATH=/home/sanjay/ros2_task/build/draw_poly/prefix_override:/usr/lib/python3/dist-packages/colcon_core/task/python/colcon_distutils_commands:/home/sanjay/ros2_task/install/draw_poly/lib/python3.10/site-packages:${PYTHONPATH} /usr/bin/python3 -W ignore:setup.py install is deprecated -W ignore:easy_install command is deprecated setup.py egg_info --egg-base ../../build/draw_poly build --build-base /home/sanjay/ros2_task/build/draw_poly/build install --record /home/sanjay/ros2_task/build/draw_poly/install.log --single-version-externally-managed install_data
