running egg_info
creating ../build/task_pkg/task_pkg.egg-info
writing ../build/task_pkg/task_pkg.egg-info/PKG-INFO
writing dependency_links to ../build/task_pkg/task_pkg.egg-info/dependency_links.txt
writing entry points to ../build/task_pkg/task_pkg.egg-info/entry_points.txt
writing requirements to ../build/task_pkg/task_pkg.egg-info/requires.txt
writing top-level names to ../build/task_pkg/task_pkg.egg-info/top_level.txt
writing manifest file '../build/task_pkg/task_pkg.egg-info/SOURCES.txt'
reading manifest file '../build/task_pkg/task_pkg.egg-info/SOURCES.txt'
adding license file 'LICENSE'
writing manifest file '../build/task_pkg/task_pkg.egg-info/SOURCES.txt'
running build
running build_py
creating /home/sanjay/ros2_task/src/build/task_pkg/build
creating /home/sanjay/ros2_task/src/build/task_pkg/build/lib
creating /home/sanjay/ros2_task/src/build/task_pkg/build/lib/task_pkg
copying task_pkg/sub.py -> /home/sanjay/ros2_task/src/build/task_pkg/build/lib/task_pkg
copying task_pkg/pub.py -> /home/sanjay/ros2_task/src/build/task_pkg/build/lib/task_pkg
copying task_pkg/controller.py -> /home/sanjay/ros2_task/src/build/task_pkg/build/lib/task_pkg
copying task_pkg/goal.py -> /home/sanjay/ros2_task/src/build/task_pkg/build/lib/task_pkg
copying task_pkg/Drawcircle.py -> /home/sanjay/ros2_task/src/build/task_pkg/build/lib/task_pkg
copying task_pkg/drawd.py -> /home/sanjay/ros2_task/src/build/task_pkg/build/lib/task_pkg
copying task_pkg/drawpoly.py -> /home/sanjay/ros2_task/src/build/task_pkg/build/lib/task_pkg
copying task_pkg/__init__.py -> /home/sanjay/ros2_task/src/build/task_pkg/build/lib/task_pkg
running install
running install_lib
creating /home/sanjay/ros2_task/src/install/task_pkg/lib/python3.10/site-packages/task_pkg
copying /home/sanjay/ros2_task/src/build/task_pkg/build/lib/task_pkg/sub.py -> /home/sanjay/ros2_task/src/install/task_pkg/lib/python3.10/site-packages/task_pkg
copying /home/sanjay/ros2_task/src/build/task_pkg/build/lib/task_pkg/pub.py -> /home/sanjay/ros2_task/src/install/task_pkg/lib/python3.10/site-packages/task_pkg
copying /home/sanjay/ros2_task/src/build/task_pkg/build/lib/task_pkg/controller.py -> /home/sanjay/ros2_task/src/install/task_pkg/lib/python3.10/site-packages/task_pkg
copying /home/sanjay/ros2_task/src/build/task_pkg/build/lib/task_pkg/goal.py -> /home/sanjay/ros2_task/src/install/task_pkg/lib/python3.10/site-packages/task_pkg
copying /home/sanjay/ros2_task/src/build/task_pkg/build/lib/task_pkg/Drawcircle.py -> /home/sanjay/ros2_task/src/install/task_pkg/lib/python3.10/site-packages/task_pkg
copying /home/sanjay/ros2_task/src/build/task_pkg/build/lib/task_pkg/drawd.py -> /home/sanjay/ros2_task/src/install/task_pkg/lib/python3.10/site-packages/task_pkg
copying /home/sanjay/ros2_task/src/build/task_pkg/build/lib/task_pkg/drawpoly.py -> /home/sanjay/ros2_task/src/install/task_pkg/lib/python3.10/site-packages/task_pkg
copying /home/sanjay/ros2_task/src/build/task_pkg/build/lib/task_pkg/__init__.py -> /home/sanjay/ros2_task/src/install/task_pkg/lib/python3.10/site-packages/task_pkg
byte-compiling /home/sanjay/ros2_task/src/install/task_pkg/lib/python3.10/site-packages/task_pkg/sub.py to sub.cpython-310.pyc
byte-compiling /home/sanjay/ros2_task/src/install/task_pkg/lib/python3.10/site-packages/task_pkg/pub.py to pub.cpython-310.pyc
byte-compiling /home/sanjay/ros2_task/src/install/task_pkg/lib/python3.10/site-packages/task_pkg/controller.py to controller.cpython-310.pyc
byte-compiling /home/sanjay/ros2_task/src/install/task_pkg/lib/python3.10/site-packages/task_pkg/goal.py to goal.cpython-310.pyc
byte-compiling /home/sanjay/ros2_task/src/install/task_pkg/lib/python3.10/site-packages/task_pkg/Drawcircle.py to Drawcircle.cpython-310.pyc
byte-compiling /home/sanjay/ros2_task/src/install/task_pkg/lib/python3.10/site-packages/task_pkg/drawd.py to drawd.cpython-310.pyc
byte-compiling /home/sanjay/ros2_task/src/install/task_pkg/lib/python3.10/site-packages/task_pkg/drawpoly.py to drawpoly.cpython-310.pyc
byte-compiling /home/sanjay/ros2_task/src/install/task_pkg/lib/python3.10/site-packages/task_pkg/__init__.py to __init__.cpython-310.pyc
running install_data
creating /home/sanjay/ros2_task/src/install/task_pkg/share/ament_index
creating /home/sanjay/ros2_task/src/install/task_pkg/share/ament_index/resource_index
creating /home/sanjay/ros2_task/src/install/task_pkg/share/ament_index/resource_index/packages
copying resource/task_pkg -> /home/sanjay/ros2_task/src/install/task_pkg/share/ament_index/resource_index/packages
copying package.xml -> /home/sanjay/ros2_task/src/install/task_pkg/share/task_pkg
running install_egg_info
Copying ../build/task_pkg/task_pkg.egg-info to /home/sanjay/ros2_task/src/install/task_pkg/lib/python3.10/site-packages/task_pkg-0.0.0-py3.10.egg-info
running install_scripts
Installing Drawcircle script to /home/sanjay/ros2_task/src/install/task_pkg/lib/task_pkg
Installing control script to /home/sanjay/ros2_task/src/install/task_pkg/lib/task_pkg
Installing drawd script to /home/sanjay/ros2_task/src/install/task_pkg/lib/task_pkg
Installing drawpoly script to /home/sanjay/ros2_task/src/install/task_pkg/lib/task_pkg
Installing pub script to /home/sanjay/ros2_task/src/install/task_pkg/lib/task_pkg
Installing sub script to /home/sanjay/ros2_task/src/install/task_pkg/lib/task_pkg
Installing togoal script to /home/sanjay/ros2_task/src/install/task_pkg/lib/task_pkg
writing list of installed files to '/home/sanjay/ros2_task/src/build/task_pkg/install.log'
