running egg_info
writing ../../build/draw_poly/draw_poly.egg-info/PKG-INFO
writing dependency_links to ../../build/draw_poly/draw_poly.egg-info/dependency_links.txt
writing entry points to ../../build/draw_poly/draw_poly.egg-info/entry_points.txt
writing requirements to ../../build/draw_poly/draw_poly.egg-info/requires.txt
writing top-level names to ../../build/draw_poly/draw_poly.egg-info/top_level.txt
reading manifest file '../../build/draw_poly/draw_poly.egg-info/SOURCES.txt'
writing manifest file '../../build/draw_poly/draw_poly.egg-info/SOURCES.txt'
running build
running build_py
running install
running install_lib
running install_data
running install_egg_info
removing '/home/sanjay/ros2_task/install/draw_poly/lib/python3.10/site-packages/draw_poly-0.0.0-py3.10.egg-info' (and everything under it)
Copying ../../build/draw_poly/draw_poly.egg-info to /home/sanjay/ros2_task/install/draw_poly/lib/python3.10/site-packages/draw_poly-0.0.0-py3.10.egg-info
running install_scripts
Installing drawpoly_client script to /home/sanjay/ros2_task/install/draw_poly/lib/draw_poly
Installing drawpoly_service script to /home/sanjay/ros2_task/install/draw_poly/lib/draw_poly
writing list of installed files to '/home/sanjay/ros2_task/build/draw_poly/install.log'
