[1.326s] Invoking command in '/home/sanjay/ros2_task/src/draw_poly': PYTHONPATH=/home/sanjay/ros2_task/build/draw_poly/prefix_override:/usr/lib/python3/dist-packages/colcon_core/task/python/colcon_distutils_commands:/home/sanjay/ros2_task/install/draw_poly/lib/python3.10/site-packages:${PYTHONPATH} /usr/bin/python3 -W ignore:setup.py install is deprecated -W ignore:easy_install command is deprecated setup.py egg_info --egg-base ../../build/draw_poly build --build-base /home/sanjay/ros2_task/build/draw_poly/build install --record /home/sanjay/ros2_task/build/draw_poly/install.log --single-version-externally-managed install_data
[1.694s] running egg_info
[1.695s] writing ../../build/draw_poly/draw_poly.egg-info/PKG-INFO
[1.695s] writing dependency_links to ../../build/draw_poly/draw_poly.egg-info/dependency_links.txt
[1.695s] writing entry points to ../../build/draw_poly/draw_poly.egg-info/entry_points.txt
[1.696s] writing requirements to ../../build/draw_poly/draw_poly.egg-info/requires.txt
[1.696s] writing top-level names to ../../build/draw_poly/draw_poly.egg-info/top_level.txt
[1.699s] reading manifest file '../../build/draw_poly/draw_poly.egg-info/SOURCES.txt'
[1.701s] writing manifest file '../../build/draw_poly/draw_poly.egg-info/SOURCES.txt'
[1.701s] running build
[1.701s] running build_py
[1.703s] running install
[1.704s] running install_lib
[1.706s] running install_data
[1.706s] running install_egg_info
[1.709s] removing '/home/sanjay/ros2_task/install/draw_poly/lib/python3.10/site-packages/draw_poly-0.0.0-py3.10.egg-info' (and everything under it)
[1.709s] Copying ../../build/draw_poly/draw_poly.egg-info to /home/sanjay/ros2_task/install/draw_poly/lib/python3.10/site-packages/draw_poly-0.0.0-py3.10.egg-info
[1.710s] running install_scripts
[1.744s] Installing drawpoly_client script to /home/sanjay/ros2_task/install/draw_poly/lib/draw_poly
[1.744s] Installing drawpoly_service script to /home/sanjay/ros2_task/install/draw_poly/lib/draw_poly
[1.744s] writing list of installed files to '/home/sanjay/ros2_task/build/draw_poly/install.log'
[1.784s] Invoked command in '/home/sanjay/ros2_task/src/draw_poly' returned '0': PYTHONPATH=/home/sanjay/ros2_task/build/draw_poly/prefix_override:/usr/lib/python3/dist-packages/colcon_core/task/python/colcon_distutils_commands:/home/sanjay/ros2_task/install/draw_poly/lib/python3.10/site-packages:${PYTHONPATH} /usr/bin/python3 -W ignore:setup.py install is deprecated -W ignore:easy_install command is deprecated setup.py egg_info --egg-base ../../build/draw_poly build --build-base /home/sanjay/ros2_task/build/draw_poly/build install --record /home/sanjay/ros2_task/build/draw_poly/install.log --single-version-externally-managed install_data
