[0.023s] Invoking command in '/home/sanjay/ros2_task/build/cpp_pubsub': CMAKE_PREFIX_PATH=/opt/ros/humble /usr/bin/cmake --build /home/sanjay/ros2_task/build/cpp_pubsub -- -j12 -l12
[0.421s] [ 25%] Built target listener
[0.421s] [ 75%] Built target chat_node_b
[0.421s] [ 75%] Built target chat_node_a
[0.421s] [100%] Built target talker
[0.710s] Invoked command in '/home/sanjay/ros2_task/build/cpp_pubsub' returned '0': CMAKE_PREFIX_PATH=/opt/ros/humble /usr/bin/cmake --build /home/sanjay/ros2_task/build/cpp_pubsub -- -j12 -l12
[0.723s] Invoking command in '/home/sanjay/ros2_task/build/cpp_pubsub': CMAKE_PREFIX_PATH=/opt/ros/humble /usr/bin/cmake --install /home/sanjay/ros2_task/build/cpp_pubsub
[0.733s] -- Install configuration: ""
[0.735s] -- Up-to-date: /home/sanjay/ros2_task/install/cpp_pubsub/lib/cpp_pubsub/talker
[0.736s] -- Up-to-date: /home/sanjay/ros2_task/install/cpp_pubsub/lib/cpp_pubsub/chat_node_a
[0.736s] -- Up-to-date: /home/sanjay/ros2_task/install/cpp_pubsub/lib/cpp_pubsub/chat_node_b
[0.736s] -- Up-to-date: /home/sanjay/ros2_task/install/cpp_pubsub/lib/cpp_pubsub/talker
[0.736s] -- Up-to-date: /home/sanjay/ros2_task/install/cpp_pubsub/lib/cpp_pubsub/listener
[0.736s] -- Up-to-date: /home/sanjay/ros2_task/install/cpp_pubsub/share/ament_index/resource_index/package_run_dependencies/cpp_pubsub
[0.736s] -- Up-to-date: /home/sanjay/ros2_task/install/cpp_pubsub/share/ament_index/resource_index/parent_prefix_path/cpp_pubsub
[0.736s] -- Up-to-date: /home/sanjay/ros2_task/install/cpp_pubsub/share/cpp_pubsub/environment/ament_prefix_path.sh
[0.737s] -- Up-to-date: /home/sanjay/ros2_task/install/cpp_pubsub/share/cpp_pubsub/environment/ament_prefix_path.dsv
[0.737s] -- Up-to-date: /home/sanjay/ros2_task/install/cpp_pubsub/share/cpp_pubsub/environment/path.sh
[0.737s] -- Up-to-date: /home/sanjay/ros2_task/install/cpp_pubsub/share/cpp_pubsub/environment/path.dsv
[0.737s] -- Up-to-date: /home/sanjay/ros2_task/install/cpp_pubsub/share/cpp_pubsub/local_setup.bash
[0.737s] -- Up-to-date: /home/sanjay/ros2_task/install/cpp_pubsub/share/cpp_pubsub/local_setup.sh
[0.737s] -- Up-to-date: /home/sanjay/ros2_task/install/cpp_pubsub/share/cpp_pubsub/local_setup.zsh
[0.737s] -- Up-to-date: /home/sanjay/ros2_task/install/cpp_pubsub/share/cpp_pubsub/local_setup.dsv
[0.737s] -- Installing: /home/sanjay/ros2_task/install/cpp_pubsub/share/cpp_pubsub/package.dsv
[0.737s] -- Up-to-date: /home/sanjay/ros2_task/install/cpp_pubsub/share/ament_index/resource_index/packages/cpp_pubsub
[0.738s] -- Up-to-date: /home/sanjay/ros2_task/install/cpp_pubsub/share/cpp_pubsub/cmake/cpp_pubsubConfig.cmake
[0.738s] -- Up-to-date: /home/sanjay/ros2_task/install/cpp_pubsub/share/cpp_pubsub/cmake/cpp_pubsubConfig-version.cmake
[0.738s] -- Up-to-date: /home/sanjay/ros2_task/install/cpp_pubsub/share/cpp_pubsub/package.xml
[0.739s] Invoked command in '/home/sanjay/ros2_task/build/cpp_pubsub' returned '0': CMAKE_PREFIX_PATH=/opt/ros/humble /usr/bin/cmake --install /home/sanjay/ros2_task/build/cpp_pubsub
