[0.110s] DEBUG:colcon:Command line arguments: ['/usr/bin/colcon', 'build', '--packages-select', 'custom_interface']
[0.110s] DEBUG:colcon:Parsed command line arguments: Namespace(log_base=None, log_level=None, verb_name='build', build_base='build', install_base='install', merge_install=False, symlink_install=False, test_result_base=None, continue_on_error=False, executor='parallel', parallel_workers=12, event_handlers=None, ignore_user_meta=False, metas=['./colcon.meta'], base_paths=['.'], packages_ignore=None, packages_ignore_regex=None, paths=None, packages_up_to=None, packages_up_to_regex=None, packages_above=None, packages_above_and_dependencies=None, packages_above_depth=None, packages_select_by_dep=None, packages_skip_by_dep=None, packages_skip_up_to=None, packages_select_build_failed=False, packages_skip_build_finished=False, packages_select_test_failures=False, packages_skip_test_passed=False, packages_select=['custom_interface'], packages_skip=None, packages_select_regex=None, packages_skip_regex=None, packages_start=None, packages_end=None, allow_overriding=[], cmake_args=None, cmake_target=None, cmake_target_skip_unavailable=False, cmake_clean_cache=False, cmake_clean_first=False, cmake_force_configure=False, ament_cmake_args=None, catkin_cmake_args=None, catkin_skip_building_tests=False, mixin_files=None, mixin=None, verb_parser=<colcon_mixin.mixin.mixin_argument.MixinArgumentDecorator object at 0x7b6c616555a0>, verb_extension=<colcon_core.verb.build.BuildVerb object at 0x7b6c616550f0>, main=<bound method BuildVerb.main of <colcon_core.verb.build.BuildVerb object at 0x7b6c616550f0>>, mixin_verb=('build',))
[0.266s] Level 1:colcon.colcon_core.package_discovery:discover_packages(colcon_meta) check parameters
[0.266s] Level 1:colcon.colcon_core.package_discovery:discover_packages(recursive) check parameters
[0.266s] Level 1:colcon.colcon_core.package_discovery:discover_packages(ignore) check parameters
[0.266s] Level 1:colcon.colcon_core.package_discovery:discover_packages(path) check parameters
[0.266s] Level 1:colcon.colcon_core.package_discovery:discover_packages(colcon_meta) discover
[0.266s] Level 1:colcon.colcon_core.package_discovery:discover_packages(recursive) discover
[0.266s] INFO:colcon.colcon_core.package_discovery:Crawling recursively for packages in '/home/sanjay/ros2_task'
[0.266s] Level 1:colcon.colcon_core.package_identification:_identify(.) by extensions ['ignore', 'ignore_ament_install']
[0.267s] Level 1:colcon.colcon_core.package_identification:_identify(.) by extension 'ignore'
[0.267s] Level 1:colcon.colcon_core.package_identification:_identify(.) by extension 'ignore_ament_install'
[0.267s] Level 1:colcon.colcon_core.package_identification:_identify(.) by extensions ['colcon_pkg']
[0.267s] Level 1:colcon.colcon_core.package_identification:_identify(.) by extension 'colcon_pkg'
[0.267s] Level 1:colcon.colcon_core.package_identification:_identify(.) by extensions ['colcon_meta']
[0.267s] Level 1:colcon.colcon_core.package_identification:_identify(.) by extension 'colcon_meta'
[0.267s] Level 1:colcon.colcon_core.package_identification:_identify(.) by extensions ['ros']
[0.267s] Level 1:colcon.colcon_core.package_identification:_identify(.) by extension 'ros'
[0.278s] Level 1:colcon.colcon_core.package_identification:_identify(.) by extensions ['cmake', 'python']
[0.279s] Level 1:colcon.colcon_core.package_identification:_identify(.) by extension 'cmake'
[0.279s] Level 1:colcon.colcon_core.package_identification:_identify(.) by extension 'python'
[0.279s] Level 1:colcon.colcon_core.package_identification:_identify(.) by extensions ['python_setup_py']
[0.279s] Level 1:colcon.colcon_core.package_identification:_identify(.) by extension 'python_setup_py'
[0.279s] Level 1:colcon.colcon_core.package_identification:_identify(build) by extensions ['ignore', 'ignore_ament_install']
[0.279s] Level 1:colcon.colcon_core.package_identification:_identify(build) by extension 'ignore'
[0.279s] Level 1:colcon.colcon_core.package_identification:_identify(build) ignored
[0.279s] Level 1:colcon.colcon_core.package_identification:_identify(install) by extensions ['ignore', 'ignore_ament_install']
[0.279s] Level 1:colcon.colcon_core.package_identification:_identify(install) by extension 'ignore'
[0.279s] Level 1:colcon.colcon_core.package_identification:_identify(install) ignored
[0.279s] Level 1:colcon.colcon_core.package_identification:_identify(log) by extensions ['ignore', 'ignore_ament_install']
[0.279s] Level 1:colcon.colcon_core.package_identification:_identify(log) by extension 'ignore'
[0.279s] Level 1:colcon.colcon_core.package_identification:_identify(log) ignored
[0.279s] Level 1:colcon.colcon_core.package_identification:_identify(src) by extensions ['ignore', 'ignore_ament_install']
[0.280s] Level 1:colcon.colcon_core.package_identification:_identify(src) by extension 'ignore'
[0.280s] Level 1:colcon.colcon_core.package_identification:_identify(src) by extension 'ignore_ament_install'
[0.280s] Level 1:colcon.colcon_core.package_identification:_identify(src) by extensions ['colcon_pkg']
[0.280s] Level 1:colcon.colcon_core.package_identification:_identify(src) by extension 'colcon_pkg'
[0.280s] Level 1:colcon.colcon_core.package_identification:_identify(src) by extensions ['colcon_meta']
[0.280s] Level 1:colcon.colcon_core.package_identification:_identify(src) by extension 'colcon_meta'
[0.280s] Level 1:colcon.colcon_core.package_identification:_identify(src) by extensions ['ros']
[0.280s] Level 1:colcon.colcon_core.package_identification:_identify(src) by extension 'ros'
[0.280s] Level 1:colcon.colcon_core.package_identification:_identify(src) by extensions ['cmake', 'python']
[0.280s] Level 1:colcon.colcon_core.package_identification:_identify(src) by extension 'cmake'
[0.280s] Level 1:colcon.colcon_core.package_identification:_identify(src) by extension 'python'
[0.280s] Level 1:colcon.colcon_core.package_identification:_identify(src) by extensions ['python_setup_py']
[0.280s] Level 1:colcon.colcon_core.package_identification:_identify(src) by extension 'python_setup_py'
[0.280s] Level 1:colcon.colcon_core.package_identification:_identify(src/build) by extensions ['ignore', 'ignore_ament_install']
[0.280s] Level 1:colcon.colcon_core.package_identification:_identify(src/build) by extension 'ignore'
[0.280s] Level 1:colcon.colcon_core.package_identification:_identify(src/build) ignored
[0.280s] Level 1:colcon.colcon_core.package_identification:_identify(src/cpp_pubsub) by extensions ['ignore', 'ignore_ament_install']
[0.280s] Level 1:colcon.colcon_core.package_identification:_identify(src/cpp_pubsub) by extension 'ignore'
[0.280s] Level 1:colcon.colcon_core.package_identification:_identify(src/cpp_pubsub) by extension 'ignore_ament_install'
[0.280s] Level 1:colcon.colcon_core.package_identification:_identify(src/cpp_pubsub) by extensions ['colcon_pkg']
[0.280s] Level 1:colcon.colcon_core.package_identification:_identify(src/cpp_pubsub) by extension 'colcon_pkg'
[0.280s] Level 1:colcon.colcon_core.package_identification:_identify(src/cpp_pubsub) by extensions ['colcon_meta']
[0.280s] Level 1:colcon.colcon_core.package_identification:_identify(src/cpp_pubsub) by extension 'colcon_meta'
[0.281s] Level 1:colcon.colcon_core.package_identification:_identify(src/cpp_pubsub) by extensions ['ros']
[0.281s] Level 1:colcon.colcon_core.package_identification:_identify(src/cpp_pubsub) by extension 'ros'
[0.283s] DEBUG:colcon.colcon_core.package_identification:Package 'src/cpp_pubsub' with type 'ros.ament_cmake' and name 'cpp_pubsub'
[0.283s] Level 1:colcon.colcon_core.package_identification:_identify(src/cpp_tasks) by extensions ['ignore', 'ignore_ament_install']
[0.283s] Level 1:colcon.colcon_core.package_identification:_identify(src/cpp_tasks) by extension 'ignore'
[0.283s] Level 1:colcon.colcon_core.package_identification:_identify(src/cpp_tasks) by extension 'ignore_ament_install'
[0.283s] Level 1:colcon.colcon_core.package_identification:_identify(src/cpp_tasks) by extensions ['colcon_pkg']
[0.283s] Level 1:colcon.colcon_core.package_identification:_identify(src/cpp_tasks) by extension 'colcon_pkg'
[0.283s] Level 1:colcon.colcon_core.package_identification:_identify(src/cpp_tasks) by extensions ['colcon_meta']
[0.284s] Level 1:colcon.colcon_core.package_identification:_identify(src/cpp_tasks) by extension 'colcon_meta'
[0.284s] Level 1:colcon.colcon_core.package_identification:_identify(src/cpp_tasks) by extensions ['ros']
[0.284s] Level 1:colcon.colcon_core.package_identification:_identify(src/cpp_tasks) by extension 'ros'
[0.285s] DEBUG:colcon.colcon_core.package_identification:Package 'src/cpp_tasks' with type 'ros.ament_cmake' and name 'cpp_tasks'
[0.285s] Level 1:colcon.colcon_core.package_identification:_identify(src/custom_interface) by extensions ['ignore', 'ignore_ament_install']
[0.285s] Level 1:colcon.colcon_core.package_identification:_identify(src/custom_interface) by extension 'ignore'
[0.285s] Level 1:colcon.colcon_core.package_identification:_identify(src/custom_interface) by extension 'ignore_ament_install'
[0.285s] Level 1:colcon.colcon_core.package_identification:_identify(src/custom_interface) by extensions ['colcon_pkg']
[0.285s] Level 1:colcon.colcon_core.package_identification:_identify(src/custom_interface) by extension 'colcon_pkg'
[0.285s] Level 1:colcon.colcon_core.package_identification:_identify(src/custom_interface) by extensions ['colcon_meta']
[0.285s] Level 1:colcon.colcon_core.package_identification:_identify(src/custom_interface) by extension 'colcon_meta'
[0.285s] Level 1:colcon.colcon_core.package_identification:_identify(src/custom_interface) by extensions ['ros']
[0.285s] Level 1:colcon.colcon_core.package_identification:_identify(src/custom_interface) by extension 'ros'
[0.285s] DEBUG:colcon.colcon_core.package_identification:Package 'src/custom_interface' with type 'ros.ament_cmake' and name 'custom_interface'
[0.286s] Level 1:colcon.colcon_core.package_identification:_identify(src/draw_poly) by extensions ['ignore', 'ignore_ament_install']
[0.286s] Level 1:colcon.colcon_core.package_identification:_identify(src/draw_poly) by extension 'ignore'
[0.286s] Level 1:colcon.colcon_core.package_identification:_identify(src/draw_poly) by extension 'ignore_ament_install'
[0.286s] Level 1:colcon.colcon_core.package_identification:_identify(src/draw_poly) by extensions ['colcon_pkg']
[0.286s] Level 1:colcon.colcon_core.package_identification:_identify(src/draw_poly) by extension 'colcon_pkg'
[0.286s] Level 1:colcon.colcon_core.package_identification:_identify(src/draw_poly) by extensions ['colcon_meta']
[0.286s] Level 1:colcon.colcon_core.package_identification:_identify(src/draw_poly) by extension 'colcon_meta'
[0.286s] Level 1:colcon.colcon_core.package_identification:_identify(src/draw_poly) by extensions ['ros']
[0.286s] Level 1:colcon.colcon_core.package_identification:_identify(src/draw_poly) by extension 'ros'
[0.287s] DEBUG:colcon.colcon_core.package_identification:Package 'src/draw_poly' with type 'ros.ament_python' and name 'draw_poly'
[0.287s] Level 1:colcon.colcon_core.package_identification:_identify(src/install) by extensions ['ignore', 'ignore_ament_install']
[0.287s] Level 1:colcon.colcon_core.package_identification:_identify(src/install) by extension 'ignore'
[0.287s] Level 1:colcon.colcon_core.package_identification:_identify(src/install) ignored
[0.287s] Level 1:colcon.colcon_core.package_identification:_identify(src/log) by extensions ['ignore', 'ignore_ament_install']
[0.287s] Level 1:colcon.colcon_core.package_identification:_identify(src/log) by extension 'ignore'
[0.287s] Level 1:colcon.colcon_core.package_identification:_identify(src/log) ignored
[0.287s] Level 1:colcon.colcon_core.package_identification:_identify(src/task_pkg) by extensions ['ignore', 'ignore_ament_install']
[0.287s] Level 1:colcon.colcon_core.package_identification:_identify(src/task_pkg) by extension 'ignore'
[0.287s] Level 1:colcon.colcon_core.package_identification:_identify(src/task_pkg) by extension 'ignore_ament_install'
[0.287s] Level 1:colcon.colcon_core.package_identification:_identify(src/task_pkg) by extensions ['colcon_pkg']
[0.287s] Level 1:colcon.colcon_core.package_identification:_identify(src/task_pkg) by extension 'colcon_pkg'
[0.287s] Level 1:colcon.colcon_core.package_identification:_identify(src/task_pkg) by extensions ['colcon_meta']
[0.287s] Level 1:colcon.colcon_core.package_identification:_identify(src/task_pkg) by extension 'colcon_meta'
[0.287s] Level 1:colcon.colcon_core.package_identification:_identify(src/task_pkg) by extensions ['ros']
[0.287s] Level 1:colcon.colcon_core.package_identification:_identify(src/task_pkg) by extension 'ros'
[0.288s] DEBUG:colcon.colcon_core.package_identification:Package 'src/task_pkg' with type 'ros.ament_python' and name 'task_pkg'
[0.288s] Level 1:colcon.colcon_core.package_discovery:discover_packages(recursive) using defaults
[0.288s] Level 1:colcon.colcon_core.package_discovery:discover_packages(ignore) discover
[0.288s] Level 1:colcon.colcon_core.package_discovery:discover_packages(ignore) using defaults
[0.288s] Level 1:colcon.colcon_core.package_discovery:discover_packages(path) discover
[0.288s] Level 1:colcon.colcon_core.package_discovery:discover_packages(path) using defaults
[0.320s] INFO:colcon.colcon_core.package_selection:Skipping not selected package 'cpp_pubsub' in 'src/cpp_pubsub'
[0.320s] INFO:colcon.colcon_core.package_selection:Skipping not selected package 'draw_poly' in 'src/draw_poly'
[0.320s] INFO:colcon.colcon_core.package_selection:Skipping not selected package 'task_pkg' in 'src/task_pkg'
[0.320s] INFO:colcon.colcon_core.package_selection:Skipping not selected package 'cpp_tasks' in 'src/cpp_tasks'
[0.320s] Level 1:colcon.colcon_core.package_discovery:discover_packages(prefix_path) check parameters
[0.320s] Level 1:colcon.colcon_core.package_discovery:discover_packages(prefix_path) discover
[0.322s] DEBUG:colcon.colcon_installed_package_information.package_discovery:Found 1 installed packages in /home/sanjay/ros2_task/install
[0.322s] DEBUG:colcon.colcon_installed_package_information.package_discovery:Found 1 installed packages in /home/sanjay/ros2_task/src/install
[0.323s] DEBUG:colcon.colcon_installed_package_information.package_discovery:Found 295 installed packages in /opt/ros/humble
[0.325s] Level 1:colcon.colcon_core.package_discovery:discover_packages(prefix_path) using defaults
[0.363s] Level 5:colcon.colcon_core.verb:set package 'custom_interface' build argument 'cmake_args' from command line to 'None'
[0.363s] Level 5:colcon.colcon_core.verb:set package 'custom_interface' build argument 'cmake_target' from command line to 'None'
[0.363s] Level 5:colcon.colcon_core.verb:set package 'custom_interface' build argument 'cmake_target_skip_unavailable' from command line to 'False'
[0.363s] Level 5:colcon.colcon_core.verb:set package 'custom_interface' build argument 'cmake_clean_cache' from command line to 'False'
[0.363s] Level 5:colcon.colcon_core.verb:set package 'custom_interface' build argument 'cmake_clean_first' from command line to 'False'
[0.363s] Level 5:colcon.colcon_core.verb:set package 'custom_interface' build argument 'cmake_force_configure' from command line to 'False'
[0.363s] Level 5:colcon.colcon_core.verb:set package 'custom_interface' build argument 'ament_cmake_args' from command line to 'None'
[0.363s] Level 5:colcon.colcon_core.verb:set package 'custom_interface' build argument 'catkin_cmake_args' from command line to 'None'
[0.363s] Level 5:colcon.colcon_core.verb:set package 'custom_interface' build argument 'catkin_skip_building_tests' from command line to 'False'
[0.363s] DEBUG:colcon.colcon_core.verb:Building package 'custom_interface' with the following arguments: {'ament_cmake_args': None, 'build_base': '/home/sanjay/ros2_task/build/custom_interface', 'catkin_cmake_args': None, 'catkin_skip_building_tests': False, 'cmake_args': None, 'cmake_clean_cache': False, 'cmake_clean_first': False, 'cmake_force_configure': False, 'cmake_target': None, 'cmake_target_skip_unavailable': False, 'install_base': '/home/sanjay/ros2_task/install/custom_interface', 'merge_install': False, 'path': '/home/sanjay/ros2_task/src/custom_interface', 'symlink_install': False, 'test_result_base': None}
[0.363s] INFO:colcon.colcon_core.executor:Executing jobs using 'parallel' executor
[0.364s] DEBUG:colcon.colcon_parallel_executor.executor.parallel:run_until_complete
[0.365s] INFO:colcon.colcon_ros.task.ament_cmake.build:Building ROS package in '/home/sanjay/ros2_task/src/custom_interface' with build type 'ament_cmake'
[0.365s] INFO:colcon.colcon_cmake.task.cmake.build:Building CMake package in '/home/sanjay/ros2_task/src/custom_interface'
[0.367s] INFO:colcon.colcon_core.plugin_system:Skipping extension 'colcon_core.shell.bat': Not used on non-Windows systems
[0.367s] INFO:colcon.colcon_core.shell:Skip shell extension 'powershell' for command environment: Not usable outside of PowerShell
[0.367s] DEBUG:colcon.colcon_core.shell:Skip shell extension 'dsv' for command environment
[0.376s] DEBUG:colcon.colcon_core.event_handler.log_command:Invoking command in '/home/sanjay/ros2_task/build/custom_interface': CMAKE_PREFIX_PATH=/home/sanjay/ros2_task/install/draw_poly:/home/sanjay/ros2_task/src/install/task_pkg:/opt/ros/humble /usr/bin/cmake /home/sanjay/ros2_task/src/custom_interface -DCMAKE_INSTALL_PREFIX=/home/sanjay/ros2_task/install/custom_interface
[2.065s] DEBUG:colcon.colcon_core.event_handler.log_command:Invoked command in '/home/sanjay/ros2_task/build/custom_interface' returned '0': CMAKE_PREFIX_PATH=/home/sanjay/ros2_task/install/draw_poly:/home/sanjay/ros2_task/src/install/task_pkg:/opt/ros/humble /usr/bin/cmake /home/sanjay/ros2_task/src/custom_interface -DCMAKE_INSTALL_PREFIX=/home/sanjay/ros2_task/install/custom_interface
[2.066s] DEBUG:colcon.colcon_core.event_handler.log_command:Invoking command in '/home/sanjay/ros2_task/build/custom_interface': CMAKE_PREFIX_PATH=/home/sanjay/ros2_task/install/draw_poly:/home/sanjay/ros2_task/src/install/task_pkg:/opt/ros/humble /usr/bin/cmake --build /home/sanjay/ros2_task/build/custom_interface -- -j12 -l12
[4.628s] DEBUG:colcon.colcon_core.event_handler.log_command:Invoked command in '/home/sanjay/ros2_task/build/custom_interface' returned '0': CMAKE_PREFIX_PATH=/home/sanjay/ros2_task/install/draw_poly:/home/sanjay/ros2_task/src/install/task_pkg:/opt/ros/humble /usr/bin/cmake --build /home/sanjay/ros2_task/build/custom_interface -- -j12 -l12
[4.640s] DEBUG:colcon.colcon_core.event_handler.log_command:Invoking command in '/home/sanjay/ros2_task/build/custom_interface': CMAKE_PREFIX_PATH=/home/sanjay/ros2_task/install/draw_poly:/home/sanjay/ros2_task/src/install/task_pkg:/opt/ros/humble /usr/bin/cmake --install /home/sanjay/ros2_task/build/custom_interface
[4.709s] Level 1:colcon.colcon_core.environment:create_environment_scripts_only(custom_interface)
[4.710s] DEBUG:colcon.colcon_core.event_handler.log_command:Invoked command in '/home/sanjay/ros2_task/build/custom_interface' returned '0': CMAKE_PREFIX_PATH=/home/sanjay/ros2_task/install/draw_poly:/home/sanjay/ros2_task/src/install/task_pkg:/opt/ros/humble /usr/bin/cmake --install /home/sanjay/ros2_task/build/custom_interface
[4.713s] Level 1:colcon.colcon_core.environment:checking '/home/sanjay/ros2_task/install/custom_interface' for CMake module files
[4.713s] Level 1:colcon.colcon_core.environment:checking '/home/sanjay/ros2_task/install/custom_interface' for CMake config files
[4.714s] Level 1:colcon.colcon_core.shell:create_environment_hook('custom_interface', 'cmake_prefix_path')
[4.714s] INFO:colcon.colcon_core.shell:Creating environment hook '/home/sanjay/ros2_task/install/custom_interface/share/custom_interface/hook/cmake_prefix_path.ps1'
[4.715s] INFO:colcon.colcon_core.shell:Creating environment descriptor '/home/sanjay/ros2_task/install/custom_interface/share/custom_interface/hook/cmake_prefix_path.dsv'
[4.715s] INFO:colcon.colcon_core.shell:Creating environment hook '/home/sanjay/ros2_task/install/custom_interface/share/custom_interface/hook/cmake_prefix_path.sh'
[4.716s] Level 1:colcon.colcon_core.environment:checking '/home/sanjay/ros2_task/install/custom_interface/lib'
[4.716s] Level 1:colcon.colcon_core.shell:create_environment_hook('custom_interface', 'ld_library_path_lib')
[4.716s] INFO:colcon.colcon_core.shell:Creating environment hook '/home/sanjay/ros2_task/install/custom_interface/share/custom_interface/hook/ld_library_path_lib.ps1'
[4.717s] INFO:colcon.colcon_core.shell:Creating environment descriptor '/home/sanjay/ros2_task/install/custom_interface/share/custom_interface/hook/ld_library_path_lib.dsv'
[4.717s] INFO:colcon.colcon_core.shell:Creating environment hook '/home/sanjay/ros2_task/install/custom_interface/share/custom_interface/hook/ld_library_path_lib.sh'
[4.717s] Level 1:colcon.colcon_core.environment:checking '/home/sanjay/ros2_task/install/custom_interface/bin'
[4.717s] Level 1:colcon.colcon_core.environment:checking '/home/sanjay/ros2_task/install/custom_interface/lib/pkgconfig/custom_interface.pc'
[4.718s] Level 1:colcon.colcon_core.environment:checking '/home/sanjay/ros2_task/install/custom_interface/lib/python3.10/site-packages'
[4.718s] Level 1:colcon.colcon_core.environment:checking '/home/sanjay/ros2_task/install/custom_interface/bin'
[4.718s] INFO:colcon.colcon_core.shell:Creating package script '/home/sanjay/ros2_task/install/custom_interface/share/custom_interface/package.ps1'
[4.719s] INFO:colcon.colcon_core.shell:Creating package descriptor '/home/sanjay/ros2_task/install/custom_interface/share/custom_interface/package.dsv'
[4.720s] INFO:colcon.colcon_core.shell:Creating package script '/home/sanjay/ros2_task/install/custom_interface/share/custom_interface/package.sh'
[4.720s] INFO:colcon.colcon_core.shell:Creating package script '/home/sanjay/ros2_task/install/custom_interface/share/custom_interface/package.bash'
[4.721s] INFO:colcon.colcon_core.shell:Creating package script '/home/sanjay/ros2_task/install/custom_interface/share/custom_interface/package.zsh'
[4.722s] Level 1:colcon.colcon_core.environment:create_file_with_runtime_dependencies(/home/sanjay/ros2_task/install/custom_interface/share/colcon-core/packages/custom_interface)
[4.722s] Level 1:colcon.colcon_core.environment:create_environment_scripts_only(custom_interface)
[4.722s] Level 1:colcon.colcon_core.environment:checking '/home/sanjay/ros2_task/install/custom_interface' for CMake module files
[4.723s] Level 1:colcon.colcon_core.environment:checking '/home/sanjay/ros2_task/install/custom_interface' for CMake config files
[4.723s] Level 1:colcon.colcon_core.shell:create_environment_hook('custom_interface', 'cmake_prefix_path')
[4.723s] INFO:colcon.colcon_core.shell:Creating environment hook '/home/sanjay/ros2_task/install/custom_interface/share/custom_interface/hook/cmake_prefix_path.ps1'
[4.724s] INFO:colcon.colcon_core.shell:Creating environment descriptor '/home/sanjay/ros2_task/install/custom_interface/share/custom_interface/hook/cmake_prefix_path.dsv'
[4.724s] INFO:colcon.colcon_core.shell:Creating environment hook '/home/sanjay/ros2_task/install/custom_interface/share/custom_interface/hook/cmake_prefix_path.sh'
[4.724s] Level 1:colcon.colcon_core.environment:checking '/home/sanjay/ros2_task/install/custom_interface/lib'
[4.724s] Level 1:colcon.colcon_core.shell:create_environment_hook('custom_interface', 'ld_library_path_lib')
[4.725s] INFO:colcon.colcon_core.shell:Creating environment hook '/home/sanjay/ros2_task/install/custom_interface/share/custom_interface/hook/ld_library_path_lib.ps1'
[4.725s] INFO:colcon.colcon_core.shell:Creating environment descriptor '/home/sanjay/ros2_task/install/custom_interface/share/custom_interface/hook/ld_library_path_lib.dsv'
[4.725s] INFO:colcon.colcon_core.shell:Creating environment hook '/home/sanjay/ros2_task/install/custom_interface/share/custom_interface/hook/ld_library_path_lib.sh'
[4.726s] Level 1:colcon.colcon_core.environment:checking '/home/sanjay/ros2_task/install/custom_interface/bin'
[4.726s] Level 1:colcon.colcon_core.environment:checking '/home/sanjay/ros2_task/install/custom_interface/lib/pkgconfig/custom_interface.pc'
[4.726s] Level 1:colcon.colcon_core.environment:checking '/home/sanjay/ros2_task/install/custom_interface/lib/python3.10/site-packages'
[4.726s] Level 1:colcon.colcon_core.environment:checking '/home/sanjay/ros2_task/install/custom_interface/bin'
[4.726s] INFO:colcon.colcon_core.shell:Creating package script '/home/sanjay/ros2_task/install/custom_interface/share/custom_interface/package.ps1'
[4.727s] INFO:colcon.colcon_core.shell:Creating package descriptor '/home/sanjay/ros2_task/install/custom_interface/share/custom_interface/package.dsv'
[4.728s] INFO:colcon.colcon_core.shell:Creating package script '/home/sanjay/ros2_task/install/custom_interface/share/custom_interface/package.sh'
[4.728s] INFO:colcon.colcon_core.shell:Creating package script '/home/sanjay/ros2_task/install/custom_interface/share/custom_interface/package.bash'
[4.728s] INFO:colcon.colcon_core.shell:Creating package script '/home/sanjay/ros2_task/install/custom_interface/share/custom_interface/package.zsh'
[4.729s] Level 1:colcon.colcon_core.environment:create_file_with_runtime_dependencies(/home/sanjay/ros2_task/install/custom_interface/share/colcon-core/packages/custom_interface)
[4.729s] DEBUG:colcon.colcon_parallel_executor.executor.parallel:closing loop
[4.729s] DEBUG:colcon.colcon_parallel_executor.executor.parallel:loop closed
[4.729s] DEBUG:colcon.colcon_parallel_executor.executor.parallel:run_until_complete finished with '0'
[4.729s] DEBUG:colcon.colcon_core.event_reactor:joining thread
[4.734s] INFO:colcon.colcon_core.plugin_system:Skipping extension 'colcon_notification.desktop_notification.terminal_notifier': Not used on non-Darwin systems
[4.734s] INFO:colcon.colcon_core.plugin_system:Skipping extension 'colcon_notification.desktop_notification.win32': Not used on non-Windows systems
[4.735s] INFO:colcon.colcon_notification.desktop_notification:Sending desktop notification using 'notify2'
[4.751s] DEBUG:colcon.colcon_core.event_reactor:joined thread
[4.751s] INFO:colcon.colcon_core.shell:Creating prefix script '/home/sanjay/ros2_task/install/local_setup.ps1'
[4.752s] INFO:colcon.colcon_core.shell:Creating prefix util module '/home/sanjay/ros2_task/install/_local_setup_util_ps1.py'
[4.754s] INFO:colcon.colcon_core.shell:Creating prefix chain script '/home/sanjay/ros2_task/install/setup.ps1'
[4.756s] INFO:colcon.colcon_core.shell:Creating prefix script '/home/sanjay/ros2_task/install/local_setup.sh'
[4.757s] INFO:colcon.colcon_core.shell:Creating prefix util module '/home/sanjay/ros2_task/install/_local_setup_util_sh.py'
[4.758s] INFO:colcon.colcon_core.shell:Creating prefix chain script '/home/sanjay/ros2_task/install/setup.sh'
[4.759s] INFO:colcon.colcon_core.shell:Creating prefix script '/home/sanjay/ros2_task/install/local_setup.bash'
[4.760s] INFO:colcon.colcon_core.shell:Creating prefix chain script '/home/sanjay/ros2_task/install/setup.bash'
[4.761s] INFO:colcon.colcon_core.shell:Creating prefix script '/home/sanjay/ros2_task/install/local_setup.zsh'
[4.762s] INFO:colcon.colcon_core.shell:Creating prefix chain script '/home/sanjay/ros2_task/install/setup.zsh'
