-- Found ament_cmake: 1.3.11 (/opt/ros/humble/share/ament_cmake/cmake)
-- Found rclcpp: 16.0.11 (/opt/ros/humble/share/rclcpp/cmake)
-- Found rosidl_generator_c: 3.1.6 (/opt/ros/humble/share/rosidl_generator_c/cmake)
-- Found rosidl_adapter: 3.1.6 (/opt/ros/humble/share/rosidl_adapter/cmake)
-- Found rosidl_generator_cpp: 3.1.6 (/opt/ros/humble/share/rosidl_generator_cpp/cmake)
-- Using all available rosidl_typesupport_c: rosidl_typesupport_fastrtps_c;rosidl_typesupport_introspection_c
-- Using all available rosidl_typesupport_cpp: rosidl_typesupport_fastrtps_cpp;rosidl_typesupport_introspection_cpp
-- Found rmw_implementation_cmake: 6.1.2 (/opt/ros/humble/share/rmw_implementation_cmake/cmake)
-- Found rmw_fastrtps_cpp: 6.2.7 (/opt/ros/humble/share/rmw_fastrtps_cpp/cmake)
-- Using RMW implementation 'rmw_fastrtps_cpp' as default
-- Found geometry_msgs: 4.2.4 (/opt/ros/humble/share/geometry_msgs/cmake)
-- Found turtlesim: 1.4.2 (/opt/ros/humble/share/turtlesim/cmake)
-- Found custom_interface: 0.0.0 (/home/sanjay/ros2_task/install/custom_interface/share/custom_interface/cmake)
-- Found ament_lint_auto: 0.12.11 (/opt/ros/humble/share/ament_lint_auto/cmake)
-- Added test 'cppcheck' to perform static code analysis on C / C++ code
-- Configured cppcheck include dirs: 
-- Configured cppcheck exclude dirs and/or files: 
-- Added test 'lint_cmake' to check CMake code style
-- Added test 'uncrustify' to check C / C++ code style
-- Configured uncrustify additional arguments: 
-- Added test 'xmllint' to check XML markup files
-- Configuring done
-- Generating done
-- Build files have been written to: /home/sanjay/ros2_task/build/cpp_tasks
[35m[1mConsolidate compiler generated dependencies of target drawcircle[0m
[35m[1mConsolidate compiler generated dependencies of target drawd[0m
[35m[1mConsolidate compiler generated dependencies of target togoal[0m
[ 10%] [32mBuilding CXX object CMakeFiles/poly_client.dir/src/client_drawp.cpp.o[0m
[ 20%] [32mBuilding CXX object CMakeFiles/poly_service.dir/src/service_drawp.cpp.o[0m
[ 40%] Built target drawcircle
[ 60%] Built target drawd
[ 80%] Built target togoal
[01m[K/home/sanjay/ros2_task/src/cpp_tasks/src/client_drawp.cpp:2:10:[m[K [01;31m[Kfatal error: [m[Kcustom_interface/srv/Drawpoly.hpp: No such file or directory
    2 | #include [01;31m[K"custom_interface/srv/Drawpoly.hpp"[m[K
      |          [01;31m[K^~~~~~~~~~~~~~~~~~~~~~~~~~~~~~~~~~~[m[K
compilation terminated.
[01m[K/home/sanjay/ros2_task/src/cpp_tasks/src/service_drawp.cpp:2:10:[m[K [01;31m[Kfatal error: [m[Kcustom_interface/srv/Drawpoly.hpp: No such file or directory
    2 | #include [01;31m[K"custom_interface/srv/Drawpoly.hpp"[m[K
      |          [01;31m[K^~~~~~~~~~~~~~~~~~~~~~~~~~~~~~~~~~~[m[K
compilation terminated.
gmake[2]: *** [CMakeFiles/poly_service.dir/build.make:76: CMakeFiles/poly_service.dir/src/service_drawp.cpp.o] Error 1
gmake[2]: *** [CMakeFiles/poly_client.dir/build.make:76: CMakeFiles/poly_client.dir/src/client_drawp.cpp.o] Error 1
gmake[1]: *** [CMakeFiles/Makefile2:223: CMakeFiles/poly_client.dir/all] Error 2
gmake[1]: *** Waiting for unfinished jobs....
gmake[1]: *** [CMakeFiles/Makefile2:249: CMakeFiles/poly_service.dir/all] Error 2
gmake: *** [Makefile:146: all] Error 2
