[0.112s] DEBUG:colcon:Command line arguments: ['/usr/bin/colcon', 'build']
[0.112s] DEBUG:colcon:Parsed command line arguments: Namespace(log_base=None, log_level=None, verb_name='build', build_base='build', install_base='install', merge_install=False, symlink_install=False, test_result_base=None, continue_on_error=False, executor='parallel', parallel_workers=12, event_handlers=None, ignore_user_meta=False, metas=['./colcon.meta'], base_paths=['.'], packages_ignore=None, packages_ignore_regex=None, paths=None, packages_up_to=None, packages_up_to_regex=None, packages_above=None, packages_above_and_dependencies=None, packages_above_depth=None, packages_select_by_dep=None, packages_skip_by_dep=None, packages_skip_up_to=None, packages_select_build_failed=False, packages_skip_build_finished=False, packages_select_test_failures=False, packages_skip_test_passed=False, packages_select=None, packages_skip=None, packages_select_regex=None, packages_skip_regex=None, packages_start=None, packages_end=None, allow_overriding=[], cmake_args=None, cmake_target=None, cmake_target_skip_unavailable=False, cmake_clean_cache=False, cmake_clean_first=False, cmake_force_configure=False, ament_cmake_args=None, catkin_cmake_args=None, catkin_skip_building_tests=False, mixin_files=None, mixin=None, verb_parser=<colcon_mixin.mixin.mixin_argument.MixinArgumentDecorator object at 0x714ae1c50e50>, verb_extension=<colcon_core.verb.build.BuildVerb object at 0x714ae1c509a0>, main=<bound method BuildVerb.main of <colcon_core.verb.build.BuildVerb object at 0x714ae1c509a0>>, mixin_verb=('build',))
[0.269s] Level 1:colcon.colcon_core.package_discovery:discover_packages(colcon_meta) check parameters
[0.270s] Level 1:colcon.colcon_core.package_discovery:discover_packages(recursive) check parameters
[0.270s] Level 1:colcon.colcon_core.package_discovery:discover_packages(ignore) check parameters
[0.270s] Level 1:colcon.colcon_core.package_discovery:discover_packages(path) check parameters
[0.270s] Level 1:colcon.colcon_core.package_discovery:discover_packages(colcon_meta) discover
[0.270s] Level 1:colcon.colcon_core.package_discovery:discover_packages(recursive) discover
[0.270s] INFO:colcon.colcon_core.package_discovery:Crawling recursively for packages in '/home/sanjay/ros2_task'
[0.270s] Level 1:colcon.colcon_core.package_identification:_identify(.) by extensions ['ignore', 'ignore_ament_install']
[0.270s] Level 1:colcon.colcon_core.package_identification:_identify(.) by extension 'ignore'
[0.270s] Level 1:colcon.colcon_core.package_identification:_identify(.) by extension 'ignore_ament_install'
[0.270s] Level 1:colcon.colcon_core.package_identification:_identify(.) by extensions ['colcon_pkg']
[0.270s] Level 1:colcon.colcon_core.package_identification:_identify(.) by extension 'colcon_pkg'
[0.270s] Level 1:colcon.colcon_core.package_identification:_identify(.) by extensions ['colcon_meta']
[0.270s] Level 1:colcon.colcon_core.package_identification:_identify(.) by extension 'colcon_meta'
[0.270s] Level 1:colcon.colcon_core.package_identification:_identify(.) by extensions ['ros']
[0.270s] Level 1:colcon.colcon_core.package_identification:_identify(.) by extension 'ros'
[0.282s] Level 1:colcon.colcon_core.package_identification:_identify(.) by extensions ['cmake', 'python']
[0.282s] Level 1:colcon.colcon_core.package_identification:_identify(.) by extension 'cmake'
[0.282s] Level 1:colcon.colcon_core.package_identification:_identify(.) by extension 'python'
[0.282s] Level 1:colcon.colcon_core.package_identification:_identify(.) by extensions ['python_setup_py']
[0.282s] Level 1:colcon.colcon_core.package_identification:_identify(.) by extension 'python_setup_py'
[0.283s] Level 1:colcon.colcon_core.package_identification:_identify(build) by extensions ['ignore', 'ignore_ament_install']
[0.283s] Level 1:colcon.colcon_core.package_identification:_identify(build) by extension 'ignore'
[0.283s] Level 1:colcon.colcon_core.package_identification:_identify(build) ignored
[0.283s] Level 1:colcon.colcon_core.package_identification:_identify(install) by extensions ['ignore', 'ignore_ament_install']
[0.283s] Level 1:colcon.colcon_core.package_identification:_identify(install) by extension 'ignore'
[0.283s] Level 1:colcon.colcon_core.package_identification:_identify(install) ignored
[0.283s] Level 1:colcon.colcon_core.package_identification:_identify(log) by extensions ['ignore', 'ignore_ament_install']
[0.283s] Level 1:colcon.colcon_core.package_identification:_identify(log) by extension 'ignore'
[0.283s] Level 1:colcon.colcon_core.package_identification:_identify(log) ignored
[0.283s] Level 1:colcon.colcon_core.package_identification:_identify(src) by extensions ['ignore', 'ignore_ament_install']
[0.283s] Level 1:colcon.colcon_core.package_identification:_identify(src) by extension 'ignore'
[0.283s] Level 1:colcon.colcon_core.package_identification:_identify(src) by extension 'ignore_ament_install'
[0.283s] Level 1:colcon.colcon_core.package_identification:_identify(src) by extensions ['colcon_pkg']
[0.284s] Level 1:colcon.colcon_core.package_identification:_identify(src) by extension 'colcon_pkg'
[0.284s] Level 1:colcon.colcon_core.package_identification:_identify(src) by extensions ['colcon_meta']
[0.284s] Level 1:colcon.colcon_core.package_identification:_identify(src) by extension 'colcon_meta'
[0.284s] Level 1:colcon.colcon_core.package_identification:_identify(src) by extensions ['ros']
[0.284s] Level 1:colcon.colcon_core.package_identification:_identify(src) by extension 'ros'
[0.284s] Level 1:colcon.colcon_core.package_identification:_identify(src) by extensions ['cmake', 'python']
[0.284s] Level 1:colcon.colcon_core.package_identification:_identify(src) by extension 'cmake'
[0.284s] Level 1:colcon.colcon_core.package_identification:_identify(src) by extension 'python'
[0.284s] Level 1:colcon.colcon_core.package_identification:_identify(src) by extensions ['python_setup_py']
[0.284s] Level 1:colcon.colcon_core.package_identification:_identify(src) by extension 'python_setup_py'
[0.284s] Level 1:colcon.colcon_core.package_identification:_identify(src/build) by extensions ['ignore', 'ignore_ament_install']
[0.284s] Level 1:colcon.colcon_core.package_identification:_identify(src/build) by extension 'ignore'
[0.284s] Level 1:colcon.colcon_core.package_identification:_identify(src/build) ignored
[0.284s] Level 1:colcon.colcon_core.package_identification:_identify(src/cpp_pubsub) by extensions ['ignore', 'ignore_ament_install']
[0.284s] Level 1:colcon.colcon_core.package_identification:_identify(src/cpp_pubsub) by extension 'ignore'
[0.284s] Level 1:colcon.colcon_core.package_identification:_identify(src/cpp_pubsub) by extension 'ignore_ament_install'
[0.284s] Level 1:colcon.colcon_core.package_identification:_identify(src/cpp_pubsub) by extensions ['colcon_pkg']
[0.284s] Level 1:colcon.colcon_core.package_identification:_identify(src/cpp_pubsub) by extension 'colcon_pkg'
[0.284s] Level 1:colcon.colcon_core.package_identification:_identify(src/cpp_pubsub) by extensions ['colcon_meta']
[0.284s] Level 1:colcon.colcon_core.package_identification:_identify(src/cpp_pubsub) by extension 'colcon_meta'
[0.284s] Level 1:colcon.colcon_core.package_identification:_identify(src/cpp_pubsub) by extensions ['ros']
[0.284s] Level 1:colcon.colcon_core.package_identification:_identify(src/cpp_pubsub) by extension 'ros'
[0.287s] DEBUG:colcon.colcon_core.package_identification:Package 'src/cpp_pubsub' with type 'ros.ament_cmake' and name 'cpp_pubsub'
[0.287s] Level 1:colcon.colcon_core.package_identification:_identify(src/cpp_tasks) by extensions ['ignore', 'ignore_ament_install']
[0.287s] Level 1:colcon.colcon_core.package_identification:_identify(src/cpp_tasks) by extension 'ignore'
[0.287s] Level 1:colcon.colcon_core.package_identification:_identify(src/cpp_tasks) by extension 'ignore_ament_install'
[0.287s] Level 1:colcon.colcon_core.package_identification:_identify(src/cpp_tasks) by extensions ['colcon_pkg']
[0.287s] Level 1:colcon.colcon_core.package_identification:_identify(src/cpp_tasks) by extension 'colcon_pkg'
[0.288s] Level 1:colcon.colcon_core.package_identification:_identify(src/cpp_tasks) by extensions ['colcon_meta']
[0.288s] Level 1:colcon.colcon_core.package_identification:_identify(src/cpp_tasks) by extension 'colcon_meta'
[0.288s] Level 1:colcon.colcon_core.package_identification:_identify(src/cpp_tasks) by extensions ['ros']
[0.288s] Level 1:colcon.colcon_core.package_identification:_identify(src/cpp_tasks) by extension 'ros'
[0.289s] DEBUG:colcon.colcon_core.package_identification:Package 'src/cpp_tasks' with type 'ros.ament_cmake' and name 'cpp_tasks'
[0.289s] Level 1:colcon.colcon_core.package_identification:_identify(src/custom_interface) by extensions ['ignore', 'ignore_ament_install']
[0.289s] Level 1:colcon.colcon_core.package_identification:_identify(src/custom_interface) by extension 'ignore'
[0.289s] Level 1:colcon.colcon_core.package_identification:_identify(src/custom_interface) by extension 'ignore_ament_install'
[0.289s] Level 1:colcon.colcon_core.package_identification:_identify(src/custom_interface) by extensions ['colcon_pkg']
[0.289s] Level 1:colcon.colcon_core.package_identification:_identify(src/custom_interface) by extension 'colcon_pkg'
[0.289s] Level 1:colcon.colcon_core.package_identification:_identify(src/custom_interface) by extensions ['colcon_meta']
[0.289s] Level 1:colcon.colcon_core.package_identification:_identify(src/custom_interface) by extension 'colcon_meta'
[0.289s] Level 1:colcon.colcon_core.package_identification:_identify(src/custom_interface) by extensions ['ros']
[0.289s] Level 1:colcon.colcon_core.package_identification:_identify(src/custom_interface) by extension 'ros'
[0.290s] DEBUG:colcon.colcon_core.package_identification:Package 'src/custom_interface' with type 'ros.ament_cmake' and name 'custom_interface'
[0.290s] Level 1:colcon.colcon_core.package_identification:_identify(src/draw_poly) by extensions ['ignore', 'ignore_ament_install']
[0.290s] Level 1:colcon.colcon_core.package_identification:_identify(src/draw_poly) by extension 'ignore'
[0.290s] Level 1:colcon.colcon_core.package_identification:_identify(src/draw_poly) by extension 'ignore_ament_install'
[0.290s] Level 1:colcon.colcon_core.package_identification:_identify(src/draw_poly) by extensions ['colcon_pkg']
[0.290s] Level 1:colcon.colcon_core.package_identification:_identify(src/draw_poly) by extension 'colcon_pkg'
[0.290s] Level 1:colcon.colcon_core.package_identification:_identify(src/draw_poly) by extensions ['colcon_meta']
[0.290s] Level 1:colcon.colcon_core.package_identification:_identify(src/draw_poly) by extension 'colcon_meta'
[0.290s] Level 1:colcon.colcon_core.package_identification:_identify(src/draw_poly) by extensions ['ros']
[0.290s] Level 1:colcon.colcon_core.package_identification:_identify(src/draw_poly) by extension 'ros'
[0.291s] DEBUG:colcon.colcon_core.package_identification:Package 'src/draw_poly' with type 'ros.ament_python' and name 'draw_poly'
[0.291s] Level 1:colcon.colcon_core.package_identification:_identify(src/install) by extensions ['ignore', 'ignore_ament_install']
[0.291s] Level 1:colcon.colcon_core.package_identification:_identify(src/install) by extension 'ignore'
[0.291s] Level 1:colcon.colcon_core.package_identification:_identify(src/install) ignored
[0.291s] Level 1:colcon.colcon_core.package_identification:_identify(src/log) by extensions ['ignore', 'ignore_ament_install']
[0.291s] Level 1:colcon.colcon_core.package_identification:_identify(src/log) by extension 'ignore'
[0.291s] Level 1:colcon.colcon_core.package_identification:_identify(src/log) ignored
[0.291s] Level 1:colcon.colcon_core.package_identification:_identify(src/task_pkg) by extensions ['ignore', 'ignore_ament_install']
[0.291s] Level 1:colcon.colcon_core.package_identification:_identify(src/task_pkg) by extension 'ignore'
[0.291s] Level 1:colcon.colcon_core.package_identification:_identify(src/task_pkg) by extension 'ignore_ament_install'
[0.292s] Level 1:colcon.colcon_core.package_identification:_identify(src/task_pkg) by extensions ['colcon_pkg']
[0.292s] Level 1:colcon.colcon_core.package_identification:_identify(src/task_pkg) by extension 'colcon_pkg'
[0.292s] Level 1:colcon.colcon_core.package_identification:_identify(src/task_pkg) by extensions ['colcon_meta']
[0.292s] Level 1:colcon.colcon_core.package_identification:_identify(src/task_pkg) by extension 'colcon_meta'
[0.292s] Level 1:colcon.colcon_core.package_identification:_identify(src/task_pkg) by extensions ['ros']
[0.292s] Level 1:colcon.colcon_core.package_identification:_identify(src/task_pkg) by extension 'ros'
[0.292s] DEBUG:colcon.colcon_core.package_identification:Package 'src/task_pkg' with type 'ros.ament_python' and name 'task_pkg'
[0.292s] Level 1:colcon.colcon_core.package_discovery:discover_packages(recursive) using defaults
[0.292s] Level 1:colcon.colcon_core.package_discovery:discover_packages(ignore) discover
[0.292s] Level 1:colcon.colcon_core.package_discovery:discover_packages(ignore) using defaults
[0.292s] Level 1:colcon.colcon_core.package_discovery:discover_packages(path) discover
[0.293s] Level 1:colcon.colcon_core.package_discovery:discover_packages(path) using defaults
[0.325s] Level 1:colcon.colcon_core.package_discovery:discover_packages(prefix_path) check parameters
[0.325s] Level 1:colcon.colcon_core.package_discovery:discover_packages(prefix_path) discover
[0.327s] DEBUG:colcon.colcon_installed_package_information.package_discovery:Found 295 installed packages in /opt/ros/humble
[0.329s] Level 1:colcon.colcon_core.package_discovery:discover_packages(prefix_path) using defaults
[0.369s] Level 5:colcon.colcon_core.verb:set package 'cpp_pubsub' build argument 'cmake_args' from command line to 'None'
[0.369s] Level 5:colcon.colcon_core.verb:set package 'cpp_pubsub' build argument 'cmake_target' from command line to 'None'
[0.369s] Level 5:colcon.colcon_core.verb:set package 'cpp_pubsub' build argument 'cmake_target_skip_unavailable' from command line to 'False'
[0.369s] Level 5:colcon.colcon_core.verb:set package 'cpp_pubsub' build argument 'cmake_clean_cache' from command line to 'False'
[0.369s] Level 5:colcon.colcon_core.verb:set package 'cpp_pubsub' build argument 'cmake_clean_first' from command line to 'False'
[0.369s] Level 5:colcon.colcon_core.verb:set package 'cpp_pubsub' build argument 'cmake_force_configure' from command line to 'False'
[0.369s] Level 5:colcon.colcon_core.verb:set package 'cpp_pubsub' build argument 'ament_cmake_args' from command line to 'None'
[0.369s] Level 5:colcon.colcon_core.verb:set package 'cpp_pubsub' build argument 'catkin_cmake_args' from command line to 'None'
[0.369s] Level 5:colcon.colcon_core.verb:set package 'cpp_pubsub' build argument 'catkin_skip_building_tests' from command line to 'False'
[0.369s] DEBUG:colcon.colcon_core.verb:Building package 'cpp_pubsub' with the following arguments: {'ament_cmake_args': None, 'build_base': '/home/sanjay/ros2_task/build/cpp_pubsub', 'catkin_cmake_args': None, 'catkin_skip_building_tests': False, 'cmake_args': None, 'cmake_clean_cache': False, 'cmake_clean_first': False, 'cmake_force_configure': False, 'cmake_target': None, 'cmake_target_skip_unavailable': False, 'install_base': '/home/sanjay/ros2_task/install/cpp_pubsub', 'merge_install': False, 'path': '/home/sanjay/ros2_task/src/cpp_pubsub', 'symlink_install': False, 'test_result_base': None}
[0.370s] Level 5:colcon.colcon_core.verb:set package 'custom_interface' build argument 'cmake_args' from command line to 'None'
[0.370s] Level 5:colcon.colcon_core.verb:set package 'custom_interface' build argument 'cmake_target' from command line to 'None'
[0.370s] Level 5:colcon.colcon_core.verb:set package 'custom_interface' build argument 'cmake_target_skip_unavailable' from command line to 'False'
[0.370s] Level 5:colcon.colcon_core.verb:set package 'custom_interface' build argument 'cmake_clean_cache' from command line to 'False'
[0.370s] Level 5:colcon.colcon_core.verb:set package 'custom_interface' build argument 'cmake_clean_first' from command line to 'False'
[0.370s] Level 5:colcon.colcon_core.verb:set package 'custom_interface' build argument 'cmake_force_configure' from command line to 'False'
[0.370s] Level 5:colcon.colcon_core.verb:set package 'custom_interface' build argument 'ament_cmake_args' from command line to 'None'
[0.370s] Level 5:colcon.colcon_core.verb:set package 'custom_interface' build argument 'catkin_cmake_args' from command line to 'None'
[0.370s] Level 5:colcon.colcon_core.verb:set package 'custom_interface' build argument 'catkin_skip_building_tests' from command line to 'False'
[0.370s] DEBUG:colcon.colcon_core.verb:Building package 'custom_interface' with the following arguments: {'ament_cmake_args': None, 'build_base': '/home/sanjay/ros2_task/build/custom_interface', 'catkin_cmake_args': None, 'catkin_skip_building_tests': False, 'cmake_args': None, 'cmake_clean_cache': False, 'cmake_clean_first': False, 'cmake_force_configure': False, 'cmake_target': None, 'cmake_target_skip_unavailable': False, 'install_base': '/home/sanjay/ros2_task/install/custom_interface', 'merge_install': False, 'path': '/home/sanjay/ros2_task/src/custom_interface', 'symlink_install': False, 'test_result_base': None}
[0.370s] Level 5:colcon.colcon_core.verb:set package 'draw_poly' build argument 'cmake_args' from command line to 'None'
[0.370s] Level 5:colcon.colcon_core.verb:set package 'draw_poly' build argument 'cmake_target' from command line to 'None'
[0.370s] Level 5:colcon.colcon_core.verb:set package 'draw_poly' build argument 'cmake_target_skip_unavailable' from command line to 'False'
[0.370s] Level 5:colcon.colcon_core.verb:set package 'draw_poly' build argument 'cmake_clean_cache' from command line to 'False'
[0.370s] Level 5:colcon.colcon_core.verb:set package 'draw_poly' build argument 'cmake_clean_first' from command line to 'False'
[0.370s] Level 5:colcon.colcon_core.verb:set package 'draw_poly' build argument 'cmake_force_configure' from command line to 'False'
[0.370s] Level 5:colcon.colcon_core.verb:set package 'draw_poly' build argument 'ament_cmake_args' from command line to 'None'
[0.370s] Level 5:colcon.colcon_core.verb:set package 'draw_poly' build argument 'catkin_cmake_args' from command line to 'None'
[0.370s] Level 5:colcon.colcon_core.verb:set package 'draw_poly' build argument 'catkin_skip_building_tests' from command line to 'False'
[0.370s] DEBUG:colcon.colcon_core.verb:Building package 'draw_poly' with the following arguments: {'ament_cmake_args': None, 'build_base': '/home/sanjay/ros2_task/build/draw_poly', 'catkin_cmake_args': None, 'catkin_skip_building_tests': False, 'cmake_args': None, 'cmake_clean_cache': False, 'cmake_clean_first': False, 'cmake_force_configure': False, 'cmake_target': None, 'cmake_target_skip_unavailable': False, 'install_base': '/home/sanjay/ros2_task/install/draw_poly', 'merge_install': False, 'path': '/home/sanjay/ros2_task/src/draw_poly', 'symlink_install': False, 'test_result_base': None}
[0.371s] Level 5:colcon.colcon_core.verb:set package 'task_pkg' build argument 'cmake_args' from command line to 'None'
[0.371s] Level 5:colcon.colcon_core.verb:set package 'task_pkg' build argument 'cmake_target' from command line to 'None'
[0.371s] Level 5:colcon.colcon_core.verb:set package 'task_pkg' build argument 'cmake_target_skip_unavailable' from command line to 'False'
[0.371s] Level 5:colcon.colcon_core.verb:set package 'task_pkg' build argument 'cmake_clean_cache' from command line to 'False'
[0.371s] Level 5:colcon.colcon_core.verb:set package 'task_pkg' build argument 'cmake_clean_first' from command line to 'False'
[0.371s] Level 5:colcon.colcon_core.verb:set package 'task_pkg' build argument 'cmake_force_configure' from command line to 'False'
[0.371s] Level 5:colcon.colcon_core.verb:set package 'task_pkg' build argument 'ament_cmake_args' from command line to 'None'
[0.371s] Level 5:colcon.colcon_core.verb:set package 'task_pkg' build argument 'catkin_cmake_args' from command line to 'None'
[0.371s] Level 5:colcon.colcon_core.verb:set package 'task_pkg' build argument 'catkin_skip_building_tests' from command line to 'False'
[0.371s] DEBUG:colcon.colcon_core.verb:Building package 'task_pkg' with the following arguments: {'ament_cmake_args': None, 'build_base': '/home/sanjay/ros2_task/build/task_pkg', 'catkin_cmake_args': None, 'catkin_skip_building_tests': False, 'cmake_args': None, 'cmake_clean_cache': False, 'cmake_clean_first': False, 'cmake_force_configure': False, 'cmake_target': None, 'cmake_target_skip_unavailable': False, 'install_base': '/home/sanjay/ros2_task/install/task_pkg', 'merge_install': False, 'path': '/home/sanjay/ros2_task/src/task_pkg', 'symlink_install': False, 'test_result_base': None}
[0.371s] Level 5:colcon.colcon_core.verb:set package 'cpp_tasks' build argument 'cmake_args' from command line to 'None'
[0.371s] Level 5:colcon.colcon_core.verb:set package 'cpp_tasks' build argument 'cmake_target' from command line to 'None'
[0.371s] Level 5:colcon.colcon_core.verb:set package 'cpp_tasks' build argument 'cmake_target_skip_unavailable' from command line to 'False'
[0.371s] Level 5:colcon.colcon_core.verb:set package 'cpp_tasks' build argument 'cmake_clean_cache' from command line to 'False'
[0.371s] Level 5:colcon.colcon_core.verb:set package 'cpp_tasks' build argument 'cmake_clean_first' from command line to 'False'
[0.371s] Level 5:colcon.colcon_core.verb:set package 'cpp_tasks' build argument 'cmake_force_configure' from command line to 'False'
[0.371s] Level 5:colcon.colcon_core.verb:set package 'cpp_tasks' build argument 'ament_cmake_args' from command line to 'None'
[0.371s] Level 5:colcon.colcon_core.verb:set package 'cpp_tasks' build argument 'catkin_cmake_args' from command line to 'None'
[0.372s] Level 5:colcon.colcon_core.verb:set package 'cpp_tasks' build argument 'catkin_skip_building_tests' from command line to 'False'
[0.372s] DEBUG:colcon.colcon_core.verb:Building package 'cpp_tasks' with the following arguments: {'ament_cmake_args': None, 'build_base': '/home/sanjay/ros2_task/build/cpp_tasks', 'catkin_cmake_args': None, 'catkin_skip_building_tests': False, 'cmake_args': None, 'cmake_clean_cache': False, 'cmake_clean_first': False, 'cmake_force_configure': False, 'cmake_target': None, 'cmake_target_skip_unavailable': False, 'install_base': '/home/sanjay/ros2_task/install/cpp_tasks', 'merge_install': False, 'path': '/home/sanjay/ros2_task/src/cpp_tasks', 'symlink_install': False, 'test_result_base': None}
[0.372s] INFO:colcon.colcon_core.executor:Executing jobs using 'parallel' executor
[0.373s] DEBUG:colcon.colcon_parallel_executor.executor.parallel:run_until_complete
[0.373s] INFO:colcon.colcon_ros.task.ament_cmake.build:Building ROS package in '/home/sanjay/ros2_task/src/custom_interface' with build type 'ament_cmake'
[0.373s] INFO:colcon.colcon_cmake.task.cmake.build:Building CMake package in '/home/sanjay/ros2_task/src/custom_interface'
[0.375s] INFO:colcon.colcon_core.plugin_system:Skipping extension 'colcon_core.shell.bat': Not used on non-Windows systems
[0.376s] INFO:colcon.colcon_core.shell:Skip shell extension 'powershell' for command environment: Not usable outside of PowerShell
[0.376s] DEBUG:colcon.colcon_core.shell:Skip shell extension 'dsv' for command environment
[0.379s] INFO:colcon.colcon_ros.task.ament_cmake.build:Building ROS package in '/home/sanjay/ros2_task/src/cpp_pubsub' with build type 'ament_cmake'
[0.379s] INFO:colcon.colcon_cmake.task.cmake.build:Building CMake package in '/home/sanjay/ros2_task/src/cpp_pubsub'
[0.379s] INFO:colcon.colcon_core.shell:Skip shell extension 'powershell' for command environment: Not usable outside of PowerShell
[0.379s] DEBUG:colcon.colcon_core.shell:Skip shell extension 'dsv' for command environment
[0.382s] INFO:colcon.colcon_ros.task.ament_python.build:Building ROS package in '/home/sanjay/ros2_task/src/draw_poly' with build type 'ament_python'
[0.382s] Level 1:colcon.colcon_core.shell:create_environment_hook('draw_poly', 'ament_prefix_path')
[0.382s] INFO:colcon.colcon_core.shell:Creating environment hook '/home/sanjay/ros2_task/install/draw_poly/share/draw_poly/hook/ament_prefix_path.ps1'
[0.383s] INFO:colcon.colcon_core.shell:Creating environment descriptor '/home/sanjay/ros2_task/install/draw_poly/share/draw_poly/hook/ament_prefix_path.dsv'
[0.383s] INFO:colcon.colcon_core.shell:Creating environment hook '/home/sanjay/ros2_task/install/draw_poly/share/draw_poly/hook/ament_prefix_path.sh'
[0.384s] INFO:colcon.colcon_core.shell:Skip shell extension 'powershell' for command environment: Not usable outside of PowerShell
[0.384s] DEBUG:colcon.colcon_core.shell:Skip shell extension 'dsv' for command environment
[0.386s] INFO:colcon.colcon_ros.task.ament_python.build:Building ROS package in '/home/sanjay/ros2_task/src/task_pkg' with build type 'ament_python'
[0.387s] Level 1:colcon.colcon_core.shell:create_environment_hook('task_pkg', 'ament_prefix_path')
[0.387s] INFO:colcon.colcon_core.shell:Creating environment hook '/home/sanjay/ros2_task/install/task_pkg/share/task_pkg/hook/ament_prefix_path.ps1'
[0.387s] INFO:colcon.colcon_core.shell:Creating environment descriptor '/home/sanjay/ros2_task/install/task_pkg/share/task_pkg/hook/ament_prefix_path.dsv'
[0.388s] INFO:colcon.colcon_core.shell:Creating environment hook '/home/sanjay/ros2_task/install/task_pkg/share/task_pkg/hook/ament_prefix_path.sh'
[0.388s] INFO:colcon.colcon_core.shell:Skip shell extension 'powershell' for command environment: Not usable outside of PowerShell
[0.389s] DEBUG:colcon.colcon_core.shell:Skip shell extension 'dsv' for command environment
[0.399s] DEBUG:colcon.colcon_core.event_handler.log_command:Invoking command in '/home/sanjay/ros2_task/build/custom_interface': CMAKE_PREFIX_PATH=/opt/ros/humble /usr/bin/cmake --build /home/sanjay/ros2_task/build/custom_interface -- -j12 -l12
[0.404s] DEBUG:colcon.colcon_core.event_handler.log_command:Invoking command in '/home/sanjay/ros2_task/build/cpp_pubsub': CMAKE_PREFIX_PATH=/opt/ros/humble /usr/bin/cmake --build /home/sanjay/ros2_task/build/cpp_pubsub -- -j12 -l12
[0.749s] INFO:colcon.colcon_core.task.python.build:Building Python package in '/home/sanjay/ros2_task/src/draw_poly'
[0.749s] INFO:colcon.colcon_core.shell:Skip shell extension 'powershell' for command environment: Not usable outside of PowerShell
[0.749s] DEBUG:colcon.colcon_core.shell:Skip shell extension 'dsv' for command environment
[1.066s] INFO:colcon.colcon_core.task.python.build:Building Python package in '/home/sanjay/ros2_task/src/task_pkg'
[1.067s] INFO:colcon.colcon_core.shell:Skip shell extension 'powershell' for command environment: Not usable outside of PowerShell
[1.067s] DEBUG:colcon.colcon_core.shell:Skip shell extension 'dsv' for command environment
[1.072s] DEBUG:colcon.colcon_core.event_handler.log_command:Invoked command in '/home/sanjay/ros2_task/build/cpp_pubsub' returned '0': CMAKE_PREFIX_PATH=/opt/ros/humble /usr/bin/cmake --build /home/sanjay/ros2_task/build/cpp_pubsub -- -j12 -l12
[1.083s] DEBUG:colcon.colcon_core.event_handler.log_command:Invoking command in '/home/sanjay/ros2_task/build/cpp_pubsub': CMAKE_PREFIX_PATH=/opt/ros/humble /usr/bin/cmake --install /home/sanjay/ros2_task/build/cpp_pubsub
[1.099s] Level 1:colcon.colcon_core.environment:create_environment_scripts_only(cpp_pubsub)
[1.100s] DEBUG:colcon.colcon_core.event_handler.log_command:Invoked command in '/home/sanjay/ros2_task/build/cpp_pubsub' returned '0': CMAKE_PREFIX_PATH=/opt/ros/humble /usr/bin/cmake --install /home/sanjay/ros2_task/build/cpp_pubsub
[1.104s] Level 1:colcon.colcon_core.environment:checking '/home/sanjay/ros2_task/install/cpp_pubsub' for CMake module files
[1.105s] Level 1:colcon.colcon_core.environment:checking '/home/sanjay/ros2_task/install/cpp_pubsub' for CMake config files
[1.106s] Level 1:colcon.colcon_core.shell:create_environment_hook('cpp_pubsub', 'cmake_prefix_path')
[1.106s] INFO:colcon.colcon_core.shell:Creating environment hook '/home/sanjay/ros2_task/install/cpp_pubsub/share/cpp_pubsub/hook/cmake_prefix_path.ps1'
[1.107s] INFO:colcon.colcon_core.shell:Creating environment descriptor '/home/sanjay/ros2_task/install/cpp_pubsub/share/cpp_pubsub/hook/cmake_prefix_path.dsv'
[1.108s] INFO:colcon.colcon_core.shell:Creating environment hook '/home/sanjay/ros2_task/install/cpp_pubsub/share/cpp_pubsub/hook/cmake_prefix_path.sh'
[1.109s] Level 1:colcon.colcon_core.environment:checking '/home/sanjay/ros2_task/install/cpp_pubsub/lib'
[1.110s] Level 1:colcon.colcon_core.environment:checking '/home/sanjay/ros2_task/install/cpp_pubsub/bin'
[1.110s] Level 1:colcon.colcon_core.environment:checking '/home/sanjay/ros2_task/install/cpp_pubsub/lib/pkgconfig/cpp_pubsub.pc'
[1.111s] Level 1:colcon.colcon_core.environment:checking '/home/sanjay/ros2_task/install/cpp_pubsub/lib/python3.10/site-packages'
[1.111s] Level 1:colcon.colcon_core.environment:checking '/home/sanjay/ros2_task/install/cpp_pubsub/bin'
[1.112s] INFO:colcon.colcon_core.shell:Creating package script '/home/sanjay/ros2_task/install/cpp_pubsub/share/cpp_pubsub/package.ps1'
[1.113s] INFO:colcon.colcon_core.shell:Creating package descriptor '/home/sanjay/ros2_task/install/cpp_pubsub/share/cpp_pubsub/package.dsv'
[1.114s] INFO:colcon.colcon_core.shell:Creating package script '/home/sanjay/ros2_task/install/cpp_pubsub/share/cpp_pubsub/package.sh'
[1.116s] INFO:colcon.colcon_core.shell:Creating package script '/home/sanjay/ros2_task/install/cpp_pubsub/share/cpp_pubsub/package.bash'
[1.117s] INFO:colcon.colcon_core.shell:Creating package script '/home/sanjay/ros2_task/install/cpp_pubsub/share/cpp_pubsub/package.zsh'
[1.118s] Level 1:colcon.colcon_core.environment:create_file_with_runtime_dependencies(/home/sanjay/ros2_task/install/cpp_pubsub/share/colcon-core/packages/cpp_pubsub)
[1.119s] Level 1:colcon.colcon_core.environment:create_environment_scripts_only(cpp_pubsub)
[1.119s] Level 1:colcon.colcon_core.environment:checking '/home/sanjay/ros2_task/install/cpp_pubsub' for CMake module files
[1.120s] Level 1:colcon.colcon_core.environment:checking '/home/sanjay/ros2_task/install/cpp_pubsub' for CMake config files
[1.120s] Level 1:colcon.colcon_core.shell:create_environment_hook('cpp_pubsub', 'cmake_prefix_path')
[1.120s] INFO:colcon.colcon_core.shell:Creating environment hook '/home/sanjay/ros2_task/install/cpp_pubsub/share/cpp_pubsub/hook/cmake_prefix_path.ps1'
[1.121s] INFO:colcon.colcon_core.shell:Creating environment descriptor '/home/sanjay/ros2_task/install/cpp_pubsub/share/cpp_pubsub/hook/cmake_prefix_path.dsv'
[1.121s] INFO:colcon.colcon_core.shell:Creating environment hook '/home/sanjay/ros2_task/install/cpp_pubsub/share/cpp_pubsub/hook/cmake_prefix_path.sh'
[1.122s] Level 1:colcon.colcon_core.environment:checking '/home/sanjay/ros2_task/install/cpp_pubsub/lib'
[1.122s] Level 1:colcon.colcon_core.environment:checking '/home/sanjay/ros2_task/install/cpp_pubsub/bin'
[1.122s] Level 1:colcon.colcon_core.environment:checking '/home/sanjay/ros2_task/install/cpp_pubsub/lib/pkgconfig/cpp_pubsub.pc'
[1.122s] Level 1:colcon.colcon_core.environment:checking '/home/sanjay/ros2_task/install/cpp_pubsub/lib/python3.10/site-packages'
[1.123s] Level 1:colcon.colcon_core.environment:checking '/home/sanjay/ros2_task/install/cpp_pubsub/bin'
[1.123s] INFO:colcon.colcon_core.shell:Creating package script '/home/sanjay/ros2_task/install/cpp_pubsub/share/cpp_pubsub/package.ps1'
[1.124s] INFO:colcon.colcon_core.shell:Creating package descriptor '/home/sanjay/ros2_task/install/cpp_pubsub/share/cpp_pubsub/package.dsv'
[1.125s] INFO:colcon.colcon_core.shell:Creating package script '/home/sanjay/ros2_task/install/cpp_pubsub/share/cpp_pubsub/package.sh'
[1.125s] INFO:colcon.colcon_core.shell:Creating package script '/home/sanjay/ros2_task/install/cpp_pubsub/share/cpp_pubsub/package.bash'
[1.126s] INFO:colcon.colcon_core.shell:Creating package script '/home/sanjay/ros2_task/install/cpp_pubsub/share/cpp_pubsub/package.zsh'
[1.126s] Level 1:colcon.colcon_core.environment:create_file_with_runtime_dependencies(/home/sanjay/ros2_task/install/cpp_pubsub/share/colcon-core/packages/cpp_pubsub)
[1.582s] DEBUG:colcon.colcon_core.event_handler.log_command:Invoking command in '/home/sanjay/ros2_task/src/task_pkg': PYTHONPATH=/home/sanjay/ros2_task/build/task_pkg/prefix_override:/usr/lib/python3/dist-packages/colcon_core/task/python/colcon_distutils_commands:/home/sanjay/ros2_task/install/task_pkg/lib/python3.10/site-packages:${PYTHONPATH} /usr/bin/python3 -W ignore:setup.py install is deprecated -W ignore:easy_install command is deprecated setup.py egg_info --egg-base ../../build/task_pkg build --build-base /home/sanjay/ros2_task/build/task_pkg/build install --record /home/sanjay/ros2_task/build/task_pkg/install.log --single-version-externally-managed install_data
[1.588s] DEBUG:colcon.colcon_core.event_handler.log_command:Invoking command in '/home/sanjay/ros2_task/src/draw_poly': PYTHONPATH=/home/sanjay/ros2_task/build/draw_poly/prefix_override:/usr/lib/python3/dist-packages/colcon_core/task/python/colcon_distutils_commands:/home/sanjay/ros2_task/install/draw_poly/lib/python3.10/site-packages:${PYTHONPATH} /usr/bin/python3 -W ignore:setup.py install is deprecated -W ignore:easy_install command is deprecated setup.py egg_info --egg-base ../../build/draw_poly build --build-base /home/sanjay/ros2_task/build/draw_poly/build install --record /home/sanjay/ros2_task/build/draw_poly/install.log --single-version-externally-managed install_data
[2.015s] Level 1:colcon.colcon_core.environment:checking '/home/sanjay/ros2_task/install/task_pkg' for CMake module files
[2.017s] DEBUG:colcon.colcon_core.event_handler.log_command:Invoked command in '/home/sanjay/ros2_task/src/task_pkg' returned '0': PYTHONPATH=/home/sanjay/ros2_task/build/task_pkg/prefix_override:/usr/lib/python3/dist-packages/colcon_core/task/python/colcon_distutils_commands:/home/sanjay/ros2_task/install/task_pkg/lib/python3.10/site-packages:${PYTHONPATH} /usr/bin/python3 -W ignore:setup.py install is deprecated -W ignore:easy_install command is deprecated setup.py egg_info --egg-base ../../build/task_pkg build --build-base /home/sanjay/ros2_task/build/task_pkg/build install --record /home/sanjay/ros2_task/build/task_pkg/install.log --single-version-externally-managed install_data
[2.017s] Level 1:colcon.colcon_core.environment:checking '/home/sanjay/ros2_task/install/task_pkg' for CMake config files
[2.019s] Level 1:colcon.colcon_core.environment:checking '/home/sanjay/ros2_task/install/task_pkg/lib'
[2.019s] Level 1:colcon.colcon_core.environment:checking '/home/sanjay/ros2_task/install/task_pkg/bin'
[2.019s] Level 1:colcon.colcon_core.environment:checking '/home/sanjay/ros2_task/install/task_pkg/lib/pkgconfig/task_pkg.pc'
[2.019s] Level 1:colcon.colcon_core.environment:checking '/home/sanjay/ros2_task/install/task_pkg/lib/python3.10/site-packages'
[2.020s] Level 1:colcon.colcon_core.shell:create_environment_hook('task_pkg', 'pythonpath')
[2.020s] INFO:colcon.colcon_core.shell:Creating environment hook '/home/sanjay/ros2_task/install/task_pkg/share/task_pkg/hook/pythonpath.ps1'
[2.021s] INFO:colcon.colcon_core.shell:Creating environment descriptor '/home/sanjay/ros2_task/install/task_pkg/share/task_pkg/hook/pythonpath.dsv'
[2.022s] INFO:colcon.colcon_core.shell:Creating environment hook '/home/sanjay/ros2_task/install/task_pkg/share/task_pkg/hook/pythonpath.sh'
[2.023s] Level 1:colcon.colcon_core.environment:checking '/home/sanjay/ros2_task/install/task_pkg/bin'
[2.023s] Level 1:colcon.colcon_core.environment:create_environment_scripts_only(task_pkg)
[2.024s] INFO:colcon.colcon_core.shell:Creating package script '/home/sanjay/ros2_task/install/task_pkg/share/task_pkg/package.ps1'
[2.024s] INFO:colcon.colcon_core.shell:Creating package descriptor '/home/sanjay/ros2_task/install/task_pkg/share/task_pkg/package.dsv'
[2.025s] INFO:colcon.colcon_core.shell:Creating package script '/home/sanjay/ros2_task/install/task_pkg/share/task_pkg/package.sh'
[2.026s] INFO:colcon.colcon_core.shell:Creating package script '/home/sanjay/ros2_task/install/task_pkg/share/task_pkg/package.bash'
[2.026s] INFO:colcon.colcon_core.shell:Creating package script '/home/sanjay/ros2_task/install/task_pkg/share/task_pkg/package.zsh'
[2.026s] Level 1:colcon.colcon_core.environment:create_file_with_runtime_dependencies(/home/sanjay/ros2_task/install/task_pkg/share/colcon-core/packages/task_pkg)
[2.027s] Level 1:colcon.colcon_core.environment:checking '/home/sanjay/ros2_task/install/draw_poly' for CMake module files
[2.029s] DEBUG:colcon.colcon_core.event_handler.log_command:Invoked command in '/home/sanjay/ros2_task/src/draw_poly' returned '0': PYTHONPATH=/home/sanjay/ros2_task/build/draw_poly/prefix_override:/usr/lib/python3/dist-packages/colcon_core/task/python/colcon_distutils_commands:/home/sanjay/ros2_task/install/draw_poly/lib/python3.10/site-packages:${PYTHONPATH} /usr/bin/python3 -W ignore:setup.py install is deprecated -W ignore:easy_install command is deprecated setup.py egg_info --egg-base ../../build/draw_poly build --build-base /home/sanjay/ros2_task/build/draw_poly/build install --record /home/sanjay/ros2_task/build/draw_poly/install.log --single-version-externally-managed install_data
[2.029s] Level 1:colcon.colcon_core.environment:checking '/home/sanjay/ros2_task/install/draw_poly' for CMake config files
[2.030s] Level 1:colcon.colcon_core.environment:checking '/home/sanjay/ros2_task/install/draw_poly/lib'
[2.030s] Level 1:colcon.colcon_core.environment:checking '/home/sanjay/ros2_task/install/draw_poly/bin'
[2.030s] Level 1:colcon.colcon_core.environment:checking '/home/sanjay/ros2_task/install/draw_poly/lib/pkgconfig/draw_poly.pc'
[2.030s] Level 1:colcon.colcon_core.environment:checking '/home/sanjay/ros2_task/install/draw_poly/lib/python3.10/site-packages'
[2.031s] Level 1:colcon.colcon_core.shell:create_environment_hook('draw_poly', 'pythonpath')
[2.031s] INFO:colcon.colcon_core.shell:Creating environment hook '/home/sanjay/ros2_task/install/draw_poly/share/draw_poly/hook/pythonpath.ps1'
[2.031s] INFO:colcon.colcon_core.shell:Creating environment descriptor '/home/sanjay/ros2_task/install/draw_poly/share/draw_poly/hook/pythonpath.dsv'
[2.032s] INFO:colcon.colcon_core.shell:Creating environment hook '/home/sanjay/ros2_task/install/draw_poly/share/draw_poly/hook/pythonpath.sh'
[2.033s] Level 1:colcon.colcon_core.environment:checking '/home/sanjay/ros2_task/install/draw_poly/bin'
[2.033s] Level 1:colcon.colcon_core.environment:create_environment_scripts_only(draw_poly)
[2.033s] INFO:colcon.colcon_core.shell:Creating package script '/home/sanjay/ros2_task/install/draw_poly/share/draw_poly/package.ps1'
[2.034s] INFO:colcon.colcon_core.shell:Creating package descriptor '/home/sanjay/ros2_task/install/draw_poly/share/draw_poly/package.dsv'
[2.035s] INFO:colcon.colcon_core.shell:Creating package script '/home/sanjay/ros2_task/install/draw_poly/share/draw_poly/package.sh'
[2.035s] INFO:colcon.colcon_core.shell:Creating package script '/home/sanjay/ros2_task/install/draw_poly/share/draw_poly/package.bash'
[2.035s] INFO:colcon.colcon_core.shell:Creating package script '/home/sanjay/ros2_task/install/draw_poly/share/draw_poly/package.zsh'
[2.036s] Level 1:colcon.colcon_core.environment:create_file_with_runtime_dependencies(/home/sanjay/ros2_task/install/draw_poly/share/colcon-core/packages/draw_poly)
[3.656s] DEBUG:colcon.colcon_core.event_handler.log_command:Invoked command in '/home/sanjay/ros2_task/build/custom_interface' returned '0': CMAKE_PREFIX_PATH=/opt/ros/humble /usr/bin/cmake --build /home/sanjay/ros2_task/build/custom_interface -- -j12 -l12
[3.658s] DEBUG:colcon.colcon_core.event_handler.log_command:Invoking command in '/home/sanjay/ros2_task/build/custom_interface': CMAKE_PREFIX_PATH=/opt/ros/humble /usr/bin/cmake --install /home/sanjay/ros2_task/build/custom_interface
[3.728s] Level 1:colcon.colcon_core.environment:create_environment_scripts_only(custom_interface)
[3.728s] DEBUG:colcon.colcon_core.event_handler.log_command:Invoked command in '/home/sanjay/ros2_task/build/custom_interface' returned '0': CMAKE_PREFIX_PATH=/opt/ros/humble /usr/bin/cmake --install /home/sanjay/ros2_task/build/custom_interface
[3.729s] Level 1:colcon.colcon_core.environment:checking '/home/sanjay/ros2_task/install/custom_interface' for CMake module files
[3.729s] Level 1:colcon.colcon_core.environment:checking '/home/sanjay/ros2_task/install/custom_interface' for CMake config files
[3.729s] Level 1:colcon.colcon_core.shell:create_environment_hook('custom_interface', 'cmake_prefix_path')
[3.730s] INFO:colcon.colcon_core.shell:Creating environment hook '/home/sanjay/ros2_task/install/custom_interface/share/custom_interface/hook/cmake_prefix_path.ps1'
[3.730s] INFO:colcon.colcon_core.shell:Creating environment descriptor '/home/sanjay/ros2_task/install/custom_interface/share/custom_interface/hook/cmake_prefix_path.dsv'
[3.731s] INFO:colcon.colcon_core.shell:Creating environment hook '/home/sanjay/ros2_task/install/custom_interface/share/custom_interface/hook/cmake_prefix_path.sh'
[3.731s] Level 1:colcon.colcon_core.environment:checking '/home/sanjay/ros2_task/install/custom_interface/lib'
[3.731s] Level 1:colcon.colcon_core.shell:create_environment_hook('custom_interface', 'ld_library_path_lib')
[3.732s] INFO:colcon.colcon_core.shell:Creating environment hook '/home/sanjay/ros2_task/install/custom_interface/share/custom_interface/hook/ld_library_path_lib.ps1'
[3.732s] INFO:colcon.colcon_core.shell:Creating environment descriptor '/home/sanjay/ros2_task/install/custom_interface/share/custom_interface/hook/ld_library_path_lib.dsv'
[3.732s] INFO:colcon.colcon_core.shell:Creating environment hook '/home/sanjay/ros2_task/install/custom_interface/share/custom_interface/hook/ld_library_path_lib.sh'
[3.733s] Level 1:colcon.colcon_core.environment:checking '/home/sanjay/ros2_task/install/custom_interface/bin'
[3.733s] Level 1:colcon.colcon_core.environment:checking '/home/sanjay/ros2_task/install/custom_interface/lib/pkgconfig/custom_interface.pc'
[3.733s] Level 1:colcon.colcon_core.environment:checking '/home/sanjay/ros2_task/install/custom_interface/lib/python3.10/site-packages'
[3.733s] Level 1:colcon.colcon_core.environment:checking '/home/sanjay/ros2_task/install/custom_interface/bin'
[3.734s] INFO:colcon.colcon_core.shell:Creating package script '/home/sanjay/ros2_task/install/custom_interface/share/custom_interface/package.ps1'
[3.734s] INFO:colcon.colcon_core.shell:Creating package descriptor '/home/sanjay/ros2_task/install/custom_interface/share/custom_interface/package.dsv'
[3.735s] INFO:colcon.colcon_core.shell:Creating package script '/home/sanjay/ros2_task/install/custom_interface/share/custom_interface/package.sh'
[3.735s] INFO:colcon.colcon_core.shell:Creating package script '/home/sanjay/ros2_task/install/custom_interface/share/custom_interface/package.bash'
[3.735s] INFO:colcon.colcon_core.shell:Creating package script '/home/sanjay/ros2_task/install/custom_interface/share/custom_interface/package.zsh'
[3.736s] Level 1:colcon.colcon_core.environment:create_file_with_runtime_dependencies(/home/sanjay/ros2_task/install/custom_interface/share/colcon-core/packages/custom_interface)
[3.736s] Level 1:colcon.colcon_core.environment:create_environment_scripts_only(custom_interface)
[3.736s] Level 1:colcon.colcon_core.environment:checking '/home/sanjay/ros2_task/install/custom_interface' for CMake module files
[3.737s] Level 1:colcon.colcon_core.environment:checking '/home/sanjay/ros2_task/install/custom_interface' for CMake config files
[3.737s] Level 1:colcon.colcon_core.shell:create_environment_hook('custom_interface', 'cmake_prefix_path')
[3.737s] INFO:colcon.colcon_core.shell:Creating environment hook '/home/sanjay/ros2_task/install/custom_interface/share/custom_interface/hook/cmake_prefix_path.ps1'
[3.738s] INFO:colcon.colcon_core.shell:Creating environment descriptor '/home/sanjay/ros2_task/install/custom_interface/share/custom_interface/hook/cmake_prefix_path.dsv'
[3.738s] INFO:colcon.colcon_core.shell:Creating environment hook '/home/sanjay/ros2_task/install/custom_interface/share/custom_interface/hook/cmake_prefix_path.sh'
[3.739s] Level 1:colcon.colcon_core.environment:checking '/home/sanjay/ros2_task/install/custom_interface/lib'
[3.739s] Level 1:colcon.colcon_core.shell:create_environment_hook('custom_interface', 'ld_library_path_lib')
[3.739s] INFO:colcon.colcon_core.shell:Creating environment hook '/home/sanjay/ros2_task/install/custom_interface/share/custom_interface/hook/ld_library_path_lib.ps1'
[3.740s] INFO:colcon.colcon_core.shell:Creating environment descriptor '/home/sanjay/ros2_task/install/custom_interface/share/custom_interface/hook/ld_library_path_lib.dsv'
[3.740s] INFO:colcon.colcon_core.shell:Creating environment hook '/home/sanjay/ros2_task/install/custom_interface/share/custom_interface/hook/ld_library_path_lib.sh'
[3.741s] Level 1:colcon.colcon_core.environment:checking '/home/sanjay/ros2_task/install/custom_interface/bin'
[3.741s] Level 1:colcon.colcon_core.environment:checking '/home/sanjay/ros2_task/install/custom_interface/lib/pkgconfig/custom_interface.pc'
[3.741s] Level 1:colcon.colcon_core.environment:checking '/home/sanjay/ros2_task/install/custom_interface/lib/python3.10/site-packages'
[3.741s] Level 1:colcon.colcon_core.environment:checking '/home/sanjay/ros2_task/install/custom_interface/bin'
[3.742s] INFO:colcon.colcon_core.shell:Creating package script '/home/sanjay/ros2_task/install/custom_interface/share/custom_interface/package.ps1'
[3.742s] INFO:colcon.colcon_core.shell:Creating package descriptor '/home/sanjay/ros2_task/install/custom_interface/share/custom_interface/package.dsv'
[3.743s] INFO:colcon.colcon_core.shell:Creating package script '/home/sanjay/ros2_task/install/custom_interface/share/custom_interface/package.sh'
[3.743s] INFO:colcon.colcon_core.shell:Creating package script '/home/sanjay/ros2_task/install/custom_interface/share/custom_interface/package.bash'
[3.743s] INFO:colcon.colcon_core.shell:Creating package script '/home/sanjay/ros2_task/install/custom_interface/share/custom_interface/package.zsh'
[3.744s] Level 1:colcon.colcon_core.environment:create_file_with_runtime_dependencies(/home/sanjay/ros2_task/install/custom_interface/share/colcon-core/packages/custom_interface)
[3.744s] INFO:colcon.colcon_ros.task.ament_cmake.build:Building ROS package in '/home/sanjay/ros2_task/src/cpp_tasks' with build type 'ament_cmake'
[3.744s] INFO:colcon.colcon_cmake.task.cmake.build:Building CMake package in '/home/sanjay/ros2_task/src/cpp_tasks'
[3.744s] INFO:colcon.colcon_core.shell:Skip shell extension 'powershell' for command environment: Not usable outside of PowerShell
[3.744s] DEBUG:colcon.colcon_core.shell:Skip shell extension 'dsv' for command environment
[3.755s] DEBUG:colcon.colcon_core.event_handler.log_command:Invoking command in '/home/sanjay/ros2_task/build/cpp_tasks': AMENT_PREFIX_PATH=/home/sanjay/ros2_task/install/custom_interface:${AMENT_PREFIX_PATH} CMAKE_PREFIX_PATH=/home/sanjay/ros2_task/install/custom_interface:/opt/ros/humble LD_LIBRARY_PATH=/home/sanjay/ros2_task/install/custom_interface/lib:${LD_LIBRARY_PATH} PYTHONPATH=/home/sanjay/ros2_task/install/custom_interface/local/lib/python3.10/dist-packages:${PYTHONPATH} /usr/bin/cmake --build /home/sanjay/ros2_task/build/cpp_tasks -- -j12 -l12
[4.682s] DEBUG:colcon.colcon_core.event_handler.log_command:Invoked command in '/home/sanjay/ros2_task/build/cpp_tasks' returned '2': AMENT_PREFIX_PATH=/home/sanjay/ros2_task/install/custom_interface:${AMENT_PREFIX_PATH} CMAKE_PREFIX_PATH=/home/sanjay/ros2_task/install/custom_interface:/opt/ros/humble LD_LIBRARY_PATH=/home/sanjay/ros2_task/install/custom_interface/lib:${LD_LIBRARY_PATH} PYTHONPATH=/home/sanjay/ros2_task/install/custom_interface/local/lib/python3.10/dist-packages:${PYTHONPATH} /usr/bin/cmake --build /home/sanjay/ros2_task/build/cpp_tasks -- -j12 -l12
[4.682s] Level 1:colcon.colcon_core.environment:create_environment_scripts_only(cpp_tasks)
[4.683s] Level 1:colcon.colcon_core.environment:checking '/home/sanjay/ros2_task/install/cpp_tasks' for CMake module files
[4.683s] Level 1:colcon.colcon_core.environment:checking '/home/sanjay/ros2_task/install/cpp_tasks' for CMake config files
[4.684s] Level 1:colcon.colcon_core.environment:checking '/home/sanjay/ros2_task/install/cpp_tasks/bin'
[4.684s] Level 1:colcon.colcon_core.environment:checking '/home/sanjay/ros2_task/install/cpp_tasks/lib/pkgconfig/cpp_tasks.pc'
[4.684s] Level 1:colcon.colcon_core.environment:checking '/home/sanjay/ros2_task/install/cpp_tasks/lib/python3.10/site-packages'
[4.684s] Level 1:colcon.colcon_core.environment:checking '/home/sanjay/ros2_task/install/cpp_tasks/bin'
[4.685s] INFO:colcon.colcon_core.shell:Creating package script '/home/sanjay/ros2_task/install/cpp_tasks/share/cpp_tasks/package.ps1'
[4.685s] INFO:colcon.colcon_core.shell:Creating package descriptor '/home/sanjay/ros2_task/install/cpp_tasks/share/cpp_tasks/package.dsv'
[4.686s] INFO:colcon.colcon_core.shell:Creating package script '/home/sanjay/ros2_task/install/cpp_tasks/share/cpp_tasks/package.sh'
[4.686s] INFO:colcon.colcon_core.shell:Creating package script '/home/sanjay/ros2_task/install/cpp_tasks/share/cpp_tasks/package.bash'
[4.687s] INFO:colcon.colcon_core.shell:Creating package script '/home/sanjay/ros2_task/install/cpp_tasks/share/cpp_tasks/package.zsh'
[4.687s] Level 1:colcon.colcon_core.environment:create_file_with_runtime_dependencies(/home/sanjay/ros2_task/install/cpp_tasks/share/colcon-core/packages/cpp_tasks)
[4.698s] DEBUG:colcon.colcon_parallel_executor.executor.parallel:closing loop
[4.698s] DEBUG:colcon.colcon_parallel_executor.executor.parallel:loop closed
[4.698s] DEBUG:colcon.colcon_parallel_executor.executor.parallel:run_until_complete finished with '2'
[4.698s] DEBUG:colcon.colcon_core.event_reactor:joining thread
[4.706s] INFO:colcon.colcon_core.plugin_system:Skipping extension 'colcon_notification.desktop_notification.terminal_notifier': Not used on non-Darwin systems
[4.706s] INFO:colcon.colcon_core.plugin_system:Skipping extension 'colcon_notification.desktop_notification.win32': Not used on non-Windows systems
[4.706s] INFO:colcon.colcon_notification.desktop_notification:Sending desktop notification using 'notify2'
[4.724s] DEBUG:colcon.colcon_core.event_reactor:joined thread
[4.724s] INFO:colcon.colcon_core.shell:Creating prefix script '/home/sanjay/ros2_task/install/local_setup.ps1'
[4.726s] INFO:colcon.colcon_core.shell:Creating prefix util module '/home/sanjay/ros2_task/install/_local_setup_util_ps1.py'
[4.727s] INFO:colcon.colcon_core.shell:Creating prefix chain script '/home/sanjay/ros2_task/install/setup.ps1'
[4.729s] INFO:colcon.colcon_core.shell:Creating prefix script '/home/sanjay/ros2_task/install/local_setup.sh'
[4.730s] INFO:colcon.colcon_core.shell:Creating prefix util module '/home/sanjay/ros2_task/install/_local_setup_util_sh.py'
[4.730s] INFO:colcon.colcon_core.shell:Creating prefix chain script '/home/sanjay/ros2_task/install/setup.sh'
[4.732s] INFO:colcon.colcon_core.shell:Creating prefix script '/home/sanjay/ros2_task/install/local_setup.bash'
[4.733s] INFO:colcon.colcon_core.shell:Creating prefix chain script '/home/sanjay/ros2_task/install/setup.bash'
[4.734s] INFO:colcon.colcon_core.shell:Creating prefix script '/home/sanjay/ros2_task/install/local_setup.zsh'
[4.735s] INFO:colcon.colcon_core.shell:Creating prefix chain script '/home/sanjay/ros2_task/install/setup.zsh'
