[0.025s] Invoking command in '/home/sanjay/ros2_task/build/custom_interface': CMAKE_PREFIX_PATH=/opt/ros/humble /usr/bin/cmake --build /home/sanjay/ros2_task/build/custom_interface -- -j12 -l12
[0.380s] -- Found ament_cmake: 1.3.11 (/opt/ros/humble/share/ament_cmake/cmake)
[0.380s] -- Found rosidl_default_generators: 1.2.0 (/opt/ros/humble/share/rosidl_default_generators/cmake)
[0.380s] -- Using all available rosidl_typesupport_c: rosidl_typesupport_fastrtps_c;rosidl_typesupport_introspection_c
[0.381s] -- Found rosidl_adapter: 3.1.6 (/opt/ros/humble/share/rosidl_adapter/cmake)
[0.381s] -- Using all available rosidl_typesupport_cpp: rosidl_typesupport_fastrtps_cpp;rosidl_typesupport_introspection_cpp
[0.381s] -- Found geometry_msgs: 4.2.4 (/opt/ros/humble/share/geometry_msgs/cmake)
[0.784s] -- Found ament_cmake_ros: 0.10.0 (/opt/ros/humble/share/ament_cmake_ros/cmake)
[1.185s] -- Using all available rosidl_typesupport_c: rosidl_typesupport_fastrtps_c;rosidl_typesupport_introspection_c
[1.699s] -- Using all available rosidl_typesupport_cpp: rosidl_typesupport_fastrtps_cpp;rosidl_typesupport_introspection_cpp
[1.730s] -- Found python_cmake_module: 0.10.0 (/opt/ros/humble/share/python_cmake_module/cmake)
[1.761s] -- Using PYTHON_EXECUTABLE: /usr/bin/python3
[1.761s] -- Using PYTHON_INCLUDE_DIRS: /usr/include/python3.10
[1.762s] -- Using PYTHON_LIBRARIES: /usr/lib/x86_64-linux-gnu/libpython3.10.so
[1.797s] -- Found ament_lint_auto: 0.12.11 (/opt/ros/humble/share/ament_lint_auto/cmake)
[1.806s] -- Added test 'lint_cmake' to check CMake code style
[1.807s] -- Added test 'xmllint' to check XML markup files
[1.808s] -- Configuring done
[1.842s] -- Generating done
[1.855s] -- Build files have been written to: /home/sanjay/ros2_task/build/custom_interface
[1.886s] [35m[1mConsolidate compiler generated dependencies of target custom_interface__rosidl_generator_c[0m
[1.898s] [  3%] Built target custom_interface__cpp
[1.903s] [  6%] [32mBuilding C object CMakeFiles/custom_interface__rosidl_generator_c.dir/rosidl_generator_c/custom_interface/srv/detail/drawpoly__functions.c.o[0m
[1.912s] [  6%] Built target ament_cmake_python_copy_custom_interface
[1.914s] [35m[1mConsolidate compiler generated dependencies of target custom_interface__rosidl_typesupport_introspection_cpp[0m
[1.915s] [35m[1mConsolidate compiler generated dependencies of target custom_interface__rosidl_typesupport_fastrtps_cpp[0m
[1.916s] [35m[1mConsolidate compiler generated dependencies of target custom_interface__rosidl_typesupport_cpp[0m
[1.932s] [  9%] [32mBuilding CXX object CMakeFiles/custom_interface__rosidl_typesupport_introspection_cpp.dir/rosidl_typesupport_introspection_cpp/custom_interface/srv/detail/drawpoly__type_support.cpp.o[0m
[1.933s] [ 12%] [32mBuilding CXX object CMakeFiles/custom_interface__rosidl_typesupport_fastrtps_cpp.dir/rosidl_typesupport_fastrtps_cpp/custom_interface/srv/detail/dds_fastrtps/drawpoly__type_support.cpp.o[0m
[1.939s] [ 16%] [32mBuilding CXX object CMakeFiles/custom_interface__rosidl_typesupport_cpp.dir/rosidl_typesupport_cpp/custom_interface/srv/drawpoly__type_support.cpp.o[0m
[1.997s] [ 19%] [32m[1mLinking C shared library libcustom_interface__rosidl_generator_c.so[0m
[2.064s] [ 22%] Built target custom_interface__rosidl_generator_c
[2.081s] [35m[1mConsolidate compiler generated dependencies of target custom_interface__rosidl_typesupport_introspection_c[0m
[2.085s] [35m[1mConsolidate compiler generated dependencies of target custom_interface__rosidl_typesupport_c[0m
[2.085s] [35m[1mConsolidate compiler generated dependencies of target custom_interface__rosidl_typesupport_fastrtps_c[0m
[2.098s] [ 25%] [32mBuilding C object CMakeFiles/custom_interface__rosidl_typesupport_introspection_c.dir/rosidl_typesupport_introspection_c/custom_interface/srv/detail/drawpoly__type_support.c.o[0m
[2.107s] [ 29%] [32mBuilding CXX object CMakeFiles/custom_interface__rosidl_typesupport_c.dir/rosidl_typesupport_c/custom_interface/srv/drawpoly__type_support.cpp.o[0m
[2.111s] [ 32%] [32mBuilding CXX object CMakeFiles/custom_interface__rosidl_typesupport_fastrtps_c.dir/rosidl_typesupport_fastrtps_c/custom_interface/srv/detail/drawpoly__type_support_c.cpp.o[0m
[2.153s] [ 35%] [32m[1mLinking C shared library libcustom_interface__rosidl_typesupport_introspection_c.so[0m
[2.157s] [ 38%] [32m[1mLinking CXX shared library libcustom_interface__rosidl_typesupport_c.so[0m
[2.202s] [ 41%] Built target custom_interface__rosidl_typesupport_introspection_c
[2.223s] [ 45%] Built target custom_interface__rosidl_typesupport_c
[2.318s] running egg_info
[2.319s] writing custom_interface.egg-info/PKG-INFO
[2.319s] writing dependency_links to custom_interface.egg-info/dependency_links.txt
[2.320s] writing top-level names to custom_interface.egg-info/top_level.txt
[2.323s] reading manifest file 'custom_interface.egg-info/SOURCES.txt'
[2.325s] writing manifest file 'custom_interface.egg-info/SOURCES.txt'
[2.374s] [ 45%] Built target ament_cmake_python_build_custom_interface_egg
[2.435s] [ 48%] [32m[1mLinking CXX shared library libcustom_interface__rosidl_typesupport_cpp.so[0m
[2.504s] [ 51%] Built target custom_interface__rosidl_typesupport_cpp
[2.524s] [ 54%] [32m[1mLinking CXX shared library libcustom_interface__rosidl_typesupport_introspection_cpp.so[0m
[2.540s] [ 58%] [32m[1mLinking CXX shared library libcustom_interface__rosidl_typesupport_fastrtps_cpp.so[0m
[2.589s] [ 61%] Built target custom_interface__rosidl_typesupport_introspection_cpp
[2.658s] [ 64%] Built target custom_interface__rosidl_typesupport_fastrtps_cpp
[2.692s] [ 67%] [32m[1mLinking CXX shared library libcustom_interface__rosidl_typesupport_fastrtps_c.so[0m
[2.785s] [ 70%] Built target custom_interface__rosidl_typesupport_fastrtps_c
[2.812s] [ 70%] Built target custom_interface
[2.836s] [ 74%] Built target custom_interface__py
[2.851s] [35m[1mConsolidate compiler generated dependencies of target custom_interface__rosidl_generator_py[0m
[2.867s] [ 77%] [32mBuilding C object CMakeFiles/custom_interface__rosidl_generator_py.dir/rosidl_generator_py/custom_interface/srv/_drawpoly_s.c.o[0m
[2.974s] [ 80%] [32m[1mLinking C shared library rosidl_generator_py/custom_interface/libcustom_interface__rosidl_generator_py.so[0m
[3.024s] [ 80%] Built target custom_interface__rosidl_generator_py
[3.038s] [35m[1mConsolidate compiler generated dependencies of target custom_interface__rosidl_typesupport_introspection_c__pyext[0m
[3.038s] [35m[1mConsolidate compiler generated dependencies of target custom_interface__rosidl_typesupport_fastrtps_c__pyext[0m
[3.040s] [35m[1mConsolidate compiler generated dependencies of target custom_interface__rosidl_typesupport_c__pyext[0m
[3.057s] [ 83%] [32mBuilding C object CMakeFiles/custom_interface__rosidl_typesupport_fastrtps_c__pyext.dir/rosidl_generator_py/custom_interface/_custom_interface_s.ep.rosidl_typesupport_fastrtps_c.c.o[0m
[3.058s] [ 87%] [32mBuilding C object CMakeFiles/custom_interface__rosidl_typesupport_c__pyext.dir/rosidl_generator_py/custom_interface/_custom_interface_s.ep.rosidl_typesupport_c.c.o[0m
[3.058s] [ 90%] [32mBuilding C object CMakeFiles/custom_interface__rosidl_typesupport_introspection_c__pyext.dir/rosidl_generator_py/custom_interface/_custom_interface_s.ep.rosidl_typesupport_introspection_c.c.o[0m
[3.201s] [ 93%] [32m[1mLinking C shared library rosidl_generator_py/custom_interface/custom_interface_s__rosidl_typesupport_introspection_c.cpython-310-x86_64-linux-gnu.so[0m
[3.203s] [ 96%] [32m[1mLinking C shared library rosidl_generator_py/custom_interface/custom_interface_s__rosidl_typesupport_c.cpython-310-x86_64-linux-gnu.so[0m
[3.203s] [100%] [32m[1mLinking C shared library rosidl_generator_py/custom_interface/custom_interface_s__rosidl_typesupport_fastrtps_c.cpython-310-x86_64-linux-gnu.so[0m
[3.263s] [100%] Built target custom_interface__rosidl_typesupport_c__pyext
[3.264s] [100%] Built target custom_interface__rosidl_typesupport_fastrtps_c__pyext
[3.265s] [100%] Built target custom_interface__rosidl_typesupport_introspection_c__pyext
[3.281s] Invoked command in '/home/sanjay/ros2_task/build/custom_interface' returned '0': CMAKE_PREFIX_PATH=/opt/ros/humble /usr/bin/cmake --build /home/sanjay/ros2_task/build/custom_interface -- -j12 -l12
[3.284s] Invoking command in '/home/sanjay/ros2_task/build/custom_interface': CMAKE_PREFIX_PATH=/opt/ros/humble /usr/bin/cmake --install /home/sanjay/ros2_task/build/custom_interface
[3.294s] -- Install configuration: ""
[3.294s] -- Up-to-date: /home/sanjay/ros2_task/install/custom_interface/share/ament_index/resource_index/rosidl_interfaces/custom_interface
[3.294s] -- Up-to-date: /home/sanjay/ros2_task/install/custom_interface/include/custom_interface/custom_interface
[3.295s] -- Up-to-date: /home/sanjay/ros2_task/install/custom_interface/include/custom_interface/custom_interface/srv
[3.295s] -- Up-to-date: /home/sanjay/ros2_task/install/custom_interface/include/custom_interface/custom_interface/srv/detail
[3.295s] -- Up-to-date: /home/sanjay/ros2_task/install/custom_interface/include/custom_interface/custom_interface/srv/detail/drawpoly__struct.h
[3.295s] -- Up-to-date: /home/sanjay/ros2_task/install/custom_interface/include/custom_interface/custom_interface/srv/detail/drawpoly__functions.c
[3.295s] -- Up-to-date: /home/sanjay/ros2_task/install/custom_interface/include/custom_interface/custom_interface/srv/detail/drawpoly__functions.h
[3.295s] -- Up-to-date: /home/sanjay/ros2_task/install/custom_interface/include/custom_interface/custom_interface/srv/detail/drawpoly__type_support.h
[3.295s] -- Up-to-date: /home/sanjay/ros2_task/install/custom_interface/include/custom_interface/custom_interface/srv/drawpoly.h
[3.295s] -- Up-to-date: /home/sanjay/ros2_task/install/custom_interface/include/custom_interface/custom_interface/msg
[3.296s] -- Up-to-date: /home/sanjay/ros2_task/install/custom_interface/include/custom_interface/custom_interface/msg/rosidl_generator_c__visibility_control.h
[3.296s] -- Up-to-date: /home/sanjay/ros2_task/install/custom_interface/share/custom_interface/environment/library_path.sh
[3.296s] -- Installing: /home/sanjay/ros2_task/install/custom_interface/share/custom_interface/environment/library_path.dsv
[3.296s] -- Installing: /home/sanjay/ros2_task/install/custom_interface/lib/libcustom_interface__rosidl_generator_c.so
[3.296s] -- Set runtime path of "/home/sanjay/ros2_task/install/custom_interface/lib/libcustom_interface__rosidl_generator_c.so" to ""
[3.296s] -- Up-to-date: /home/sanjay/ros2_task/install/custom_interface/include/custom_interface/custom_interface
[3.296s] -- Up-to-date: /home/sanjay/ros2_task/install/custom_interface/include/custom_interface/custom_interface/srv
[3.296s] -- Up-to-date: /home/sanjay/ros2_task/install/custom_interface/include/custom_interface/custom_interface/srv/detail
[3.297s] -- Up-to-date: /home/sanjay/ros2_task/install/custom_interface/include/custom_interface/custom_interface/srv/detail/drawpoly__rosidl_typesupport_fastrtps_c.h
[3.297s] -- Up-to-date: /home/sanjay/ros2_task/install/custom_interface/include/custom_interface/custom_interface/msg
[3.297s] -- Up-to-date: /home/sanjay/ros2_task/install/custom_interface/include/custom_interface/custom_interface/msg/rosidl_typesupport_fastrtps_c__visibility_control.h
[3.297s] -- Installing: /home/sanjay/ros2_task/install/custom_interface/lib/libcustom_interface__rosidl_typesupport_fastrtps_c.so
[3.297s] -- Set runtime path of "/home/sanjay/ros2_task/install/custom_interface/lib/libcustom_interface__rosidl_typesupport_fastrtps_c.so" to ""
[3.297s] -- Up-to-date: /home/sanjay/ros2_task/install/custom_interface/include/custom_interface/custom_interface
[3.297s] -- Up-to-date: /home/sanjay/ros2_task/install/custom_interface/include/custom_interface/custom_interface/srv
[3.297s] -- Up-to-date: /home/sanjay/ros2_task/install/custom_interface/include/custom_interface/custom_interface/srv/detail
[3.297s] -- Up-to-date: /home/sanjay/ros2_task/install/custom_interface/include/custom_interface/custom_interface/srv/detail/drawpoly__rosidl_typesupport_introspection_c.h
[3.298s] -- Up-to-date: /home/sanjay/ros2_task/install/custom_interface/include/custom_interface/custom_interface/srv/detail/drawpoly__type_support.c
[3.298s] -- Up-to-date: /home/sanjay/ros2_task/install/custom_interface/include/custom_interface/custom_interface/msg
[3.298s] -- Up-to-date: /home/sanjay/ros2_task/install/custom_interface/include/custom_interface/custom_interface/msg/rosidl_typesupport_introspection_c__visibility_control.h
[3.298s] -- Installing: /home/sanjay/ros2_task/install/custom_interface/lib/libcustom_interface__rosidl_typesupport_introspection_c.so
[3.298s] -- Set runtime path of "/home/sanjay/ros2_task/install/custom_interface/lib/libcustom_interface__rosidl_typesupport_introspection_c.so" to ""
[3.298s] -- Installing: /home/sanjay/ros2_task/install/custom_interface/lib/libcustom_interface__rosidl_typesupport_c.so
[3.298s] -- Set runtime path of "/home/sanjay/ros2_task/install/custom_interface/lib/libcustom_interface__rosidl_typesupport_c.so" to ""
[3.298s] -- Up-to-date: /home/sanjay/ros2_task/install/custom_interface/include/custom_interface/custom_interface
[3.299s] -- Up-to-date: /home/sanjay/ros2_task/install/custom_interface/include/custom_interface/custom_interface/srv
[3.299s] -- Up-to-date: /home/sanjay/ros2_task/install/custom_interface/include/custom_interface/custom_interface/srv/drawpoly.hpp
[3.299s] -- Up-to-date: /home/sanjay/ros2_task/install/custom_interface/include/custom_interface/custom_interface/srv/detail
[3.299s] -- Up-to-date: /home/sanjay/ros2_task/install/custom_interface/include/custom_interface/custom_interface/srv/detail/drawpoly__traits.hpp
[3.299s] -- Up-to-date: /home/sanjay/ros2_task/install/custom_interface/include/custom_interface/custom_interface/srv/detail/drawpoly__struct.hpp
[3.299s] -- Up-to-date: /home/sanjay/ros2_task/install/custom_interface/include/custom_interface/custom_interface/srv/detail/drawpoly__builder.hpp
[3.299s] -- Up-to-date: /home/sanjay/ros2_task/install/custom_interface/include/custom_interface/custom_interface/srv/detail/drawpoly__type_support.hpp
[3.300s] -- Up-to-date: /home/sanjay/ros2_task/install/custom_interface/include/custom_interface/custom_interface/msg
[3.300s] -- Up-to-date: /home/sanjay/ros2_task/install/custom_interface/include/custom_interface/custom_interface/msg/rosidl_generator_cpp__visibility_control.hpp
[3.300s] -- Up-to-date: /home/sanjay/ros2_task/install/custom_interface/include/custom_interface/custom_interface
[3.300s] -- Up-to-date: /home/sanjay/ros2_task/install/custom_interface/include/custom_interface/custom_interface/srv
[3.300s] -- Up-to-date: /home/sanjay/ros2_task/install/custom_interface/include/custom_interface/custom_interface/srv/detail
[3.300s] -- Up-to-date: /home/sanjay/ros2_task/install/custom_interface/include/custom_interface/custom_interface/srv/detail/dds_fastrtps
[3.300s] -- Up-to-date: /home/sanjay/ros2_task/install/custom_interface/include/custom_interface/custom_interface/srv/detail/drawpoly__rosidl_typesupport_fastrtps_cpp.hpp
[3.300s] -- Up-to-date: /home/sanjay/ros2_task/install/custom_interface/include/custom_interface/custom_interface/msg
[3.301s] -- Up-to-date: /home/sanjay/ros2_task/install/custom_interface/include/custom_interface/custom_interface/msg/rosidl_typesupport_fastrtps_cpp__visibility_control.h
[3.301s] -- Installing: /home/sanjay/ros2_task/install/custom_interface/lib/libcustom_interface__rosidl_typesupport_fastrtps_cpp.so
[3.301s] -- Set runtime path of "/home/sanjay/ros2_task/install/custom_interface/lib/libcustom_interface__rosidl_typesupport_fastrtps_cpp.so" to ""
[3.301s] -- Up-to-date: /home/sanjay/ros2_task/install/custom_interface/include/custom_interface/custom_interface
[3.301s] -- Up-to-date: /home/sanjay/ros2_task/install/custom_interface/include/custom_interface/custom_interface/srv
[3.301s] -- Up-to-date: /home/sanjay/ros2_task/install/custom_interface/include/custom_interface/custom_interface/srv/detail
[3.301s] -- Up-to-date: /home/sanjay/ros2_task/install/custom_interface/include/custom_interface/custom_interface/srv/detail/drawpoly__type_support.cpp
[3.301s] -- Up-to-date: /home/sanjay/ros2_task/install/custom_interface/include/custom_interface/custom_interface/srv/detail/drawpoly__rosidl_typesupport_introspection_cpp.hpp
[3.301s] -- Installing: /home/sanjay/ros2_task/install/custom_interface/lib/libcustom_interface__rosidl_typesupport_introspection_cpp.so
[3.301s] -- Set runtime path of "/home/sanjay/ros2_task/install/custom_interface/lib/libcustom_interface__rosidl_typesupport_introspection_cpp.so" to ""
[3.301s] -- Installing: /home/sanjay/ros2_task/install/custom_interface/lib/libcustom_interface__rosidl_typesupport_cpp.so
[3.301s] -- Set runtime path of "/home/sanjay/ros2_task/install/custom_interface/lib/libcustom_interface__rosidl_typesupport_cpp.so" to ""
[3.301s] -- Up-to-date: /home/sanjay/ros2_task/install/custom_interface/share/custom_interface/environment/pythonpath.sh
[3.301s] -- Installing: /home/sanjay/ros2_task/install/custom_interface/share/custom_interface/environment/pythonpath.dsv
[3.301s] -- Up-to-date: /home/sanjay/ros2_task/install/custom_interface/local/lib/python3.10/dist-packages/custom_interface-0.0.0-py3.10.egg-info
[3.301s] -- Installing: /home/sanjay/ros2_task/install/custom_interface/local/lib/python3.10/dist-packages/custom_interface-0.0.0-py3.10.egg-info/SOURCES.txt
[3.302s] -- Installing: /home/sanjay/ros2_task/install/custom_interface/local/lib/python3.10/dist-packages/custom_interface-0.0.0-py3.10.egg-info/dependency_links.txt
[3.302s] -- Installing: /home/sanjay/ros2_task/install/custom_interface/local/lib/python3.10/dist-packages/custom_interface-0.0.0-py3.10.egg-info/PKG-INFO
[3.302s] -- Installing: /home/sanjay/ros2_task/install/custom_interface/local/lib/python3.10/dist-packages/custom_interface-0.0.0-py3.10.egg-info/top_level.txt
[3.302s] -- Up-to-date: /home/sanjay/ros2_task/install/custom_interface/local/lib/python3.10/dist-packages/custom_interface
[3.302s] -- Installing: /home/sanjay/ros2_task/install/custom_interface/local/lib/python3.10/dist-packages/custom_interface/custom_interface_s__rosidl_typesupport_introspection_c.cpython-310-x86_64-linux-gnu.so
[3.302s] -- Up-to-date: /home/sanjay/ros2_task/install/custom_interface/local/lib/python3.10/dist-packages/custom_interface/_custom_interface_s.ep.rosidl_typesupport_fastrtps_c.c
[3.302s] -- Up-to-date: /home/sanjay/ros2_task/install/custom_interface/local/lib/python3.10/dist-packages/custom_interface/srv
[3.302s] -- Up-to-date: /home/sanjay/ros2_task/install/custom_interface/local/lib/python3.10/dist-packages/custom_interface/srv/_drawpoly.py
[3.302s] -- Up-to-date: /home/sanjay/ros2_task/install/custom_interface/local/lib/python3.10/dist-packages/custom_interface/srv/_drawpoly_s.c
[3.302s] -- Up-to-date: /home/sanjay/ros2_task/install/custom_interface/local/lib/python3.10/dist-packages/custom_interface/srv/__init__.py
[3.302s] -- Installing: /home/sanjay/ros2_task/install/custom_interface/local/lib/python3.10/dist-packages/custom_interface/custom_interface_s__rosidl_typesupport_c.cpython-310-x86_64-linux-gnu.so
[3.302s] -- Up-to-date: /home/sanjay/ros2_task/install/custom_interface/local/lib/python3.10/dist-packages/custom_interface/_custom_interface_s.ep.rosidl_typesupport_c.c
[3.302s] -- Installing: /home/sanjay/ros2_task/install/custom_interface/local/lib/python3.10/dist-packages/custom_interface/custom_interface_s__rosidl_typesupport_fastrtps_c.cpython-310-x86_64-linux-gnu.so
[3.302s] -- Up-to-date: /home/sanjay/ros2_task/install/custom_interface/local/lib/python3.10/dist-packages/custom_interface/_custom_interface_s.ep.rosidl_typesupport_introspection_c.c
[3.302s] -- Installing: /home/sanjay/ros2_task/install/custom_interface/local/lib/python3.10/dist-packages/custom_interface/libcustom_interface__rosidl_generator_py.so
[3.302s] -- Installing: /home/sanjay/ros2_task/install/custom_interface/local/lib/python3.10/dist-packages/custom_interface/__init__.py
[3.340s] Listing '/home/sanjay/ros2_task/install/custom_interface/local/lib/python3.10/dist-packages/custom_interface'...
[3.340s] Compiling '/home/sanjay/ros2_task/install/custom_interface/local/lib/python3.10/dist-packages/custom_interface/__init__.py'...
[3.340s] Listing '/home/sanjay/ros2_task/install/custom_interface/local/lib/python3.10/dist-packages/custom_interface/srv'...
[3.346s] -- Installing: /home/sanjay/ros2_task/install/custom_interface/local/lib/python3.10/dist-packages/custom_interface/custom_interface_s__rosidl_typesupport_fastrtps_c.cpython-310-x86_64-linux-gnu.so
[3.347s] -- Set runtime path of "/home/sanjay/ros2_task/install/custom_interface/local/lib/python3.10/dist-packages/custom_interface/custom_interface_s__rosidl_typesupport_fastrtps_c.cpython-310-x86_64-linux-gnu.so" to ""
[3.347s] -- Installing: /home/sanjay/ros2_task/install/custom_interface/local/lib/python3.10/dist-packages/custom_interface/custom_interface_s__rosidl_typesupport_introspection_c.cpython-310-x86_64-linux-gnu.so
[3.347s] -- Set runtime path of "/home/sanjay/ros2_task/install/custom_interface/local/lib/python3.10/dist-packages/custom_interface/custom_interface_s__rosidl_typesupport_introspection_c.cpython-310-x86_64-linux-gnu.so" to ""
[3.347s] -- Installing: /home/sanjay/ros2_task/install/custom_interface/local/lib/python3.10/dist-packages/custom_interface/custom_interface_s__rosidl_typesupport_c.cpython-310-x86_64-linux-gnu.so
[3.347s] -- Set runtime path of "/home/sanjay/ros2_task/install/custom_interface/local/lib/python3.10/dist-packages/custom_interface/custom_interface_s__rosidl_typesupport_c.cpython-310-x86_64-linux-gnu.so" to ""
[3.347s] -- Installing: /home/sanjay/ros2_task/install/custom_interface/lib/libcustom_interface__rosidl_generator_py.so
[3.348s] -- Set runtime path of "/home/sanjay/ros2_task/install/custom_interface/lib/libcustom_interface__rosidl_generator_py.so" to ""
[3.348s] -- Up-to-date: /home/sanjay/ros2_task/install/custom_interface/share/custom_interface/srv/Drawpoly.idl
[3.348s] -- Up-to-date: /home/sanjay/ros2_task/install/custom_interface/share/custom_interface/srv/Drawpoly.srv
[3.348s] -- Up-to-date: /home/sanjay/ros2_task/install/custom_interface/share/custom_interface/srv/Drawpoly_Request.msg
[3.348s] -- Up-to-date: /home/sanjay/ros2_task/install/custom_interface/share/custom_interface/srv/Drawpoly_Response.msg
[3.348s] -- Installing: /home/sanjay/ros2_task/install/custom_interface/share/ament_index/resource_index/package_run_dependencies/custom_interface
[3.348s] -- Installing: /home/sanjay/ros2_task/install/custom_interface/share/ament_index/resource_index/parent_prefix_path/custom_interface
[3.348s] -- Up-to-date: /home/sanjay/ros2_task/install/custom_interface/share/custom_interface/environment/ament_prefix_path.sh
[3.348s] -- Installing: /home/sanjay/ros2_task/install/custom_interface/share/custom_interface/environment/ament_prefix_path.dsv
[3.348s] -- Up-to-date: /home/sanjay/ros2_task/install/custom_interface/share/custom_interface/environment/path.sh
[3.348s] -- Installing: /home/sanjay/ros2_task/install/custom_interface/share/custom_interface/environment/path.dsv
[3.348s] -- Up-to-date: /home/sanjay/ros2_task/install/custom_interface/share/custom_interface/local_setup.bash
[3.348s] -- Up-to-date: /home/sanjay/ros2_task/install/custom_interface/share/custom_interface/local_setup.sh
[3.348s] -- Up-to-date: /home/sanjay/ros2_task/install/custom_interface/share/custom_interface/local_setup.zsh
[3.348s] -- Installing: /home/sanjay/ros2_task/install/custom_interface/share/custom_interface/local_setup.dsv
[3.348s] -- Installing: /home/sanjay/ros2_task/install/custom_interface/share/custom_interface/package.dsv
[3.349s] -- Up-to-date: /home/sanjay/ros2_task/install/custom_interface/share/ament_index/resource_index/packages/custom_interface
[3.349s] -- Old export file "/home/sanjay/ros2_task/install/custom_interface/share/custom_interface/cmake/export_custom_interface__rosidl_generator_cExport.cmake" will be replaced.  Removing files [/home/sanjay/ros2_task/install/custom_interface/share/custom_interface/cmake/export_custom_interface__rosidl_generator_cExport-noconfig.cmake].
[3.349s] -- Installing: /home/sanjay/ros2_task/install/custom_interface/share/custom_interface/cmake/export_custom_interface__rosidl_generator_cExport.cmake
[3.349s] -- Installing: /home/sanjay/ros2_task/install/custom_interface/share/custom_interface/cmake/export_custom_interface__rosidl_generator_cExport-noconfig.cmake
[3.349s] -- Old export file "/home/sanjay/ros2_task/install/custom_interface/share/custom_interface/cmake/export_custom_interface__rosidl_typesupport_fastrtps_cExport.cmake" will be replaced.  Removing files [/home/sanjay/ros2_task/install/custom_interface/share/custom_interface/cmake/export_custom_interface__rosidl_typesupport_fastrtps_cExport-noconfig.cmake].
[3.349s] -- Installing: /home/sanjay/ros2_task/install/custom_interface/share/custom_interface/cmake/export_custom_interface__rosidl_typesupport_fastrtps_cExport.cmake
[3.349s] -- Installing: /home/sanjay/ros2_task/install/custom_interface/share/custom_interface/cmake/export_custom_interface__rosidl_typesupport_fastrtps_cExport-noconfig.cmake
[3.349s] -- Old export file "/home/sanjay/ros2_task/install/custom_interface/share/custom_interface/cmake/custom_interface__rosidl_typesupport_introspection_cExport.cmake" will be replaced.  Removing files [/home/sanjay/ros2_task/install/custom_interface/share/custom_interface/cmake/custom_interface__rosidl_typesupport_introspection_cExport-noconfig.cmake].
[3.349s] -- Installing: /home/sanjay/ros2_task/install/custom_interface/share/custom_interface/cmake/custom_interface__rosidl_typesupport_introspection_cExport.cmake
[3.349s] -- Installing: /home/sanjay/ros2_task/install/custom_interface/share/custom_interface/cmake/custom_interface__rosidl_typesupport_introspection_cExport-noconfig.cmake
[3.349s] -- Old export file "/home/sanjay/ros2_task/install/custom_interface/share/custom_interface/cmake/custom_interface__rosidl_typesupport_cExport.cmake" will be replaced.  Removing files [/home/sanjay/ros2_task/install/custom_interface/share/custom_interface/cmake/custom_interface__rosidl_typesupport_cExport-noconfig.cmake].
[3.349s] -- Installing: /home/sanjay/ros2_task/install/custom_interface/share/custom_interface/cmake/custom_interface__rosidl_typesupport_cExport.cmake
[3.350s] -- Installing: /home/sanjay/ros2_task/install/custom_interface/share/custom_interface/cmake/custom_interface__rosidl_typesupport_cExport-noconfig.cmake
[3.350s] -- Installing: /home/sanjay/ros2_task/install/custom_interface/share/custom_interface/cmake/export_custom_interface__rosidl_generator_cppExport.cmake
[3.350s] -- Old export file "/home/sanjay/ros2_task/install/custom_interface/share/custom_interface/cmake/export_custom_interface__rosidl_typesupport_fastrtps_cppExport.cmake" will be replaced.  Removing files [/home/sanjay/ros2_task/install/custom_interface/share/custom_interface/cmake/export_custom_interface__rosidl_typesupport_fastrtps_cppExport-noconfig.cmake].
[3.350s] -- Installing: /home/sanjay/ros2_task/install/custom_interface/share/custom_interface/cmake/export_custom_interface__rosidl_typesupport_fastrtps_cppExport.cmake
[3.350s] -- Installing: /home/sanjay/ros2_task/install/custom_interface/share/custom_interface/cmake/export_custom_interface__rosidl_typesupport_fastrtps_cppExport-noconfig.cmake
[3.350s] -- Old export file "/home/sanjay/ros2_task/install/custom_interface/share/custom_interface/cmake/custom_interface__rosidl_typesupport_introspection_cppExport.cmake" will be replaced.  Removing files [/home/sanjay/ros2_task/install/custom_interface/share/custom_interface/cmake/custom_interface__rosidl_typesupport_introspection_cppExport-noconfig.cmake].
[3.350s] -- Installing: /home/sanjay/ros2_task/install/custom_interface/share/custom_interface/cmake/custom_interface__rosidl_typesupport_introspection_cppExport.cmake
[3.350s] -- Installing: /home/sanjay/ros2_task/install/custom_interface/share/custom_interface/cmake/custom_interface__rosidl_typesupport_introspection_cppExport-noconfig.cmake
[3.351s] -- Old export file "/home/sanjay/ros2_task/install/custom_interface/share/custom_interface/cmake/custom_interface__rosidl_typesupport_cppExport.cmake" will be replaced.  Removing files [/home/sanjay/ros2_task/install/custom_interface/share/custom_interface/cmake/custom_interface__rosidl_typesupport_cppExport-noconfig.cmake].
[3.351s] -- Installing: /home/sanjay/ros2_task/install/custom_interface/share/custom_interface/cmake/custom_interface__rosidl_typesupport_cppExport.cmake
[3.351s] -- Installing: /home/sanjay/ros2_task/install/custom_interface/share/custom_interface/cmake/custom_interface__rosidl_typesupport_cppExport-noconfig.cmake
[3.351s] -- Old export file "/home/sanjay/ros2_task/install/custom_interface/share/custom_interface/cmake/export_custom_interface__rosidl_generator_pyExport.cmake" will be replaced.  Removing files [/home/sanjay/ros2_task/install/custom_interface/share/custom_interface/cmake/export_custom_interface__rosidl_generator_pyExport-noconfig.cmake].
[3.351s] -- Installing: /home/sanjay/ros2_task/install/custom_interface/share/custom_interface/cmake/export_custom_interface__rosidl_generator_pyExport.cmake
[3.351s] -- Installing: /home/sanjay/ros2_task/install/custom_interface/share/custom_interface/cmake/export_custom_interface__rosidl_generator_pyExport-noconfig.cmake
[3.351s] -- Up-to-date: /home/sanjay/ros2_task/install/custom_interface/share/custom_interface/cmake/rosidl_cmake-extras.cmake
[3.351s] -- Installing: /home/sanjay/ros2_task/install/custom_interface/share/custom_interface/cmake/ament_cmake_export_dependencies-extras.cmake
[3.351s] -- Up-to-date: /home/sanjay/ros2_task/install/custom_interface/share/custom_interface/cmake/ament_cmake_export_include_directories-extras.cmake
[3.351s] -- Up-to-date: /home/sanjay/ros2_task/install/custom_interface/share/custom_interface/cmake/ament_cmake_export_libraries-extras.cmake
[3.351s] -- Up-to-date: /home/sanjay/ros2_task/install/custom_interface/share/custom_interface/cmake/ament_cmake_export_targets-extras.cmake
[3.352s] -- Up-to-date: /home/sanjay/ros2_task/install/custom_interface/share/custom_interface/cmake/rosidl_cmake_export_typesupport_targets-extras.cmake
[3.352s] -- Up-to-date: /home/sanjay/ros2_task/install/custom_interface/share/custom_interface/cmake/rosidl_cmake_export_typesupport_libraries-extras.cmake
[3.352s] -- Installing: /home/sanjay/ros2_task/install/custom_interface/share/custom_interface/cmake/custom_interfaceConfig.cmake
[3.352s] -- Up-to-date: /home/sanjay/ros2_task/install/custom_interface/share/custom_interface/cmake/custom_interfaceConfig-version.cmake
[3.352s] -- Installing: /home/sanjay/ros2_task/install/custom_interface/share/custom_interface/package.xml
[3.354s] Invoked command in '/home/sanjay/ros2_task/build/custom_interface' returned '0': CMAKE_PREFIX_PATH=/opt/ros/humble /usr/bin/cmake --install /home/sanjay/ros2_task/build/custom_interface
