[0.553s] Invoking command in '/home/sanjay/ros2_task/src/draw_poly': PYTHONPATH=/home/sanjay/ros2_task/build/draw_poly/prefix_override:/usr/lib/python3/dist-packages/colcon_core/task/python/colcon_distutils_commands:/home/sanjay/ros2_task/install/draw_poly/lib/python3.10/site-packages:${PYTHONPATH} /usr/bin/python3 -W ignore:setup.py install is deprecated -W ignore:easy_install command is deprecated setup.py egg_info --egg-base ../../build/draw_poly build --build-base /home/sanjay/ros2_task/build/draw_poly/build install --record /home/sanjay/ros2_task/build/draw_poly/install.log --single-version-externally-managed install_data
[0.696s] running egg_info
[0.697s] writing ../../build/draw_poly/draw_poly.egg-info/PKG-INFO
[0.697s] writing dependency_links to ../../build/draw_poly/draw_poly.egg-info/dependency_links.txt
[0.697s] writing entry points to ../../build/draw_poly/draw_poly.egg-info/entry_points.txt
[0.697s] writing requirements to ../../build/draw_poly/draw_poly.egg-info/requires.txt
[0.697s] writing top-level names to ../../build/draw_poly/draw_poly.egg-info/top_level.txt
[0.698s] reading manifest file '../../build/draw_poly/draw_poly.egg-info/SOURCES.txt'
[0.699s] writing manifest file '../../build/draw_poly/draw_poly.egg-info/SOURCES.txt'
[0.699s] running build
[0.699s] running build_py
[0.699s] running install
[0.699s] running install_lib
[0.700s] running install_data
[0.700s] running install_egg_info
[0.701s] removing '/home/sanjay/ros2_task/install/draw_poly/lib/python3.10/site-packages/draw_poly-0.0.0-py3.10.egg-info' (and everything under it)
[0.701s] Copying ../../build/draw_poly/draw_poly.egg-info to /home/sanjay/ros2_task/install/draw_poly/lib/python3.10/site-packages/draw_poly-0.0.0-py3.10.egg-info
[0.702s] running install_scripts
[0.718s] Installing drawpoly_client script to /home/sanjay/ros2_task/install/draw_poly/lib/draw_poly
[0.718s] Installing drawpoly_service script to /home/sanjay/ros2_task/install/draw_poly/lib/draw_poly
[0.718s] writing list of installed files to '/home/sanjay/ros2_task/build/draw_poly/install.log'
[0.739s] Invoked command in '/home/sanjay/ros2_task/src/draw_poly' returned '0': PYTHONPATH=/home/sanjay/ros2_task/build/draw_poly/prefix_override:/usr/lib/python3/dist-packages/colcon_core/task/python/colcon_distutils_commands:/home/sanjay/ros2_task/install/draw_poly/lib/python3.10/site-packages:${PYTHONPATH} /usr/bin/python3 -W ignore:setup.py install is deprecated -W ignore:easy_install command is deprecated setup.py egg_info --egg-base ../../build/draw_poly build --build-base /home/sanjay/ros2_task/build/draw_poly/build install --record /home/sanjay/ros2_task/build/draw_poly/install.log --single-version-externally-managed install_data
