[0.018s] Invoking command in '/home/sanjay/ros2_task/build/cpp_pubsub': CMAKE_PREFIX_PATH=/opt/ros/humble /usr/bin/cmake --build /home/sanjay/ros2_task/build/cpp_pubsub -- -j12 -l12
[0.472s] [ 50%] Built target talker
[0.472s] [ 50%] Built target listener
[0.472s] [ 75%] Built target chat_node_b
[0.472s] [100%] Built target chat_node_a
[0.473s] Invoked command in '/home/sanjay/ros2_task/build/cpp_pubsub' returned '0': CMAKE_PREFIX_PATH=/opt/ros/humble /usr/bin/cmake --build /home/sanjay/ros2_task/build/cpp_pubsub -- -j12 -l12
[0.482s] Invoking command in '/home/sanjay/ros2_task/build/cpp_pubsub': CMAKE_PREFIX_PATH=/opt/ros/humble /usr/bin/cmake --install /home/sanjay/ros2_task/build/cpp_pubsub
[0.500s] -- Install configuration: ""
[0.500s] -- Up-to-date: /home/sanjay/ros2_task/install/cpp_pubsub/lib/cpp_pubsub/talker
[0.500s] -- Up-to-date: /home/sanjay/ros2_task/install/cpp_pubsub/lib/cpp_pubsub/chat_node_a
[0.500s] -- Up-to-date: /home/sanjay/ros2_task/install/cpp_pubsub/lib/cpp_pubsub/chat_node_b
[0.500s] -- Up-to-date: /home/sanjay/ros2_task/install/cpp_pubsub/lib/cpp_pubsub/talker
[0.500s] -- Up-to-date: /home/sanjay/ros2_task/install/cpp_pubsub/lib/cpp_pubsub/listener
[0.500s] -- Up-to-date: /home/sanjay/ros2_task/install/cpp_pubsub/share/ament_index/resource_index/package_run_dependencies/cpp_pubsub
[0.500s] -- Up-to-date: /home/sanjay/ros2_task/install/cpp_pubsub/share/ament_index/resource_index/parent_prefix_path/cpp_pubsub
[0.500s] -- Up-to-date: /home/sanjay/ros2_task/install/cpp_pubsub/share/cpp_pubsub/environment/ament_prefix_path.sh
[0.500s] -- Up-to-date: /home/sanjay/ros2_task/install/cpp_pubsub/share/cpp_pubsub/environment/ament_prefix_path.dsv
[0.500s] -- Up-to-date: /home/sanjay/ros2_task/install/cpp_pubsub/share/cpp_pubsub/environment/path.sh
[0.500s] -- Up-to-date: /home/sanjay/ros2_task/install/cpp_pubsub/share/cpp_pubsub/environment/path.dsv
[0.500s] -- Up-to-date: /home/sanjay/ros2_task/install/cpp_pubsub/share/cpp_pubsub/local_setup.bash
[0.500s] -- Up-to-date: /home/sanjay/ros2_task/install/cpp_pubsub/share/cpp_pubsub/local_setup.sh
[0.500s] -- Up-to-date: /home/sanjay/ros2_task/install/cpp_pubsub/share/cpp_pubsub/local_setup.zsh
[0.500s] -- Up-to-date: /home/sanjay/ros2_task/install/cpp_pubsub/share/cpp_pubsub/local_setup.dsv
[0.500s] -- Up-to-date: /home/sanjay/ros2_task/install/cpp_pubsub/share/cpp_pubsub/package.dsv
[0.500s] -- Up-to-date: /home/sanjay/ros2_task/install/cpp_pubsub/share/ament_index/resource_index/packages/cpp_pubsub
[0.500s] -- Up-to-date: /home/sanjay/ros2_task/install/cpp_pubsub/share/cpp_pubsub/cmake/cpp_pubsubConfig.cmake
[0.500s] -- Up-to-date: /home/sanjay/ros2_task/install/cpp_pubsub/share/cpp_pubsub/cmake/cpp_pubsubConfig-version.cmake
[0.500s] -- Up-to-date: /home/sanjay/ros2_task/install/cpp_pubsub/share/cpp_pubsub/package.xml
